.11/site-packages/_pytest/unraisableexception.py:100: in pytest_runtest_teardown
    yield from unraisable_exception_runtest_hook()
_ _ _ _ _ _ _ _ _ _ _ _ _ _ _ _ _ _ _ _ _ _ _ _ _ _ _ _ _ _ _ _ _ _ _ _ _ _ _ _ 

    def unraisable_exception_runtest_hook() -> Generator[None]:
        with catch_unraisable_exception() as cm:
            try:
                yield
            finally:
                if cm.unraisable:
                    if cm.unraisable.err_msg is not None:
                        err_msg = cm.unraisable.err_msg
                    else:
                        err_msg = "Exception ignored in"
                    msg = f"{err_msg}: {cm.unraisable.object!r}\n\n"
                    msg += "".join(
                        traceback.format_exception(
                            cm.unraisable.exc_type,
                            cm.unraisable.exc_value,
                            cm.unraisable.exc_traceback,
                        )
                    )
>                   warnings.warn(pytest.PytestUnraisableExceptionWarning(msg))
E                   pytest.PytestUnraisableExceptionWarning: Exception ignored in: <function IteratorWrapper.__del__ at 0x10665ed40>
E                   
E                   Traceback (most recent call last):
E                     File "/Users/akshankrithick/anaconda3/envs/vvenv/lib/python3.11/wsgiref/validate.py", line 295, in __del__
E                       assert_(self.closed,
E                     File "/Users/akshankrithick/anaconda3/envs/vvenv/lib/python3.11/wsgiref/validate.py", line 128, in assert_
E                       raise AssertionError(*args)
E                   AssertionError: Iterator garbage collected without being closed

../../anaconda3/envs/vvenv/lib/python3.11/site-packages/_pytest/unraisableexception.py:85: PytestUnraisableExceptionWarning
!!!!!!!!!!!!!!!!!!!!!!!!!! stopping after 1 failures !!!!!!!!!!!!!!!!!!!!!!!!!!!
========================== 4 passed, 1 error in 0.11s ==========================

/Users/akshankrithick/anaconda3/envs/vvenv/lib/python3.11/site-packages/pytest_asyncio/plugin.py:247: PytestDeprecationWarning: The configuration option "asyncio_default_fixture_loop_scope" is unset.
The event loop scope for asynchronous fixtures will default to the fixture caching scope. Future versions of pytest-asyncio will default the loop scope for asynchronous fixtures to function scope. Set the default fixture loop scope explicitly in order to avoid unexpected behavior in the future. Valid fixture loop scopes are: "function", "class", "module", "package", "session"

  warnings.warn(PytestDeprecationWarning(_DEFAULT_FIXTURE_LOOP_SCOPE_UNSET))
Iterator garbage collected without being closed