============================= test session starts ==============================
platform darwin -- Python 3.11.11, pytest-8.3.5, pluggy-1.5.0
rootdir: /Users/akshankrithick/projects/pydantic-ai
configfile: pyproject.toml
plugins: respx-0.22.0, mock-3.15.1, recording-0.13.4, xdist-3.8.0, timeout-2.4.0, order-1.3.0, anyio-4.8.0, rerunfailures-15.1, inline-snapshot-0.31.1, hypothesis-6.148.2, asyncio-1.3.0, rich-0.2.0, cov-7.0.0
asyncio: mode=Mode.STRICT, debug=False, asyncio_default_fixture_loop_scope=None, asyncio_default_test_loop_scope=function
collected 10 items

tests/test_direct.py .........F

=================================== FAILURES ===================================
______________________________ test_prepare_model ______________________________

    def test_prepare_model():
        with set_instrument_default(False):
            model = _prepare_model('test', None)
            assert isinstance(model, TestModel)
    
>           model = _prepare_model('test', True)

tests/test_direct.py:221: 
_ _ _ _ _ _ _ _ _ _ _ _ _ _ _ _ _ _ _ _ _ _ _ _ _ _ _ _ _ _ _ _ _ _ _ _ _ _ _ _ 

model = 'test', instrument = True

    def _prepare_model(
        model: models.Model | models.KnownModelName | str,
        instrument: instrumented_models.InstrumentationSettings | bool | None,
    ) -> models.Model:
        model_instance = models.infer_model(model)
        if instrument is True:
>           instrument = settings.InstrumentationSettings()
E           AttributeError: module 'pydantic_ai.settings' has no attribute 'InstrumentationSettings'

pydantic_ai_slim/pydantic_ai/direct.py:276: AttributeError
=========================== short test summary info ============================
FAILED tests/test_direct.py::test_prepare_model - AttributeError: module 'pyd...
!!!!!!!!!!!!!!!!!!!!!!!!!! stopping after 1 failures !!!!!!!!!!!!!!!!!!!!!!!!!!!
========================= 1 failed, 9 passed in 0.49s ==========================

/Users/akshankrithick/anaconda3/envs/vvenv/lib/python3.11/site-packages/pytest_asyncio/plugin.py:247: PytestDeprecationWarning: The configuration option "asyncio_default_fixture_loop_scope" is unset.
The event loop scope for asynchronous fixtures will default to the fixture caching scope. Future versions of pytest-asyncio will default the loop scope for asynchronous fixtures to function scope. Set the default fixture loop scope explicitly in order to avoid unexpected behavior in the future. Valid fixture loop scopes are: "function", "class", "module", "package", "session"

  warnings.warn(PytestDeprecationWarning(_DEFAULT_FIXTURE_LOOP_SCOPE_UNSET))