ptions.py F

=================================== FAILURES ===================================
_________________ test_tool_retry_error_str_with_error_details _________________

    def test_tool_retry_error_str_with_error_details():
        """Test that ToolRetryError formats ErrorDetails automatically."""
        validation_error = ValidationError.from_exception_data(
            'Test', [{'type': 'string_type', 'loc': ('name',), 'input': 123}]
        )
        part = RetryPromptPart(content=validation_error.errors(include_url=False), tool_name='my_tool')
>       error = ToolRetryError(part)

tests/test_exceptions.py:83: 
_ _ _ _ _ _ _ _ _ _ _ _ _ _ _ _ _ _ _ _ _ _ _ _ _ _ _ _ _ _ _ _ _ _ _ _ _ _ _ _ 

self = ToolRetryError(RetryPromptPart(content=[{'type': 'string_type', 'loc': ('name',), 'msg': 'Input should be a valid stri...c6304f67912fab936f9504d7', timestamp=datetime.datetime(2026, 2, 12, 19, 23, 11, 165439, tzinfo=datetime.timezone.utc)))
tool_retry = RetryPromptPart(content=[{'type': 'string_type', 'loc': ('name',), 'msg': 'Input should be a valid string', 'input': 1...1c6304f67912fab936f9504d7', timestamp=datetime.datetime(2026, 2, 12, 19, 23, 11, 165439, tzinfo=datetime.timezone.utc))

    def __init__(self, tool_retry: RetryPromptPart):
        self.tool_retry = tool_retry
        message = (
            tool_retry.content
            if isinstance(tool_retry.content, str)
>           else self._format_error_details(tool_retry.content, tool_retry.tool_name, tool_retry)
        )
E       TypeError: ToolRetryError._format_error_details() takes 2 positional arguments but 3 were given

pydantic_ai_slim/pydantic_ai/exceptions.py:206: TypeError
=========================== short test summary info ============================
FAILED tests/test_exceptions.py::test_tool_retry_error_str_with_error_details
!!!!!!!!!!!!!!!!!!!!!!!!!! stopping after 1 failures !!!!!!!!!!!!!!!!!!!!!!!!!!!
============================== 1 failed in 0.35s ===============================

/Users/akshankrithick/anaconda3/envs/vvenv/lib/python3.11/site-packages/pytest_asyncio/plugin.py:247: PytestDeprecationWarning: The configuration option "asyncio_default_fixture_loop_scope" is unset.
The event loop scope for asynchronous fixtures will default to the fixture caching scope. Future versions of pytest-asyncio will default the loop scope for asynchronous fixtures to function scope. Set the default fixture loop scope explicitly in order to avoid unexpected behavior in the future. Valid fixture loop scopes are: "function", "class", "module", "package", "session"

  warnings.warn(PytestDeprecationWarning(_DEFAULT_FIXTURE_LOOP_SCOPE_UNSET))