0,
                        'cache_read_tokens': 0,
                        'output_tokens': 0,
                        'input_audio_tokens': 0,
                        'cache_audio_read_tokens': 0,
                        'output_audio_tokens': 0,
                        'details': {},
                    },
                    'model_name': None,
                    'timestamp': IsStr(),
                    'kind': 'response',
                    'provider_name': None,
                    'provider_url': None,
                    'provider_details': None,
                    'provider_response_id': None,
                    'finish_reason': None,
                    'run_id': None,
                    'metadata': None,
                }
            ]
        )
E       AssertionError: assert [{'finish_rea...': None, ...}] == [{'finish_rea...': None, ...}]
E         
E         At index 0 diff: {'parts': [{'content': {'data': 'ZmFrZQ==', 'media_type': 'image/jpeg', 'vendor_metadata': None, 'kind': 'binary', 'identifier': None}, 'id': None, 'provider_name': None, 'provider_details': None, 'part_kind': 'file'}], 'usage': {'input_tokens': 0, 'cache_write_tokens': 0, 'cache_read_tokens': 0, 'output_tokens': 0, 'input_audio_tokens': 0, 'cache_audio_read_tokens': 0, 'output_audio_tokens': 0, 'details': {}}, 'model_name': None, 'timestamp': '2026-02-13T01:13:56.701824Z', 'kind': 'response', 'provider_name': None, 'provider_url': None, 'provider_detai...
E         
E         ...Full output truncated (2 lines hidden), use '-vv' to show

tests/test_messages.py:512: AssertionError
=========================== short test summary info ============================
FAILED tests/test_messages.py::test_file_part_serialization_roundtrip - Asser...
ERROR tests/test_messages.py::test_file_part_serialization_roundtrip - Failed...
!!!!!!!!!!!!!!!!!!!!!!!!!! stopping after 2 failures !!!!!!!!!!!!!!!!!!!!!!!!!!!
==================== 1 failed, 76 passed, 1 error in 0.81s =====================

/Users/akshankrithick/anaconda3/envs/vvenv/lib/python3.11/site-packages/pytest_asyncio/plugin.py:247: PytestDeprecationWarning: The configuration option "asyncio_default_fixture_loop_scope" is unset.
The event loop scope for asynchronous fixtures will default to the fixture caching scope. Future versions of pytest-asyncio will default the loop scope for asynchronous fixtures to function scope. Set the default fixture loop scope explicitly in order to avoid unexpected behavior in the future. Valid fixture loop scopes are: "function", "class", "module", "package", "session"

  warnings.warn(PytestDeprecationWarning(_DEFAULT_FIXTURE_LOOP_SCOPE_UNSET))