=========================== test session starts ==============================
platform darwin -- Python 3.11.11, pytest-8.3.5, pluggy-1.5.0
rootdir: /Users/akshankrithick/projects/pydantic-ai
configfile: pyproject.toml
plugins: respx-0.22.0, mock-3.15.1, recording-0.13.4, xdist-3.8.0, timeout-2.4.0, order-1.3.0, anyio-4.8.0, rerunfailures-15.1, inline-snapshot-0.31.1, hypothesis-6.148.2, asyncio-1.3.0, rich-0.2.0, cov-7.0.0
asyncio: mode=Mode.STRICT, debug=False, asyncio_default_fixture_loop_scope=None, asyncio_default_test_loop_scope=function
collected 27 items

tests/test_tenacity.py ......F

=================================== FAILURES ===================================
______________ TestAsyncTenacityTransport.test_successful_request ______________

self = <tests.test_tenacity.TestAsyncTenacityTransport object at 0x108fb0750>

    async def test_successful_request(self):
        """Test that successful requests pass through without retry."""
        mock_transport = AsyncMock(spec=httpx.AsyncBaseTransport)
        mock_response = Mock(spec=httpx.Response)
        mock_transport.handle_async_request.return_value = mock_response
    
        config = RetryConfig(stop=stop_after_attempt(3), reraise=True)
        transport = AsyncTenacityTransport(config, mock_transport)
    
        request = httpx.Request('GET', 'https://example.com')
        async with transport:
            result = await transport.handle_async_request(request)
    
>       assert result is mock_response
E       AssertionError: assert <Response [200 OK]> is <Mock name='mock.handle_async_request()' spec='Response' id='4444735504'>

tests/test_tenacity.py:205: AssertionError
=========================== short test summary info ============================
FAILED tests/test_tenacity.py::TestAsyncTenacityTransport::test_successful_request
!!!!!!!!!!!!!!!!!!!!!!!!!! stopping after 1 failures !!!!!!!!!!!!!!!!!!!!!!!!!!!
========================= 1 failed, 6 passed in 0.52s ==========================

/Users/akshankrithick/anaconda3/envs/vvenv/lib/python3.11/site-packages/pytest_asyncio/plugin.py:247: PytestDeprecationWarning: The configuration option "asyncio_default_fixture_loop_scope" is unset.
The event loop scope for asynchronous fixtures will default to the fixture caching scope. Future versions of pytest-asyncio will default the loop scope for asynchronous fixtures to function scope. Set the default fixture loop scope explicitly in order to avoid unexpected behavior in the future. Valid fixture loop scopes are: "function", "class", "module", "package", "session"

  warnings.warn(PytestDeprecationWarning(_DEFAULT_FIXTURE_LOOP_SCOPE_UNSET))