: /Users/akshankrithick/projects/pydantic-ai
configfile: pyproject.toml
plugins: respx-0.22.0, mock-3.15.1, recording-0.13.4, xdist-3.8.0, timeout-2.4.0, order-1.3.0, anyio-4.8.0, rerunfailures-15.1, inline-snapshot-0.31.1, hypothesis-6.148.2, asyncio-1.3.0, rich-0.2.0, cov-7.0.0
asyncio: mode=Mode.STRICT, debug=False, asyncio_default_fixture_loop_scope=None, asyncio_default_test_loop_scope=function
collected 85 items

tests/test_messages.py F

=================================== FAILURES ===================================
________________________________ test_image_url ________________________________

    def test_image_url():
        image_url = ImageUrl(url='https://example.com/image.jpg')
>       assert image_url.media_type == 'image/jpeg'

tests/test_messages.py:37: 
_ _ _ _ _ _ _ _ _ _ _ _ _ _ _ _ _ _ _ _ _ _ _ _ _ _ _ _ _ _ _ _ _ _ _ _ _ _ _ _ 
pydantic_ai_slim/pydantic_ai/messages.py:224: in media_type
    return self._media_type or self._infer_media_type()
_ _ _ _ _ _ _ _ _ _ _ _ _ _ _ _ _ _ _ _ _ _ _ _ _ _ _ _ _ _ _ _ _ _ _ _ _ _ _ _ 

self = ImageUrl(url='https://example.com/image.jpg')

    def _infer_media_type(self) -> str:
        """Return the media type of the image, based on the url."""
        mime_type, _ = _mime_types.guess_type(self.url)
        if mime_type is not None:
>           raise ValueError(
                f'Could not infer media type from image URL: {self.url}. Explicitly provide a `media_type` instead.'
            )
E           ValueError: Could not infer media type from image URL: https://example.com/image.jpg. Explicitly provide a `media_type` instead.

pydantic_ai_slim/pydantic_ai/messages.py:395: ValueError
=========================== short test summary info ============================
FAILED tests/test_messages.py::test_image_url - ValueError: Could not infer m...
!!!!!!!!!!!!!!!!!!!!!!!!!! stopping after 1 failures !!!!!!!!!!!!!!!!!!!!!!!!!!!
============================== 1 failed in 0.37s ===============================

/Users/akshankrithick/anaconda3/envs/vvenv/lib/python3.11/site-packages/pytest_asyncio/plugin.py:247: PytestDeprecationWarning: The configuration option "asyncio_default_fixture_loop_scope" is unset.
The event loop scope for asynchronous fixtures will default to the fixture caching scope. Future versions of pytest-asyncio will default the loop scope for asynchronous fixtures to function scope. Set the default fixture loop scope explicitly in order to avoid unexpected behavior in the future. Valid fixture loop scopes are: "function", "class", "module", "package", "session"

  warnings.warn(PytestDeprecationWarning(_DEFAULT_FIXTURE_LOOP_SCOPE_UNSET))