decompress(data)
E           zlib.error: Error -3 while decompressing data: incorrect header check

httpx/_decoders.py:71: error

The above exception was the direct cause of the following exception:

    def test_deflate():
        """
        Deflate encoding may use either 'zlib' or 'deflate' in the wild.
    
        https://stackoverflow.com/questions/1838699/how-can-i-decompress-a-gzip-stream-with-zlib#answer-22311297
        """
        body = b"test 123"
        compressor = zlib.compressobj(9, zlib.DEFLATED, -zlib.MAX_WBITS)
        compressed_body = compressor.compress(body) + compressor.flush()
    
        headers = [(b"Content-Encoding", b"deflate")]
>       response = httpx.Response(
            200,
            headers=headers,
            content=compressed_body,
        )

tests/test_decoders.py:25: 
_ _ _ _ _ _ _ _ _ _ _ _ _ _ _ _ _ _ _ _ _ _ _ _ _ _ _ _ _ _ _ _ _ _ _ _ _ _ _ _ 
httpx/_models.py:554: in __init__
    self.read()
httpx/_models.py:881: in read
    self._content = b"".join(self.iter_bytes())
httpx/_models.py:898: in iter_bytes
    decoded = decoder.decode(raw_bytes)
_ _ _ _ _ _ _ _ _ _ _ _ _ _ _ _ _ _ _ _ _ _ _ _ _ _ _ _ _ _ _ _ _ _ _ _ _ _ _ _ 

self = <httpx._decoders.DeflateDecoder object at 0x106178ed0>
data = b'+I-.Q042\x06\x00'

    def decode(self, data: bytes) -> bytes:
        was_first_attempt = self.first_attempt
        self.first_attempt = True
        try:
            return self.decompressor.decompress(data)
        except zlib.error as exc:
            if was_first_attempt:
                self.decompressor = zlib.decompressobj(-zlib.MAX_WBITS)
                return self.decode(data)
>           raise DecodingError(str(exc)) from exc
E           httpx.DecodingError: Error -3 while decompressing data: incorrect header check

httpx/_decoders.py:76: DecodingError
!!!!!!!!!!!!!!!!!!!!!!!!!! stopping after 1 failures !!!!!!!!!!!!!!!!!!!!!!!!!!!
============================== 1 failed in 0.20s ===============================

/Users/akshankrithick/anaconda3/envs/vvenv/lib/python3.11/site-packages/pytest_asyncio/plugin.py:247: PytestDeprecationWarning: The configuration option "asyncio_default_fixture_loop_scope" is unset.
The event loop scope for asynchronous fixtures will default to the fixture caching scope. Future versions of pytest-asyncio will default the loop scope for asynchronous fixtures to function scope. Set the default fixture loop scope explicitly in order to avoid unexpected behavior in the future. Valid fixture loop scopes are: "function", "class", "module", "package", "session"

  warnings.warn(PytestDeprecationWarning(_DEFAULT_FIXTURE_LOOP_SCOPE_UNSET))