============================= test session starts ==============================
platform darwin -- Python 3.11.11, pytest-8.3.5, pluggy-1.5.0
rootdir: /Users/akshankrithick/projects/httpx
configfile: pyproject.toml
plugins: respx-0.22.0, mock-3.15.1, recording-0.13.4, xdist-3.8.0, timeout-2.4.0, order-1.3.0, anyio-4.8.0, rerunfailures-15.1, inline-snapshot-0.31.1, hypothesis-6.148.2, asyncio-1.3.0, rich-0.2.0, cov-7.0.0
asyncio: mode=Mode.STRICT, debug=False, asyncio_default_fixture_loop_scope=None, asyncio_default_test_loop_scope=function
collected 40 items

tests/test_decoders.py F

=================================== FAILURES ===================================
_________________________________ test_deflate _________________________________

    def test_deflate():
        """
        Deflate encoding may use either 'zlib' or 'deflate' in the wild.
    
        https://stackoverflow.com/questions/1838699/how-can-i-decompress-a-gzip-stream-with-zlib#answer-22311297
        """
        body = b"test 123"
        compressor = zlib.compressobj(9, zlib.DEFLATED, -zlib.MAX_WBITS)
        compressed_body = compressor.compress(body) + compressor.flush()
    
        headers = [(b"Content-Encoding", b"deflate")]
        response = httpx.Response(
            200,
            headers=headers,
            content=compressed_body,
        ).read()
>       assert response.content == body
E       AttributeError: 'bytes' object has no attribute 'content'

tests/test_decoders.py:30: AttributeError
!!!!!!!!!!!!!!!!!!!!!!!!!! stopping after 1 failures !!!!!!!!!!!!!!!!!!!!!!!!!!!
============================== 1 failed in 0.11s ===============================

/Users/akshankrithick/anaconda3/envs/vvenv/lib/python3.11/site-packages/pytest_asyncio/plugin.py:247: PytestDeprecationWarning: The configuration option "asyncio_default_fixture_loop_scope" is unset.
The event loop scope for asynchronous fixtures will default to the fixture caching scope. Future versions of pytest-asyncio will default the loop scope for asynchronous fixtures to function scope. Set the default fixture loop scope explicitly in order to avoid unexpected behavior in the future. Valid fixture loop scopes are: "function", "class", "module", "package", "session"

  warnings.warn(PytestDeprecationWarning(_DEFAULT_FIXTURE_LOOP_SCOPE_UNSET))