ef here:
>       assert check_object_json_schema(
            {
                '$defs': {
                    'JsonModel': {
                        'properties': {
                            'type': {'title': 'Type', 'type': 'string'},
                            'items': {'anyOf': [{'$ref': '#/$defs/JsonModel'}, {'type': 'null'}]},
                        },
                        'required': ['type', 'items'],
                        'title': 'JsonModel',
                        'type': 'object',
                    }
                },
                '$ref': '#/$defs/JsonModel',
            }
        ) == {
            '$defs': {
                'JsonModel': {
                    'properties': {
                        'items': {'anyOf': [{'$ref': '#/$defs/JsonModel'}, {'type': 'null'}]},
                        'type': {'title': 'Type', 'type': 'string'},
                    },
                    'required': ['type', 'items'],
                    'title': 'JsonModel',
                    'type': 'object',
                }
            },
            '$ref': '#/$defs/JsonModel',
        }
E       AssertionError: assert {'properties'...pe': 'object'} == {'$defs': {'J...fs/JsonModel'}
E         
E         Left contains 4 more items:
E         {'properties': {'items': {'anyOf': [{'$ref': '#/$defs/JsonModel'},
E                                             {'type': 'null'}]},
E                         'type': {'title': 'Type', 'type': 'string'}},
E          'required': ['type', 'items'],
E          'title': 'JsonModel',...
E         
E         ...Full output truncated (11 lines hidden), use '-vv' to show

tests/test_utils.py:85: AssertionError
=========================== short test summary info ============================
FAILED tests/test_utils.py::test_check_object_json_schema - AssertionError: a...
!!!!!!!!!!!!!!!!!!!!!!!!!! stopping after 1 failures !!!!!!!!!!!!!!!!!!!!!!!!!!!
========================= 1 failed, 5 passed in 0.86s ==========================

/Users/akshankrithick/anaconda3/envs/vvenv/lib/python3.11/site-packages/pytest_asyncio/plugin.py:247: PytestDeprecationWarning: The configuration option "asyncio_default_fixture_loop_scope" is unset.
The event loop scope for asynchronous fixtures will default to the fixture caching scope. Future versions of pytest-asyncio will default the loop scope for asynchronous fixtures to function scope. Set the default fixture loop scope explicitly in order to avoid unexpected behavior in the future. Valid fixture loop scopes are: "function", "class", "module", "package", "session"

  warnings.warn(PytestDeprecationWarning(_DEFAULT_FIXTURE_LOOP_SCOPE_UNSET))