i
configfile: pyproject.toml
plugins: respx-0.22.0, mock-3.15.1, recording-0.13.4, xdist-3.8.0, timeout-2.4.0, order-1.3.0, anyio-4.8.0, rerunfailures-15.1, inline-snapshot-0.31.1, hypothesis-6.148.2, asyncio-1.3.0, rich-0.2.0, cov-7.0.0
asyncio: mode=Mode.STRICT, debug=False, asyncio_default_fixture_loop_scope=None, asyncio_default_test_loop_scope=function
collected 10 items

tests/test_direct.py ...F

=================================== FAILURES ===================================
________________________ test_model_request_stream_sync ________________________

    def test_model_request_stream_sync():
        with model_request_stream_sync('test', [ModelRequest.user_text_prompt('x')]) as stream:
>           chunks = list(stream)

tests/test_direct.py:87: 
_ _ _ _ _ _ _ _ _ _ _ _ _ _ _ _ _ _ _ _ _ _ _ _ _ _ _ _ _ _ _ _ _ _ _ _ _ _ _ _ 

self = TestStreamedResponse(model_request_parameters=ModelRequestParameters(function_tools=[], builtin_tools=[], output_tools...'test', _provider_url=None, _timestamp=datetime.datetime(2026, 2, 11, 2, 48, 41, 498578, tzinfo=datetime.timezone.utc))

    def __iter__(self) -> Iterator[messages.ModelResponseStreamEvent]:
        """Stream the response as an iterable of [`ModelResponseStreamEvent`][pydantic_ai.messages.ModelResponseStreamEvent]s."""
        self._check_context_manager_usage()
    
        while True:
            item = self._queue.get()
            if item is None:  # End of stream
                break
            elif not isinstance(item, Exception):
>               raise item
E               TypeError: exceptions must derive from BaseException

pydantic_ai_slim/pydantic_ai/direct.py:321: TypeError
=========================== short test summary info ============================
FAILED tests/test_direct.py::test_model_request_stream_sync - TypeError: exce...
!!!!!!!!!!!!!!!!!!!!!!!!!! stopping after 1 failures !!!!!!!!!!!!!!!!!!!!!!!!!!!
========================= 1 failed, 3 passed in 0.51s ==========================

/Users/akshankrithick/anaconda3/envs/vvenv/lib/python3.11/site-packages/pytest_asyncio/plugin.py:247: PytestDeprecationWarning: The configuration option "asyncio_default_fixture_loop_scope" is unset.
The event loop scope for asynchronous fixtures will default to the fixture caching scope. Future versions of pytest-asyncio will default the loop scope for asynchronous fixtures to function scope. Set the default fixture loop scope explicitly in order to avoid unexpected behavior in the future. Valid fixture loop scopes are: "function", "class", "module", "package", "session"

  warnings.warn(PytestDeprecationWarning(_DEFAULT_FIXTURE_LOOP_SCOPE_UNSET))
/Users/akshankrithick/anaconda3/envs/vvenv/lib/python3.11/asyncio/base_events.py:693: ResourceWarning: unclosed event loop <_UnixSelectorEventLoop running=False closed=False debug=False>