____________________________ test_wsgi ___________________________________

    def test_wsgi():
        transport = httpx.WSGITransport(app=application_factory([b"Hello, World!"]))
        client = httpx.Client(transport=transport)
>       response = client.get("http://www.example.org/")

tests/test_wsgi.py:98: 
_ _ _ _ _ _ _ _ _ _ _ _ _ _ _ _ _ _ _ _ _ _ _ _ _ _ _ _ _ _ _ _ _ _ _ _ _ _ _ _ 
httpx/_client.py:1053: in get
    return self.request(
httpx/_client.py:825: in request
    return self.send(request, auth=auth, follow_redirects=follow_redirects)
httpx/_client.py:914: in send
    response = self._send_handling_auth(
httpx/_client.py:942: in _send_handling_auth
    response = self._send_handling_redirects(
httpx/_client.py:979: in _send_handling_redirects
    response = self._send_single_request(request)
httpx/_client.py:1014: in _send_single_request
    response = transport.handle_request(request)
httpx/_transports/wsgi.py:136: in handle_request
    stream = WSGIByteStream(result)
httpx/_transports/wsgi.py:33: in __init__
    self._result = _skip_leading_empty_chunks(result)
httpx/_transports/wsgi.py:24: in _skip_leading_empty_chunks
    for chunk in body:
../../anaconda3/envs/vvenv/lib/python3.11/wsgiref/validate.py:277: in __next__
    v = next(self.iterator)
_ _ _ _ _ _ _ _ _ _ _ _ _ _ _ _ _ _ _ _ _ _ _ _ _ _ _ _ _ _ _ _ _ _ _ _ _ _ _ _ 

environ = {'HTTP_ACCEPT': '*/*', 'HTTP_ACCEPT_ENCODING': 'gzip, deflate, br, zstd', 'HTTP_CONNECTION': 'keep-alive', 'HTTP_HOST': 'www.example.org', ...}
start_response = <function validator.<locals>.lint_app.<locals>.start_response_wrapper at 0x107900400>

    def application(environ, start_response):
        status = "200 OK"
>       status_code = int(seen_status.split()[0])
E       NameError: name 'seen_status' is not defined

tests/test_wsgi.py:20: NameError
!!!!!!!!!!!!!!!!!!!!!!!!!! stopping after 1 failures !!!!!!!!!!!!!!!!!!!!!!!!!!!
============================== 1 failed in 0.19s ===============================

/Users/akshankrithick/anaconda3/envs/vvenv/lib/python3.11/site-packages/pytest_asyncio/plugin.py:247: PytestDeprecationWarning: The configuration option "asyncio_default_fixture_loop_scope" is unset.
The event loop scope for asynchronous fixtures will default to the fixture caching scope. Future versions of pytest-asyncio will default the loop scope for asynchronous fixtures to function scope. Set the default fixture loop scope explicitly in order to avoid unexpected behavior in the future. Valid fixture loop scopes are: "function", "class", "module", "package", "session"

  warnings.warn(PytestDeprecationWarning(_DEFAULT_FIXTURE_LOOP_SCOPE_UNSET))
Iterator garbage collected without being closedException ignored in: <function IteratorWrapper.__del__ at 0x10780ade0>
Traceback (most recent call last):
  File "/Users/akshankrithick/anaconda3/envs/vvenv/lib/python3.11/wsgiref/validate.py", line 295, in __del__
  File "/Users/akshankrithick/anaconda3/envs/vvenv/lib/python3.11/wsgiref/validate.py", line 128, in assert_
AssertionError: Iterator garbage collected without being closed