d 12 items

tests/test_wsgi.py F

=================================== FAILURES ===================================
__________________________________ test_wsgi ___________________________________

    def test_wsgi():
        transport = httpx.WSGITransport(app=application_factory([b"Hello, World!"]))
        client = httpx.Client(transport=transport)
>       response = client.get("http://www.example.org/")

tests/test_wsgi.py:97: 
_ _ _ _ _ _ _ _ _ _ _ _ _ _ _ _ _ _ _ _ _ _ _ _ _ _ _ _ _ _ _ _ _ _ _ _ _ _ _ _ 
httpx/_client.py:1053: in get
    return self.request(
httpx/_client.py:825: in request
    return self.send(request, auth=auth, follow_redirects=follow_redirects)
httpx/_client.py:914: in send
    response = self._send_handling_auth(
httpx/_client.py:942: in _send_handling_auth
    response = self._send_handling_redirects(
httpx/_client.py:979: in _send_handling_redirects
    response = self._send_single_request(request)
httpx/_client.py:1014: in _send_single_request
    response = transport.handle_request(request)
httpx/_transports/wsgi.py:134: in handle_request
    result = self.app(environ, start_response)
../../anaconda3/envs/vvenv/lib/python3.11/wsgiref/validate.py:153: in lint_app
    check_environ(environ)
../../anaconda3/envs/vvenv/lib/python3.11/wsgiref/validate.py:326: in check_environ
    assert_(type(environ[key]) is str,
_ _ _ _ _ _ _ _ _ _ _ _ _ _ _ _ _ _ _ _ _ _ _ _ _ _ _ _ _ _ _ _ _ _ _ _ _ _ _ _ 

cond = False
args = ("Environmental variable QUERY_STRING is not a string: <class 'bytes'> (value: b'')",)

    def assert_(cond, *args):
        if not cond:
>           raise AssertionError(*args)
E           AssertionError: Environmental variable QUERY_STRING is not a string: <class 'bytes'> (value: b'')

../../anaconda3/envs/vvenv/lib/python3.11/wsgiref/validate.py:128: AssertionError
!!!!!!!!!!!!!!!!!!!!!!!!!! stopping after 1 failures !!!!!!!!!!!!!!!!!!!!!!!!!!!
============================== 1 failed in 0.12s ===============================

/Users/akshankrithick/anaconda3/envs/vvenv/lib/python3.11/site-packages/pytest_asyncio/plugin.py:247: PytestDeprecationWarning: The configuration option "asyncio_default_fixture_loop_scope" is unset.
The event loop scope for asynchronous fixtures will default to the fixture caching scope. Future versions of pytest-asyncio will default the loop scope for asynchronous fixtures to function scope. Set the default fixture loop scope explicitly in order to avoid unexpected behavior in the future. Valid fixture loop scopes are: "function", "class", "module", "package", "session"

  warnings.warn(PytestDeprecationWarning(_DEFAULT_FIXTURE_LOOP_SCOPE_UNSET))