fault_test_loop_scope=function
collected 33 items

tests/test_concurrency.py ..........F

=================================== FAILURES ===================================
______________ TestAgentConcurrency.test_agent_concurrency_limit _______________

self = <tests.test_concurrency.TestAgentConcurrency object at 0x10609b010>

    async def test_agent_concurrency_limit(self):
        """Test that agent respects max_concurrency."""
>       agent = Agent(TestModel(), max_concurrency=2)

tests/test_concurrency.py:227: 
_ _ _ _ _ _ _ _ _ _ _ _ _ _ _ _ _ _ _ _ _ _ _ _ _ _ _ _ _ _ _ _ _ _ _ _ _ _ _ _ 

self = TestModel(call_tools='all', custom_output_text=None, custom_output_args=None, seed=0, last_model_request_parameters=None)

    def __init__(
        self,
        *,
        call_tools: list[str] | Literal['all'] = 'all',
        custom_output_text: str | None = None,
        custom_output_args: Any | None = None,
        seed: int = 0,
        model_name: str = 'test',
        profile: ModelProfileSpec | None = None,
        settings: ModelSettings | None = None,
    ):
        """Initialize TestModel with optional settings and profile."""
        self.call_tools = call_tools
        self.custom_output_text = custom_output_text
        self.custom_output_args = custom_output_args
        self.seed = seed
        self.last_model_request_parameters = None
        self._model_name = model_name
        self._system = 'test'
>       super().__init__(settings=settings, profile=profile, call_tools=call_tools)
E       TypeError: Model.__init__() got an unexpected keyword argument 'call_tools'

pydantic_ai_slim/pydantic_ai/models/test.py:111: TypeError
=========================== short test summary info ============================
FAILED tests/test_concurrency.py::TestAgentConcurrency::test_agent_concurrency_limit
!!!!!!!!!!!!!!!!!!!!!!!!!! stopping after 1 failures !!!!!!!!!!!!!!!!!!!!!!!!!!!
========================= 1 failed, 10 passed in 0.75s =========================

/Users/akshankrithick/anaconda3/envs/vvenv/lib/python3.11/site-packages/pytest_asyncio/plugin.py:247: PytestDeprecationWarning: The configuration option "asyncio_default_fixture_loop_scope" is unset.
The event loop scope for asynchronous fixtures will default to the fixture caching scope. Future versions of pytest-asyncio will default the loop scope for asynchronous fixtures to function scope. Set the default fixture loop scope explicitly in order to avoid unexpected behavior in the future. Valid fixture loop scopes are: "function", "class", "module", "package", "session"

  warnings.warn(PytestDeprecationWarning(_DEFAULT_FIXTURE_LOOP_SCOPE_UNSET))