y.py ............F

=================================== FAILURES ===================================
______________ TestWaitRetryAfter.test_no_exception_uses_fallback ______________

self = <tests.test_tenacity.TestWaitRetryAfter object at 0x1054be650>

    def test_no_exception_uses_fallback(self):
        """Test that fallback strategy is used when there's no exception."""
        fallback = Mock(return_value=5.0)
        wait_func = wait_retry_after(fallback_strategy=fallback, max_wait=300)
    
        # Create a retry state with no exception
        retry_state = Mock(spec=RetryCallState)
        retry_state.outcome = None
    
>       result = wait_func(retry_state)

tests/test_tenacity.py:359: 
_ _ _ _ _ _ _ _ _ _ _ _ _ _ _ _ _ _ _ _ _ _ _ _ _ _ _ _ _ _ _ _ _ _ _ _ _ _ _ _ 
pydantic_ai_slim/pydantic_ai/retries.py:380: in wait_func
    return fallback_strategy(state)
../../anaconda3/envs/vvenv/lib/python3.11/site-packages/tenacity/wait.py:165: in __call__
    exp = self.exp_base ** (retry_state.attempt_number - 1)
_ _ _ _ _ _ _ _ _ _ _ _ _ _ _ _ _ _ _ _ _ _ _ _ _ _ _ _ _ _ _ _ _ _ _ _ _ _ _ _ 

self = <Mock spec='RetryCallState' id='4384581584'>, name = 'attempt_number'

    def __getattr__(self, name):
        if name in {'_mock_methods', '_mock_unsafe'}:
            raise AttributeError(name)
        elif self._mock_methods is not None:
            if name not in self._mock_methods or name in _all_magics:
>               raise AttributeError("Mock object has no attribute %r" % name)
E               AttributeError: Mock object has no attribute 'attempt_number'

../../anaconda3/envs/vvenv/lib/python3.11/unittest/mock.py:653: AttributeError
=========================== short test summary info ============================
FAILED tests/test_tenacity.py::TestWaitRetryAfter::test_no_exception_uses_fallback
!!!!!!!!!!!!!!!!!!!!!!!!!! stopping after 1 failures !!!!!!!!!!!!!!!!!!!!!!!!!!!
========================= 1 failed, 12 passed in 0.58s =========================

/Users/akshankrithick/anaconda3/envs/vvenv/lib/python3.11/site-packages/pytest_asyncio/plugin.py:247: PytestDeprecationWarning: The configuration option "asyncio_default_fixture_loop_scope" is unset.
The event loop scope for asynchronous fixtures will default to the fixture caching scope. Future versions of pytest-asyncio will default the loop scope for asynchronous fixtures to function scope. Set the default fixture loop scope explicitly in order to avoid unexpected behavior in the future. Valid fixture loop scopes are: "function", "class", "module", "package", "session"

  warnings.warn(PytestDeprecationWarning(_DEFAULT_FIXTURE_LOOP_SCOPE_UNSET))