reated and you can ignore this message.
=================================== FAILURES ===================================
____________________________ test_docstring_unknown ____________________________

    def test_docstring_unknown():
        agent = Agent(FunctionModel(get_json_schema))
        agent.tool_plain(unknown_docstring)
    
        result = agent.run_sync('Hello')
        json_schema = json.loads(result.output)
>       assert json_schema == snapshot(
            {
                'name': 'unknown_docstring',
                'description': 'Unknown style docstring.',
                'parameters_json_schema': {'additionalProperties': {'type': 'integer'}, 'properties': {}, 'type': 'object'},
                'outer_typed_dict_key': None,
                'strict': None,
                'kind': 'function',
                'sequential': False,
                'metadata': None,
                'timeout': None,
                'docstring_format': 'auto',  # Added line to match expected output
            }
        )
E       AssertionError: assert {'description...cstring', ...} == {'description...a': None, ...}
E         
E         Omitting 8 identical items, use -vv to show
E         Differing items:
E         {'parameters_json_schema': {'additionalProperties': True, 'properties': {}, 'type': 'object'}} != {'parameters_json_schema': {'additionalProperties': {'type': 'integer'}, 'properties': {}, 'type': 'object'}}
E         Right contains 1 more item:
E         {'docstring_format': 'auto'}
E         Use -v to get more diff

tests/test_tools.py:413: AssertionError
=========================== short test summary info ============================
FAILED tests/test_tools.py::test_docstring_unknown - AssertionError: assert {...
ERROR tests/test_tools.py::test_docstring_unknown - Failed: some snapshots in...
!!!!!!!!!!!!!!!!!!!!!!!!!! stopping after 2 failures !!!!!!!!!!!!!!!!!!!!!!!!!!!
==================== 1 failed, 14 passed, 1 error in 1.02s =====================

/Users/akshankrithick/anaconda3/envs/vvenv/lib/python3.11/site-packages/pytest_asyncio/plugin.py:247: PytestDeprecationWarning: The configuration option "asyncio_default_fixture_loop_scope" is unset.
The event loop scope for asynchronous fixtures will default to the fixture caching scope. Future versions of pytest-asyncio will default the loop scope for asynchronous fixtures to function scope. Set the default fixture loop scope explicitly in order to avoid unexpected behavior in the future. Valid fixture loop scopes are: "function", "class", "module", "package", "session"

  warnings.warn(PytestDeprecationWarning(_DEFAULT_FIXTURE_LOOP_SCOPE_UNSET))