===================
platform darwin -- Python 3.11.11, pytest-8.3.5, pluggy-1.5.0
rootdir: /Users/akshankrithick/projects/pydantic-ai
configfile: pyproject.toml
plugins: respx-0.22.0, mock-3.15.1, recording-0.13.4, xdist-3.8.0, timeout-2.4.0, order-1.3.0, anyio-4.8.0, rerunfailures-15.1, inline-snapshot-0.31.1, hypothesis-6.148.2, asyncio-1.3.0, rich-0.2.0, cov-7.0.0
asyncio: mode=Mode.STRICT, debug=False, asyncio_default_fixture_loop_scope=None, asyncio_default_test_loop_scope=function
collected 27 items

tests/test_tenacity.py F

=================================== FAILURES ===================================
________________ TestTenacityTransport.test_successful_request _________________

self = <tests.test_tenacity.TestTenacityTransport object at 0x105a9c550>

    def test_successful_request(self):
        """Test that successful requests pass through without retry."""
        mock_transport = Mock(spec=httpx.BaseTransport)
        mock_transport.__enter__ = Mock(return_value=mock_transport)
        mock_transport.__exit__ = Mock(return_value=None)
        mock_response = Mock(spec=httpx.Response)
        mock_transport.handle_request.return_value = mock_response
    
        config = RetryConfig(stop=stop_after_attempt(3), reraise=True)
        transport = TenacityTransport(config, mock_transport)
    
        request = httpx.Request('GET', 'https://example.com')
        with transport:
            result = transport.handle_request(request)
    
>       assert result is mock_response
E       AssertionError: assert <Response [200 OK]> is <Mock name='mock.handle_request()' spec='Response' id='4389583056'>

tests/test_tenacity.py:47: AssertionError
=========================== short test summary info ============================
FAILED tests/test_tenacity.py::TestTenacityTransport::test_successful_request
!!!!!!!!!!!!!!!!!!!!!!!!!! stopping after 1 failures !!!!!!!!!!!!!!!!!!!!!!!!!!!
============================== 1 failed in 0.45s ===============================

/Users/akshankrithick/anaconda3/envs/vvenv/lib/python3.11/site-packages/pytest_asyncio/plugin.py:247: PytestDeprecationWarning: The configuration option "asyncio_default_fixture_loop_scope" is unset.
The event loop scope for asynchronous fixtures will default to the fixture caching scope. Future versions of pytest-asyncio will default the loop scope for asynchronous fixtures to function scope. Set the default fixture loop scope explicitly in order to avoid unexpected behavior in the future. Valid fixture loop scopes are: "function", "class", "module", "package", "session"

  warnings.warn(PytestDeprecationWarning(_DEFAULT_FIXTURE_LOOP_SCOPE_UNSET))