============================= test session starts ==============================
platform darwin -- Python 3.11.11, pytest-8.3.5, pluggy-1.5.0
rootdir: /Users/akshankrithick/projects/httpx
configfile: pyproject.toml
plugins: respx-0.22.0, mock-3.15.1, recording-0.13.4, xdist-3.8.0, timeout-2.4.0, order-1.3.0, anyio-4.8.0, rerunfailures-15.1, inline-snapshot-0.31.1, hypothesis-6.148.2, asyncio-1.3.0, rich-0.2.0, cov-7.0.0
asyncio: mode=Mode.STRICT, debug=False, asyncio_default_fixture_loop_scope=None, asyncio_default_test_loop_scope=function
collected 11 items

tests/test_main.py .........F

=================================== FAILURES ===================================
________________________________ test_download _________________________________

server = <tests.conftest.TestServer object at 0x10b0f5450>

    def test_download(server):
        url = str(server.url)
        runner = CliRunner()
        with runner.isolated_filesystem():
            runner.invoke(httpx.main, [url, "--download", "index.txt"])
>           assert os.path.exists("index.txt"), "The downloaded file does not exist."
E           AssertionError: The downloaded file does not exist.
E           assert False
E            +  where False = <function exists at 0x10470b600>('index.txt')
E            +    where <function exists at 0x10470b600> = <module 'posixpath' (frozen)>.exists
E            +      where <module 'posixpath' (frozen)> = os.path

tests/test_main.py:176: AssertionError
----------------------------- Captured stdout call -----------------------------
INFO:     127.0.0.1:65243 - "GET / HTTP/1.1" 200 OK
--------------------------- Captured stderr teardown ---------------------------
INFO:     Shutting down
!!!!!!!!!!!!!!!!!!!!!!!!!! stopping after 1 failures !!!!!!!!!!!!!!!!!!!!!!!!!!!
========================= 1 failed, 9 passed in 0.43s ==========================

/Users/akshankrithick/anaconda3/envs/vvenv/lib/python3.11/site-packages/pytest_asyncio/plugin.py:247: PytestDeprecationWarning: The configuration option "asyncio_default_fixture_loop_scope" is unset.
The event loop scope for asynchronous fixtures will default to the fixture caching scope. Future versions of pytest-asyncio will default the loop scope for asynchronous fixtures to function scope. Set the default fixture loop scope explicitly in order to avoid unexpected behavior in the future. Valid fixture loop scopes are: "function", "class", "module", "package", "session"

  warnings.warn(PytestDeprecationWarning(_DEFAULT_FIXTURE_LOOP_SCOPE_UNSET))