============================= test session starts ==============================
platform darwin -- Python 3.11.11, pytest-8.3.5, pluggy-1.5.0
rootdir: /Users/akshankrithick/projects/pydantic-ai
configfile: pyproject.toml
plugins: respx-0.22.0, mock-3.15.1, recording-0.13.4, xdist-3.8.0, timeout-2.4.0, order-1.3.0, anyio-4.8.0, rerunfailures-15.1, inline-snapshot-0.31.1, hypothesis-6.148.2, asyncio-1.3.0, rich-0.2.0, cov-7.0.0
asyncio: mode=Mode.STRICT, debug=False, asyncio_default_fixture_loop_scope=None, asyncio_default_test_loop_scope=function
collected 33 items

tests/test_concurrency.py ....................F

=================================== FAILURES ===================================
_______ TestConcurrencyLimitedModel.test_limit_model_concurrency_helper ________

self = <tests.test_concurrency.TestConcurrencyLimitedModel object at 0x10710a310>

    async def test_limit_model_concurrency_helper(self):
        """Test the limit_model_concurrency helper function."""
        from pydantic_ai.models.concurrency import ConcurrencyLimitedModel, limit_model_concurrency
    
        # With limiter
        model = limit_model_concurrency(TestModel(), limiter=ConcurrencyLimit(max_running=5))
>       assert isinstance(model, ConcurrencyLimitedModel)
E       AssertionError: assert False
E        +  where False = isinstance(TestModel(call_tools='all', custom_output_text=None, custom_output_args=None, seed=0, last_model_request_parameters=None), <class 'pydantic_ai.models.concurrency.ConcurrencyLimitedModel'>)

tests/test_concurrency.py:417: AssertionError
=========================== short test summary info ============================
FAILED tests/test_concurrency.py::TestConcurrencyLimitedModel::test_limit_model_concurrency_helper
!!!!!!!!!!!!!!!!!!!!!!!!!! stopping after 1 failures !!!!!!!!!!!!!!!!!!!!!!!!!!!
========================= 1 failed, 20 passed in 1.82s =========================

/Users/akshankrithick/anaconda3/envs/vvenv/lib/python3.11/site-packages/pytest_asyncio/plugin.py:247: PytestDeprecationWarning: The configuration option "asyncio_default_fixture_loop_scope" is unset.
The event loop scope for asynchronous fixtures will default to the fixture caching scope. Future versions of pytest-asyncio will default the loop scope for asynchronous fixtures to function scope. Set the default fixture loop scope explicitly in order to avoid unexpected behavior in the future. Valid fixture loop scopes are: "function", "class", "module", "package", "session"

  warnings.warn(PytestDeprecationWarning(_DEFAULT_FIXTURE_LOOP_SCOPE_UNSET))