nt='pre-thinking', part_kind='text')])
    
        event = next(manager.handle_text_delta(vendor_part_id='content', content='<think>', thinking_tags=thinking_tags))
        assert event == snapshot(
            PartStartEvent(index=1, part=ThinkingPart(content='', part_kind='thinking'), event_kind='part_start')
        )
        assert manager.get_parts() == snapshot(
            [TextPart(content='pre-thinking', part_kind='text'), ThinkingPart(content='', part_kind='thinking')]
        )
    
        event = next(manager.handle_text_delta(vendor_part_id='content', content='thinking', thinking_tags=thinking_tags))
>       assert event == snapshot(
            PartDeltaEvent(
                index=1,
                delta=ThinkingPartDelta(content_delta='thinking', part_delta_kind='thinking'),
                event_kind='part_delta',
            )
        )
E       AssertionError: assert PartStartEvent(index=2, part=ThinkingPart(content='')) == PartDeltaEvent(index=1, delta=ThinkingPartDelta(content_delta='thinking'))
E        +  where PartDeltaEvent(index=1, delta=ThinkingPartDelta(content_delta='thinking')) = snapshot(PartDeltaEvent(index=1, delta=ThinkingPartDelta(content_delta='thinking')))
E        +    where PartDeltaEvent(index=1, delta=ThinkingPartDelta(content_delta='thinking')) = PartDeltaEvent(index=1, delta=ThinkingPartDelta(content_delta='thinking'), event_kind='part_delta')
E        +      where ThinkingPartDelta(content_delta='thinking') = ThinkingPartDelta(content_delta='thinking', part_delta_kind='thinking')

tests/test_parts_manager.py:111: AssertionError
=========================== short test summary info ============================
FAILED tests/test_parts_manager.py::test_handle_text_deltas_with_think_tags
ERROR tests/test_parts_manager.py::test_handle_text_deltas_with_think_tags - ...
!!!!!!!!!!!!!!!!!!!!!!!!!! stopping after 2 failures !!!!!!!!!!!!!!!!!!!!!!!!!!!
===================== 1 failed, 3 passed, 1 error in 0.50s =====================

/Users/akshankrithick/anaconda3/envs/vvenv/lib/python3.11/site-packages/pytest_asyncio/plugin.py:247: PytestDeprecationWarning: The configuration option "asyncio_default_fixture_loop_scope" is unset.
The event loop scope for asynchronous fixtures will default to the fixture caching scope. Future versions of pytest-asyncio will default the loop scope for asynchronous fixtures to function scope. Set the default fixture loop scope explicitly in order to avoid unexpected behavior in the future. Valid fixture loop scopes are: "function", "class", "module", "package", "session"

  warnings.warn(PytestDeprecationWarning(_DEFAULT_FIXTURE_LOOP_SCOPE_UNSET))