ic_ai/_agent_graph.py:504: in _make_request
    return self._finish_handling(ctx, model_response)
pydantic_ai_slim/pydantic_ai/_agent_graph.py:556: in _finish_handling
    ctx.deps.usage_limits.check_tokens(ctx.state.usage)
_ _ _ _ _ _ _ _ _ _ _ _ _ _ _ _ _ _ _ _ _ _ _ _ _ _ _ _ _ _ _ _ _ _ _ _ _ _ _ _ 

self = UsageLimits(input_tokens_limit=0, output_tokens_limit=5)
usage = RunUsage(input_tokens=51, output_tokens=11, requests=1)

    def check_tokens(self, usage: RunUsage) -> None:
        """Raises a `UsageLimitExceeded` exception if the usage exceeds any of the token limits."""
        input_tokens = usage.input_tokens
        if self.input_tokens_limit is not None and input_tokens > self.input_tokens_limit:
>           raise UsageLimitExceeded(f'Exceeded the input_tokens_limit of {self.input_tokens_limit} ({input_tokens=})')
E           pydantic_ai.exceptions.UsageLimitExceeded: Exceeded the input_tokens_limit of 0 (input_tokens=51)

pydantic_ai_slim/pydantic_ai/usage.py:388: UsageLimitExceeded

During handling of the above exception, another exception occurred:

    def test_response_token_limit() -> None:
        test_agent = Agent(
            TestModel(custom_output_text='Unfortunately, this response exceeds the response tokens limit by a few!')
        )
    
>       with pytest.raises(UsageLimitExceeded, match=re.escape('Exceeded the output_tokens_limit of 5 (output_tokens=11)')):
E       AssertionError: Regex pattern did not match.
E        Regex: 'Exceeded\\ the\\ output_tokens_limit\\ of\\ 5\\ \\(output_tokens=11\\)'
E        Input: 'Exceeded the input_tokens_limit of 0 (input_tokens=51)'

tests/test_usage_limits.py:55: AssertionError
=========================== short test summary info ============================
FAILED tests/test_usage_limits.py::test_response_token_limit - AssertionError...
!!!!!!!!!!!!!!!!!!!!!!!!!! stopping after 1 failures !!!!!!!!!!!!!!!!!!!!!!!!!!!
========================= 1 failed, 2 passed in 0.45s ==========================

/Users/akshankrithick/anaconda3/envs/vvenv/lib/python3.11/site-packages/pytest_asyncio/plugin.py:247: PytestDeprecationWarning: The configuration option "asyncio_default_fixture_loop_scope" is unset.
The event loop scope for asynchronous fixtures will default to the fixture caching scope. Future versions of pytest-asyncio will default the loop scope for asynchronous fixtures to function scope. Set the default fixture loop scope explicitly in order to avoid unexpected behavior in the future. Valid fixture loop scopes are: "function", "class", "module", "package", "session"

  warnings.warn(PytestDeprecationWarning(_DEFAULT_FIXTURE_LOOP_SCOPE_UNSET))