============================= test session starts ==============================
platform darwin -- Python 3.11.11, pytest-8.3.5, pluggy-1.5.0
rootdir: /Users/akshankrithick/projects/httpx
configfile: pyproject.toml
plugins: respx-0.22.0, mock-3.15.1, recording-0.13.4, xdist-3.8.0, timeout-2.4.0, order-1.3.0, anyio-4.8.0, rerunfailures-15.1, inline-snapshot-0.31.1, hypothesis-6.148.2, asyncio-1.3.0, rich-0.2.0, cov-7.0.0
asyncio: mode=Mode.STRICT, debug=False, asyncio_default_fixture_loop_scope=None, asyncio_default_test_loop_scope=function
collected 563 items

tests/models/test_whatwg.py F

=================================== FAILURES ===================================
__________________________ test_urlparse[test_case0] ___________________________

test_case = {'base': 'http://example.org/foo/bar', 'hash': '', 'host': 'example.org', 'hostname': 'example.org', ...}

    @pytest.mark.parametrize("test_case", test_cases)
    def test_urlparse(test_case):
        if test_case["href"] in ("a: foo.com", "lolscheme:x x#x%20x"):
            # Skip these two test cases.
            # WHATWG cases where are not using percent-encoding for the space character.
            # Anyone know what's going on here?
            return
    
>       p = urlparse(test_case["href"])

tests/models/test_whatwg.py:30: 
_ _ _ _ _ _ _ _ _ _ _ _ _ _ _ _ _ _ _ _ _ _ _ _ _ _ _ _ _ _ _ _ _ _ _ _ _ _ _ _ 

url = 'http://example.org/', kwargs = {}

    def urlparse(url: str = "", **kwargs: str | None) -> ParseResult:
        # Initial basic checks on allowable URLs.
        # ---------------------------------------
    
        # Hard limit the maximum allowable URL length.
        if len(url) <= MAX_URL_LENGTH:
>           raise InvalidURL("URL too long")
E           httpx.InvalidURL: URL too long

httpx/_urlparse.py:219: InvalidURL
!!!!!!!!!!!!!!!!!!!!!!!!!! stopping after 1 failures !!!!!!!!!!!!!!!!!!!!!!!!!!!
============================== 1 failed in 0.22s ===============================

/Users/akshankrithick/anaconda3/envs/vvenv/lib/python3.11/site-packages/pytest_asyncio/plugin.py:247: PytestDeprecationWarning: The configuration option "asyncio_default_fixture_loop_scope" is unset.
The event loop scope for asynchronous fixtures will default to the fixture caching scope. Future versions of pytest-asyncio will default the loop scope for asynchronous fixtures to function scope. Set the default fixture loop scope explicitly in order to avoid unexpected behavior in the future. Valid fixture loop scopes are: "function", "class", "module", "package", "session"

  warnings.warn(PytestDeprecationWarning(_DEFAULT_FIXTURE_LOOP_SCOPE_UNSET))