m>thinking</custom>baz')],
            ),
            # custom <custom>â€¦</custom> cases
            (
                ('<custom>', '</custom>'),
                'foo bar',
                [TextPart(content='foo bar')],
            ),
            (
                ('<custom>', '</custom>'),
                'foo bar<custom>thinking</custom>',
                [TextPart(content='foo bar'), ThinkingPart(content='thinking')],
            ),
            (
                ('<custom>', '</custom>'),
                'foo bar<custom>thinking</custom>baz',
                [
                    TextPart(content='foo bar'),
                    ThinkingPart(content='thinking'),
                    TextPart(content='baz'),
                ],
            ),
            (
                ('<custom>', '</custom>'),
                'foo bar<custom>thinking',
                [TextPart(content='foo bar'), TextPart(content='thinking')],
            ),
            (
                ('<custom>', '</custom>'),
                'foo bar<think>thinking</think>baz',
                [TextPart(content='foo bar<think>thinking</think>baz')],
            ),
        ],
    )
    def test_split_content(thinking_tags: tuple[str, str], content: str, parts: list[ModelResponsePart]):
>       assert split_content_into_text_and_thinking(content, thinking_tags) == parts
E       AssertionError: assert [TextPart(con...nk>thinking')] == [TextPart(con...t='thinking')]
E         
E         At index 1 diff: ThinkingPart(content='foo bar<think>thinking') != ThinkingPart(content='thinking')
E         Use -v to get more diff

tests/test_thinking_part.py:76: AssertionError
=========================== short test summary info ============================
FAILED tests/test_thinking_part.py::test_split_content[thinking_tags1-foo bar<think>thinking</think>-parts1]
!!!!!!!!!!!!!!!!!!!!!!!!!! stopping after 1 failures !!!!!!!!!!!!!!!!!!!!!!!!!!!
========================= 1 failed, 1 passed in 0.94s ==========================

/Users/akshankrithick/anaconda3/envs/vvenv/lib/python3.11/site-packages/pytest_asyncio/plugin.py:247: PytestDeprecationWarning: The configuration option "asyncio_default_fixture_loop_scope" is unset.
The event loop scope for asynchronous fixtures will default to the fixture caching scope. Future versions of pytest-asyncio will default the loop scope for asynchronous fixtures to function scope. Set the default fixture loop scope explicitly in order to avoid unexpected behavior in the future. Valid fixture loop scopes are: "function", "class", "module", "package", "session"

  warnings.warn(PytestDeprecationWarning(_DEFAULT_FIXTURE_LOOP_SCOPE_UNSET))