=====================
_____________ test_get_environment_proxies[environment8-proxies8] ______________

environment = {'no_proxy': 'localhost'}, proxies = {'all://localhost': None}

    @pytest.mark.parametrize(
        ["environment", "proxies"],
        [
            ({}, {}),
            ({"HTTP_PROXY": "http://127.0.0.1"}, {"http://": "http://127.0.0.1"}),
            (
                {"https_proxy": "http://127.0.0.1", "HTTP_PROXY": "https://127.0.0.1"},
                {"https://": "http://127.0.0.1", "http://": "https://127.0.0.1"},
            ),
            ({"all_proxy": "http://127.0.0.1"}, {"all://": "http://127.0.0.1"}),
            ({"TRAVIS_APT_PROXY": "http://127.0.0.1"}, {}),
            ({"no_proxy": "127.0.0.1"}, {"all://127.0.0.1": None}),
            ({"no_proxy": "192.168.0.0/16"}, {"all://192.168.0.0/16": None}),
            ({"no_proxy": "::1"}, {"all://[::1]": None}),
            ({"no_proxy": "localhost"}, {"all://localhost": None}),
            ({"no_proxy": "github.com"}, {"all://*github.com": None}),
            ({"no_proxy": ".github.com"}, {"all://*.github.com": None}),
            ({"no_proxy": "http://github.com"}, {"http://github.com": None}),
        ],
    )
    def test_get_environment_proxies(environment, proxies):
        os.environ.update(environment)
    
>       assert get_environment_proxies() == proxies
E       AssertionError: assert {'all://*localhost': None} == {'all://localhost': None}
E         
E         Left contains 1 more item:
E         {'all://*localhost': None}
E         Right contains 1 more item:
E         {'all://localhost': None}
E         Use -v to get more diff

tests/test_utils.py:112: AssertionError
--------------------------- Captured stderr teardown ---------------------------
INFO:     Shutting down
INFO:     Finished server process [46134]
!!!!!!!!!!!!!!!!!!!!!!!!!! stopping after 1 failures !!!!!!!!!!!!!!!!!!!!!!!!!!!
========================= 1 failed, 23 passed in 0.29s =========================

/Users/akshankrithick/anaconda3/envs/vvenv/lib/python3.11/site-packages/pytest_asyncio/plugin.py:247: PytestDeprecationWarning: The configuration option "asyncio_default_fixture_loop_scope" is unset.
The event loop scope for asynchronous fixtures will default to the fixture caching scope. Future versions of pytest-asyncio will default the loop scope for asynchronous fixtures to function scope. Set the default fixture loop scope explicitly in order to avoid unexpected behavior in the future. Valid fixture loop scopes are: "function", "class", "module", "package", "session"

  warnings.warn(PytestDeprecationWarning(_DEFAULT_FIXTURE_LOOP_SCOPE_UNSET))