======================= FAILURES ===================================
_____________ TestIsPrivateIp.test_private_ips_detected[127.0.0.1] _____________

self = <tests.test_ssrf.TestIsPrivateIp object at 0x1156a4b50>, ip = '127.0.0.1'

    @pytest.mark.parametrize(
        'ip',
        [
            # IPv4 loopback
            '127.0.0.1',
            '127.0.0.2',
            '127.255.255.255',
            # IPv4 private class A
            '10.0.0.1',
            '10.255.255.255',
            # IPv4 private class B
            '172.16.0.1',
            '172.31.255.255',
            # IPv4 private class C
            '192.168.0.1',
            '192.168.255.255',
            # IPv4 link-local
            '169.254.0.1',
            '169.254.255.255',
            # IPv4 "this" network
            '0.0.0.0',
            '0.255.255.255',
            # IPv4 CGNAT (RFC 6598)
            '100.64.0.1',
            '100.127.255.255',
            '100.100.100.200',  # Alibaba Cloud metadata
            # IPv6 loopback
            '::1',
            # IPv6 link-local
            'fe80::1',
            'fe80::ffff:ffff:ffff:ffff',
            # IPv6 unique local
            'fc00::1',
            'fdff:ffff:ffff:ffff:ffff:ffff:ffff:ffff',
            # IPv6 6to4 (can embed private IPv4)
            '2002::1',
            '2002:c0a8:0101::1',  # Embeds 192.168.1.1
            '2002:0a00:0001::1',  # Embeds 10.0.0.1
        ],
    )
    def test_private_ips_detected(self, ip: str) -> None:
>       assert is_private_ip(ip) is True
E       AssertionError: assert False is True
E        +  where False = is_private_ip('127.0.0.1')

tests/test_ssrf.py:71: AssertionError
=========================== short test summary info ============================
FAILED tests/test_ssrf.py::TestIsPrivateIp::test_private_ips_detected[127.0.0.1]
!!!!!!!!!!!!!!!!!!!!!!!!!! stopping after 1 failures !!!!!!!!!!!!!!!!!!!!!!!!!!!
============================== 1 failed in 0.36s ===============================

/Users/akshankrithick/anaconda3/envs/vvenv/lib/python3.11/site-packages/pytest_asyncio/plugin.py:247: PytestDeprecationWarning: The configuration option "asyncio_default_fixture_loop_scope" is unset.
The event loop scope for asynchronous fixtures will default to the fixture caching scope. Future versions of pytest-asyncio will default the loop scope for asynchronous fixtures to function scope. Set the default fixture loop scope explicitly in order to avoid unexpected behavior in the future. Valid fixture loop scopes are: "function", "class", "module", "package", "session"

  warnings.warn(PytestDeprecationWarning(_DEFAULT_FIXTURE_LOOP_SCOPE_UNSET))