============================= test session starts ==============================
platform darwin -- Python 3.11.11, pytest-8.3.5, pluggy-1.5.0
rootdir: /Users/akshankrithick/projects/pydantic-ai
configfile: pyproject.toml
plugins: respx-0.22.0, mock-3.15.1, recording-0.13.4, xdist-3.8.0, timeout-2.4.0, order-1.3.0, anyio-4.8.0, rerunfailures-15.1, inline-snapshot-0.31.1, hypothesis-6.148.2, asyncio-1.3.0, rich-0.2.0, cov-7.0.0
asyncio: mode=Mode.STRICT, debug=False, asyncio_default_fixture_loop_scope=None, asyncio_default_test_loop_scope=function
collected 1 item

tests/test_ssrf.py F

=================================== FAILURES ===================================
_________ TestValidateAndResolveUrl.test_private_ip_blocked_by_default _________

self = <tests.test_ssrf.TestValidateAndResolveUrl object at 0x1073b47d0>

    async def test_private_ip_blocked_by_default(self) -> None:
        """Test that private IPs are blocked by default."""
        with patch('pydantic_ai._ssrf.run_in_executor') as mock_executor:
            mock_executor.return_value = [(2, 1, 6, '', ('192.168.1.1', 0)), (2, 1, 6, '', ('10.0.0.1', 0))]
>           with pytest.raises(ValueError, match='Access to private/internal IP address'):
E           Failed: DID NOT RAISE <class 'ValueError'>

tests/test_ssrf.py:341: Failed
=========================== short test summary info ============================
FAILED tests/test_ssrf.py::TestValidateAndResolveUrl::test_private_ip_blocked_by_default
!!!!!!!!!!!!!!!!!!!!!!!!!! stopping after 1 failures !!!!!!!!!!!!!!!!!!!!!!!!!!!
============================== 1 failed in 0.35s ===============================

/Users/akshankrithick/anaconda3/envs/vvenv/lib/python3.11/site-packages/pytest_asyncio/plugin.py:247: PytestDeprecationWarning: The configuration option "asyncio_default_fixture_loop_scope" is unset.
The event loop scope for asynchronous fixtures will default to the fixture caching scope. Future versions of pytest-asyncio will default the loop scope for asynchronous fixtures to function scope. Set the default fixture loop scope explicitly in order to avoid unexpected behavior in the future. Valid fixture loop scopes are: "function", "class", "module", "package", "session"

  warnings.warn(PytestDeprecationWarning(_DEFAULT_FIXTURE_LOOP_SCOPE_UNSET))