│
│                                                                              │
│  def test_handle_thinking_delta_no_content():                                │
╰──────────────────────────────────────────────────────────────────────────────╯
These changes are not applied.
Use --inline-snapshot=fix to apply them, or use the interactive mode with 
--inline-snapshot=review



==================================== ERRORS ====================================
___ ERROR at teardown of test_handle_thinking_delta_new_part_with_vendor_id ____
some snapshots in this test have incorrect values.
If you just created this value with --inline-snapshot=create, the value is now created and you can ignore this message.
=================================== FAILURES ===================================
______________ test_handle_thinking_delta_new_part_with_vendor_id ______________

    def test_handle_thinking_delta_new_part_with_vendor_id():
        manager = ModelResponsePartsManager()
    
        event = next(manager.handle_thinking_delta(vendor_part_id='thinking', content='new thought', signature=None))
        assert isinstance(event, PartStartEvent)
        assert event.index == 0
    
        parts = manager.get_parts()
>       assert parts == snapshot([ThinkingPart(content='new thought')])
E       AssertionError: assert [ThinkingPart(content='')] == [ThinkingPart...new thought')]
E         
E         At index 0 diff: ThinkingPart(content='') != ThinkingPart(content='new thought')
E         Use -v to get more diff

tests/test_parts_manager.py:610: AssertionError
=========================== short test summary info ============================
FAILED tests/test_parts_manager.py::test_handle_thinking_delta_new_part_with_vendor_id
ERROR tests/test_parts_manager.py::test_handle_thinking_delta_new_part_with_vendor_id
!!!!!!!!!!!!!!!!!!!!!!!!!! stopping after 2 failures !!!!!!!!!!!!!!!!!!!!!!!!!!!
==================== 1 failed, 27 passed, 1 error in 0.80s =====================

/Users/akshankrithick/anaconda3/envs/vvenv/lib/python3.11/site-packages/pytest_asyncio/plugin.py:247: PytestDeprecationWarning: The configuration option "asyncio_default_fixture_loop_scope" is unset.
The event loop scope for asynchronous fixtures will default to the fixture caching scope. Future versions of pytest-asyncio will default the loop scope for asynchronous fixtures to function scope. Set the default fixture loop scope explicitly in order to avoid unexpected behavior in the future. Valid fixture loop scopes are: "function", "class", "module", "package", "session"

  warnings.warn(PytestDeprecationWarning(_DEFAULT_FIXTURE_LOOP_SCOPE_UNSET))