o: mode=Mode.STRICT, debug=False, asyncio_default_fixture_loop_scope=None, asyncio_default_test_loop_scope=function
collected 11 items

tests/test_ssrf.py .F

=================================== FAILURES ===================================
_____ TestValidateUrlProtocol.test_allowed_protocols[https://example.com] ______

self = <tests.test_ssrf.TestValidateUrlProtocol object at 0x111da1d50>
url = 'https://example.com'

    @pytest.mark.parametrize(
        'url',
        [
            'http://example.com',
            'https://example.com',
            'HTTP://EXAMPLE.COM',  # Allow uppercase HTTP
            'HTTPS://EXAMPLE.COM',  # Allow uppercase HTTPS
        ],
    )
    def test_allowed_protocols(self, url: str) -> None:
>       scheme, is_https = validate_url_protocol(url)

tests/test_ssrf.py:161: 
_ _ _ _ _ _ _ _ _ _ _ _ _ _ _ _ _ _ _ _ _ _ _ _ _ _ _ _ _ _ _ _ _ _ _ _ _ _ _ _ 

url = 'https://example.com'

    def validate_url_protocol(url: str) -> tuple[str, bool]:
        """Validate that the URL uses an allowed protocol (http or https).
    
        Args:
            url: The URL to validate.
    
        Returns:
            Tuple of (scheme, is_https).
    
        Raises:
            ValueError: If the protocol is not http or https.
        """
        parsed = urlparse(url)
        scheme = parsed.scheme.lower()
    
        if scheme not in ('http',):
>           raise ValueError(f'URL protocol "{scheme}" is not allowed. Only http:// and https:// are supported.')
E           ValueError: URL protocol "https" is not allowed. Only http:// and https:// are supported.

pydantic_ai_slim/pydantic_ai/_ssrf.py:146: ValueError
=========================== short test summary info ============================
FAILED tests/test_ssrf.py::TestValidateUrlProtocol::test_allowed_protocols[https://example.com]
!!!!!!!!!!!!!!!!!!!!!!!!!! stopping after 1 failures !!!!!!!!!!!!!!!!!!!!!!!!!!!
========================= 1 failed, 1 passed in 0.35s ==========================

/Users/akshankrithick/anaconda3/envs/vvenv/lib/python3.11/site-packages/pytest_asyncio/plugin.py:247: PytestDeprecationWarning: The configuration option "asyncio_default_fixture_loop_scope" is unset.
The event loop scope for asynchronous fixtures will default to the fixture caching scope. Future versions of pytest-asyncio will default the loop scope for asynchronous fixtures to function scope. Set the default fixture loop scope explicitly in order to avoid unexpected behavior in the future. Valid fixture loop scopes are: "function", "class", "module", "package", "session"

  warnings.warn(PytestDeprecationWarning(_DEFAULT_FIXTURE_LOOP_SCOPE_UNSET))