, hypothesis-6.148.2, asyncio-1.3.0, rich-0.2.0, cov-7.0.0
asyncio: mode=Mode.STRICT, debug=False, asyncio_default_fixture_loop_scope=None, asyncio_default_test_loop_scope=function
collected 1 item

tests/test_agent.py F

=================================== FAILURES ===================================
_________________________ test_model_settings_override _________________________

    async def test_model_settings_override() -> None:
        def return_settings(_: list[ModelMessage], info: AgentInfo) -> ModelResponse:
            return ModelResponse(parts=[TextPart(to_json(info.model_settings).decode())])
    
        my_agent = Agent(FunctionModel(return_settings))
>       assert (await my_agent.run('Hello')).output == IsJson(None)

tests/test_agent.py:4466: 
_ _ _ _ _ _ _ _ _ _ _ _ _ _ _ _ _ _ _ _ _ _ _ _ _ _ _ _ _ _ _ _ _ _ _ _ _ _ _ _ 
pydantic_ai_slim/pydantic_ai/agent/abstract.py:259: in run
    async with self.iter(
../../anaconda3/envs/vvenv/lib/python3.11/contextlib.py:210: in __aenter__
    return await anext(self.gen)
pydantic_ai_slim/pydantic_ai/agent/__init__.py:649: in iter
    merged_settings = merge_model_settings(model_used.settings, self.model_settings)
_ _ _ _ _ _ _ _ _ _ _ _ _ _ _ _ _ _ _ _ _ _ _ _ _ _ _ _ _ _ _ _ _ _ _ _ _ _ _ _ 

self = FunctionModel(function=<function test_model_settings_override.<locals>.return_settings at 0x1076d6b60>, stream_function=None)

    @property
    def settings(self) -> ModelSettings | None:
        """Get the model settings."""
>       return model_settings or self._settings
E       NameError: name 'model_settings' is not defined

pydantic_ai_slim/pydantic_ai/models/__init__.py:649: NameError
=========================== short test summary info ============================
FAILED tests/test_agent.py::test_model_settings_override - NameError: name 'm...
!!!!!!!!!!!!!!!!!!!!!!!!!! stopping after 1 failures !!!!!!!!!!!!!!!!!!!!!!!!!!!
============================== 1 failed in 0.66s ===============================

/Users/akshankrithick/anaconda3/envs/vvenv/lib/python3.11/site-packages/pytest_asyncio/plugin.py:247: PytestDeprecationWarning: The configuration option "asyncio_default_fixture_loop_scope" is unset.
The event loop scope for asynchronous fixtures will default to the fixture caching scope. Future versions of pytest-asyncio will default the loop scope for asynchronous fixtures to function scope. Set the default fixture loop scope explicitly in order to avoid unexpected behavior in the future. Valid fixture loop scopes are: "function", "class", "module", "package", "session"

  warnings.warn(PytestDeprecationWarning(_DEFAULT_FIXTURE_LOOP_SCOPE_UNSET))