o.py", line 2176, in _raise_async_exceptions
  |     raise exceptions[0]
  |   File "/Users/akshankrithick/anaconda3/envs/vvenv/lib/python3.11/site-packages/anyio/_backends/_asyncio.py", line 2266, in run_test
  |     self.get_loop().run_until_complete(
  |   File "/Users/akshankrithick/anaconda3/envs/vvenv/lib/python3.11/asyncio/base_events.py", line 654, in run_until_complete
  |     return future.result()
  |            ^^^^^^^^^^^^^^^
  |   File "/Users/akshankrithick/anaconda3/envs/vvenv/lib/python3.11/site-packages/anyio/_backends/_asyncio.py", line 2226, in _call_in_runner_task
  |     return await future
  |            ^^^^^^^^^^^^
  |   File "/Users/akshankrithick/anaconda3/envs/vvenv/lib/python3.11/site-packages/anyio/_backends/_asyncio.py", line 2193, in _run_tests_and_fixtures
  |     retval = await coro
  |              ^^^^^^^^^^
  |   File "/Users/akshankrithick/projects/pydantic-ai/tests/test_concurrency.py", line 55, in test_basic_acquisition
  |     async with anyio.create_task_group() as tg:
  |   File "/Users/akshankrithick/anaconda3/envs/vvenv/lib/python3.11/site-packages/anyio/_backends/_asyncio.py", line 767, in __aexit__
  |     raise BaseExceptionGroup(
  | ExceptionGroup: unhandled errors in a TaskGroup (1 sub-exception)
  +-+---------------- 1 ----------------
    | Traceback (most recent call last):
    |   File "/Users/akshankrithick/projects/pydantic-ai/tests/test_concurrency.py", line 59, in test_basic_acquisition
    |     assert len(acquired) == 2  # Only 2 can proceed
    |     ^^^^^^^^^^^^^^^^^^^^^^^^^
    | AssertionError: assert 3 == 2
    |  +  where 3 = len([0, 1, 2])
    +------------------------------------
=========================== short test summary info ============================
FAILED tests/test_concurrency.py::TestConcurrencyLimiter::test_basic_acquisition
!!!!!!!!!!!!!!!!!!!!!!!!!! stopping after 1 failures !!!!!!!!!!!!!!!!!!!!!!!!!!!
============================== 1 failed in 0.68s ===============================

/Users/akshankrithick/anaconda3/envs/vvenv/lib/python3.11/site-packages/pytest_asyncio/plugin.py:247: PytestDeprecationWarning: The configuration option "asyncio_default_fixture_loop_scope" is unset.
The event loop scope for asynchronous fixtures will default to the fixture caching scope. Future versions of pytest-asyncio will default the loop scope for asynchronous fixtures to function scope. Set the default fixture loop scope explicitly in order to avoid unexpected behavior in the future. Valid fixture loop scopes are: "function", "class", "module", "package", "session"

  warnings.warn(PytestDeprecationWarning(_DEFAULT_FIXTURE_LOOP_SCOPE_UNSET))