============================= test session starts ==============================
platform darwin -- Python 3.11.11, pytest-8.3.5, pluggy-1.5.0
rootdir: /Users/akshankrithick/projects/pydantic-ai
configfile: pyproject.toml
plugins: respx-0.22.0, mock-3.15.1, recording-0.13.4, xdist-3.8.0, timeout-2.4.0, order-1.3.0, anyio-4.8.0, rerunfailures-15.1, inline-snapshot-0.31.1, hypothesis-6.148.2, asyncio-1.3.0, rich-0.2.0, cov-7.0.0
asyncio: mode=Mode.STRICT, debug=False, asyncio_default_fixture_loop_scope=None, asyncio_default_test_loop_scope=function
collected 33 items

tests/test_concurrency.py F

=================================== FAILURES ===================================
________________ TestConcurrencyLimiter.test_basic_acquisition _________________

self = <tests.test_concurrency.TestConcurrencyLimiter object at 0x105985290>

    async def test_basic_acquisition(self):
        """Test that limiter limits concurrent access."""
        limiter = ConcurrencyLimiter(max_running=2)
        acquired: list[int] = []
    
        async def acquire_and_hold(id: int, hold_time: float):
            async with get_concurrency_context(limiter, 'test'):
                acquired.append(id)
                await anyio.sleep(hold_time)
    
        # Start 3 tasks with limit of 2
        async with anyio.create_task_group() as tg:
            for i in range(2):
                tg.start_soon(acquire_and_hold, i, 0.1)
            await anyio.sleep(0.05)
            assert len(acquired) == 2  # Only 2 can proceed
>       assert len(acquired) == 3
E       assert 2 == 3
E        +  where 2 = len([0, 1])

tests/test_concurrency.py:60: AssertionError
=========================== short test summary info ============================
FAILED tests/test_concurrency.py::TestConcurrencyLimiter::test_basic_acquisition
!!!!!!!!!!!!!!!!!!!!!!!!!! stopping after 1 failures !!!!!!!!!!!!!!!!!!!!!!!!!!!
============================== 1 failed in 0.48s ===============================

/Users/akshankrithick/anaconda3/envs/vvenv/lib/python3.11/site-packages/pytest_asyncio/plugin.py:247: PytestDeprecationWarning: The configuration option "asyncio_default_fixture_loop_scope" is unset.
The event loop scope for asynchronous fixtures will default to the fixture caching scope. Future versions of pytest-asyncio will default the loop scope for asynchronous fixtures to function scope. Set the default fixture loop scope explicitly in order to avoid unexpected behavior in the future. Valid fixture loop scopes are: "function", "class", "module", "package", "session"

  warnings.warn(PytestDeprecationWarning(_DEFAULT_FIXTURE_LOOP_SCOPE_UNSET))