cov-7.0.0
asyncio: mode=Mode.STRICT, debug=False, asyncio_default_fixture_loop_scope=None, asyncio_default_test_loop_scope=function
collected 1 item

tests/test_agent.py F

=================================== FAILURES ===================================
_________________________ test_model_settings_override _________________________

    async def test_model_settings_override() -> None:
        def return_settings(_: list[ModelMessage], info: AgentInfo) -> ModelResponse:
            return ModelResponse(parts=[TextPart(to_json(info.model_settings).decode())])
    
>       my_agent = Agent(FunctionModel(return_settings))

tests/test_agent.py:4465: 
_ _ _ _ _ _ _ _ _ _ _ _ _ _ _ _ _ _ _ _ _ _ _ _ _ _ _ _ _ _ _ _ _ _ _ _ _ _ _ _ 
pydantic_ai_slim/pydantic_ai/models/function.py:122: in __init__
    super().__init__(settings=settings, profile=profile)
_ _ _ _ _ _ _ _ _ _ _ _ _ _ _ _ _ _ _ _ _ _ _ _ _ _ _ _ _ _ _ _ _ _ _ _ _ _ _ _ 

self = FunctionModel(function=<function test_model_settings_override.<locals>.return_settings at 0x1071c6d40>, stream_function=None)

    def __init__(
        self,
        *,
        settings: ModelSettings | None = None,
        profile: ModelProfileSpec | None = None,
    ) -> None:
        """Initialize the model with optional settings and profile.
    
        Args:
            settings: Model-specific settings that will be used as defaults for this model.
            profile: The model profile to use.
        """
>       self._settings = settings or self._model_settings
E       AttributeError: 'FunctionModel' object has no attribute '_model_settings'

pydantic_ai_slim/pydantic_ai/models/__init__.py:643: AttributeError
=========================== short test summary info ============================
FAILED tests/test_agent.py::test_model_settings_override - AttributeError: 'F...
!!!!!!!!!!!!!!!!!!!!!!!!!! stopping after 1 failures !!!!!!!!!!!!!!!!!!!!!!!!!!!
============================== 1 failed in 0.70s ===============================

/Users/akshankrithick/anaconda3/envs/vvenv/lib/python3.11/site-packages/pytest_asyncio/plugin.py:247: PytestDeprecationWarning: The configuration option "asyncio_default_fixture_loop_scope" is unset.
The event loop scope for asynchronous fixtures will default to the fixture caching scope. Future versions of pytest-asyncio will default the loop scope for asynchronous fixtures to function scope. Set the default fixture loop scope explicitly in order to avoid unexpected behavior in the future. Valid fixture loop scopes are: "function", "class", "module", "package", "session"

  warnings.warn(PytestDeprecationWarning(_DEFAULT_FIXTURE_LOOP_SCOPE_UNSET))