______________________

    def test_simplify_nullable_unions():
        """Test the simplify_nullable_unions feature (deprecated, to be removed in v2)."""
    
        # Create a concrete subclass for testing
        class TestTransformer(JsonSchemaTransformer):
            def transform(self, schema: dict[str, Any]) -> dict[str, Any]:
                return schema
    
        # Test with simplify_nullable_unions=True
        schema_with_null = {
            'anyOf': [
                {'type': 'string'},
                {'type': 'null'},
            ]
        }
        transformer = TestTransformer(schema_with_null, simplify_nullable_unions=True)
        result = transformer.walk()
    
        # Should collapse to a single nullable string
        assert result == {'type': 'string', 'nullable': True}
    
        # Test with simplify_nullable_unions=False (default)
        transformer2 = TestTransformer(schema_with_null, simplify_nullable_unions=False)
        result2 = transformer2.walk()
    
        # Should keep the anyOf structure
        assert 'anyOf' in result2
        assert len(result2['anyOf']) == 2
    
        # Test that non-nullable unions are unaffected
        schema_no_null = {
            'anyOf': [
                {'type': 'string'},
                {'type': 'number'},
            ]
        }
        transformer3 = TestTransformer(schema_no_null, simplify_nullable_unions=True)
        result3 = transformer3.walk()
    
        # Should keep anyOf since it's not nullable
>       assert 'anyOf' in result3
E       AssertionError: assert 'anyOf' in {'nullable': True, 'type': 'string'}

tests/test_json_schema.py:51: AssertionError
=========================== short test summary info ============================
FAILED tests/test_json_schema.py::test_simplify_nullable_unions - AssertionEr...
!!!!!!!!!!!!!!!!!!!!!!!!!! stopping after 1 failures !!!!!!!!!!!!!!!!!!!!!!!!!!!
============================== 1 failed in 0.34s ===============================

/Users/akshankrithick/anaconda3/envs/vvenv/lib/python3.11/site-packages/pytest_asyncio/plugin.py:247: PytestDeprecationWarning: The configuration option "asyncio_default_fixture_loop_scope" is unset.
The event loop scope for asynchronous fixtures will default to the fixture caching scope. Future versions of pytest-asyncio will default the loop scope for asynchronous fixtures to function scope. Set the default fixture loop scope explicitly in order to avoid unexpected behavior in the future. Valid fixture loop scopes are: "function", "class", "module", "package", "session"

  warnings.warn(PytestDeprecationWarning(_DEFAULT_FIXTURE_LOOP_SCOPE_UNSET))