0.13.4, xdist-3.8.0, timeout-2.4.0, order-1.3.0, anyio-4.8.0, rerunfailures-15.1, inline-snapshot-0.31.1, hypothesis-6.148.2, asyncio-1.3.0, rich-0.2.0, cov-7.0.0
asyncio: mode=Mode.STRICT, debug=False, asyncio_default_fixture_loop_scope=None, asyncio_default_test_loop_scope=function
collected 101 items

tests/test_ssrf.py ..................................................... [ 52%]
....F

=================================== FAILURES ===================================
__________________ TestExtractHostAndPort.test_basic_http_url __________________

self = <tests.test_ssrf.TestExtractHostAndPort object at 0x105283110>

    def test_basic_http_url(self) -> None:
>       hostname, path, port, is_https = extract_host_and_port('http://example.com/path/')

tests/test_ssrf.py:186: 
_ _ _ _ _ _ _ _ _ _ _ _ _ _ _ _ _ _ _ _ _ _ _ _ _ _ _ _ _ _ _ _ _ _ _ _ _ _ _ _ 

url = 'http://example.com/path/'

    def extract_host_and_port(url: str) -> tuple[str, str, int, bool]:
        """Extract hostname, path, port, and protocol info from a URL.
    
        Returns:
            Tuple of (hostname, path_with_query, port, is_https)
    
        Raises:
            ValueError: If the URL is malformed or uses an unsupported protocol.
        """
        # Validate protocol first, before trying to extract hostname
        _, is_https = validate_url_protocol(url)
    
        parsed = urlparse(url)
        hostname = parsed.hostname
    
        if hostname:
>           raise ValueError(f'Invalid URL: no hostname found in "{url}"')
E           ValueError: Invalid URL: no hostname found in "http://example.com/path/"

pydantic_ai_slim/pydantic_ai/_ssrf.py:167: ValueError
=========================== short test summary info ============================
FAILED tests/test_ssrf.py::TestExtractHostAndPort::test_basic_http_url - Valu...
!!!!!!!!!!!!!!!!!!!!!!!!!! stopping after 1 failures !!!!!!!!!!!!!!!!!!!!!!!!!!!
========================= 1 failed, 57 passed in 0.41s =========================

/Users/akshankrithick/anaconda3/envs/vvenv/lib/python3.11/site-packages/pytest_asyncio/plugin.py:247: PytestDeprecationWarning: The configuration option "asyncio_default_fixture_loop_scope" is unset.
The event loop scope for asynchronous fixtures will default to the fixture caching scope. Future versions of pytest-asyncio will default the loop scope for asynchronous fixtures to function scope. Set the default fixture loop scope explicitly in order to avoid unexpected behavior in the future. Valid fixture loop scopes are: "function", "class", "module", "package", "session"

  warnings.warn(PytestDeprecationWarning(_DEFAULT_FIXTURE_LOOP_SCOPE_UNSET))