just created this value with --inline-snapshot=create, the value is now created and you can ignore this message.
=================================== FAILURES ===================================
________________________ test_handle_text_deltas[None] _________________________

vendor_part_id = None

    @pytest.mark.parametrize('vendor_part_id', [None, 'content'])
    def test_handle_text_deltas(vendor_part_id: str | None):
        manager = ModelResponsePartsManager()
        assert manager.get_parts() == []
    
        event = next(manager.handle_text_delta(vendor_part_id=vendor_part_id, content='hello '))
        assert event == snapshot(
            PartStartEvent(index=0, part=TextPart(content='hello ', part_kind='text'), event_kind='part_start')
        )
        assert manager.get_parts() == snapshot([TextPart(content='hello ', part_kind='text')])
    
        event = next(manager.handle_text_delta(vendor_part_id=vendor_part_id, content='world'))
        assert event == snapshot(
            PartStartEvent(
                index=1, part=TextPart(content='world', part_kind='text'), event_kind='part_start'
            )
        )
>       assert manager.get_parts() == snapshot([TextPart(content='hello world', part_kind='text')])
E       AssertionError: assert [TextPart(con...tent='world')] == [TextPart(con...hello world')]
E         
E         At index 0 diff: TextPart(content='hello ') != TextPart(content='hello world')
E         Left contains one more item: TextPart(content='world')
E         Use -v to get more diff

tests/test_parts_manager.py:43: AssertionError
=========================== short test summary info ============================
FAILED tests/test_parts_manager.py::test_handle_text_deltas[None] - Assertion...
ERROR tests/test_parts_manager.py::test_handle_text_deltas[None] - Failed: so...
!!!!!!!!!!!!!!!!!!!!!!!!!! stopping after 2 failures !!!!!!!!!!!!!!!!!!!!!!!!!!!
========================== 1 failed, 1 error in 0.45s ==========================

/Users/akshankrithick/anaconda3/envs/vvenv/lib/python3.11/site-packages/pytest_asyncio/plugin.py:247: PytestDeprecationWarning: The configuration option "asyncio_default_fixture_loop_scope" is unset.
The event loop scope for asynchronous fixtures will default to the fixture caching scope. Future versions of pytest-asyncio will default the loop scope for asynchronous fixtures to function scope. Set the default fixture loop scope explicitly in order to avoid unexpected behavior in the future. Valid fixture loop scopes are: "function", "class", "module", "package", "session"

  warnings.warn(PytestDeprecationWarning(_DEFAULT_FIXTURE_LOOP_SCOPE_UNSET))