antic_graph/beta/graph.py:750: in _run_tracked_task
    result = await self._run_task(t_)
pydantic_graph/pydantic_graph/beta/graph.py:775: in _run_task
    return self._handle_edges(node, inputs, fork_stack)
pydantic_graph/pydantic_graph/beta/graph.py:881: in _handle_edges
    return self._handle_non_fork_edges(node, inputs, fork_stack)
pydantic_graph/pydantic_graph/beta/graph.py:886: in _handle_non_fork_edges
    return self._handle_path(edges[0], inputs, fork_stack)
_ _ _ _ _ _ _ _ _ _ _ _ _ _ _ _ _ _ _ _ _ _ _ _ _ _ _ _ _ _ _ _ _ _ _ _ _ _ _ _ 

self = _GraphIterator(graph=<pydantic_graph.beta.graph.Graph object at 0x1090a2a10
stateDiagram-v2
  UserPromptNode
  state d...nd_channels=0, open_receive_channels=0, waiting_receivers=OrderedDict(), waiting_senders=OrderedDict()), _closed=True))
path = Path(items=[DestinationMarker(destination_id='UserPromptNode')])
inputs = UserPromptNode(user_prompt='Hello, this prompt exceeds the request tokens limit.', instructions_functions=[], system_prompts=(), system_prompt_functions=[], system_prompt_dynamic_functions={})
fork_stack = (ForkStackItem(fork_id='__start__', node_run_id='task:0', thread_index=0),)

    def _handle_path(self, path: Path, inputs: Any, fork_stack: ForkStack) -> Sequence[GraphTask]:
        if not path.items:
            return []  # pragma: no cover
    
        item = path.items[0]
>       assert isinstance(item, MapMarker | BroadcastMarker), (
            'These markers should be removed from paths during graph building'
        )
E       AssertionError: These markers should be removed from paths during graph building

pydantic_graph/pydantic_graph/beta/graph.py:862: AssertionError
=========================== short test summary info ============================
FAILED tests/test_usage_limits.py::test_request_token_limit - AssertionError:...
!!!!!!!!!!!!!!!!!!!!!!!!!! stopping after 1 failures !!!!!!!!!!!!!!!!!!!!!!!!!!!
========================= 1 failed, 1 passed in 0.66s ==========================

/Users/akshankrithick/anaconda3/envs/vvenv/lib/python3.11/site-packages/pytest_asyncio/plugin.py:247: PytestDeprecationWarning: The configuration option "asyncio_default_fixture_loop_scope" is unset.
The event loop scope for asynchronous fixtures will default to the fixture caching scope. Future versions of pytest-asyncio will default the loop scope for asynchronous fixtures to function scope. Set the default fixture loop scope explicitly in order to avoid unexpected behavior in the future. Valid fixture loop scopes are: "function", "class", "module", "package", "session"

  warnings.warn(PytestDeprecationWarning(_DEFAULT_FIXTURE_LOOP_SCOPE_UNSET))