=================
_________ ERROR at teardown of test_group_by_temporal[0.04-expected3] __________
some snapshots in this test have incorrect values.
If you just created this value with --inline-snapshot=create, the value is now created and you can ignore this message.
=================================== FAILURES ===================================
____________________ test_group_by_temporal[0.04-expected3] ____________________

interval = 0.04, expected = [[1, 2], [3]]

    @pytest.mark.parametrize(
        'interval,expected',
        [
            (0.01, snapshot([[1], [2], [3]])),  # Changed None to a small positive number
            (0, snapshot([[1], [2], [3]])),
            (0.02, snapshot([[1], [2], [3]])),
            (0.04, snapshot([[1, 2], [3]])),
            (0.1, snapshot([[1, 2, 3]])),
        ],
    )
    async def test_group_by_temporal(interval: float | None, expected: list[list[int]]):
        async def yield_groups() -> AsyncIterator[int]:
            yield 1
            await asyncio.sleep(0.02)
            yield 2
            await asyncio.sleep(0.02)
            yield 3
            await asyncio.sleep(0.02)
    
        async with group_by_temporal(yield_groups(), soft_max_interval=interval) as groups_iter:
            groups: list[list[int]] = [g async for g in groups_iter]
>           assert groups == expected
E           assert [[1], [2], [3]] == [[1, 2], [3]]
E             
E             At index 0 diff: [1] != [1, 2]
E             Left contains one more item: [3]
E             Use -v to get more diff

tests/test_utils.py:52: AssertionError
=========================== short test summary info ============================
FAILED tests/test_utils.py::test_group_by_temporal[0.04-expected3] - assert [...
ERROR tests/test_utils.py::test_group_by_temporal[0.04-expected3] - Failed: s...
!!!!!!!!!!!!!!!!!!!!!!!!!! stopping after 2 failures !!!!!!!!!!!!!!!!!!!!!!!!!!!
===================== 1 failed, 3 passed, 1 error in 0.69s =====================

/Users/akshankrithick/anaconda3/envs/vvenv/lib/python3.11/site-packages/pytest_asyncio/plugin.py:247: PytestDeprecationWarning: The configuration option "asyncio_default_fixture_loop_scope" is unset.
The event loop scope for asynchronous fixtures will default to the fixture caching scope. Future versions of pytest-asyncio will default the loop scope for asynchronous fixtures to function scope. Set the default fixture loop scope explicitly in order to avoid unexpected behavior in the future. Valid fixture loop scopes are: "function", "class", "module", "package", "session"

  warnings.warn(PytestDeprecationWarning(_DEFAULT_FIXTURE_LOOP_SCOPE_UNSET))