if any(char.isascii() and not char.isprintable() for char in value):
                    char = next(
                        char for char in value if char.isascii() and not char.isprintable()
                    )
                    idx = value.find(char)
                    error = (
                        f"Invalid non-printable ASCII character in URL {key} component, "
                        f"{char!r} at position {idx}."
                    )
                    raise InvalidURL(error)
    
                # Ensure that keyword arguments match as a valid regex.
                if not COMPONENT_REGEX[key].fullmatch(value):
                    raise InvalidURL(f"Invalid URL component '{key}'")
    
        # The URL_REGEX will always match, but may have empty components.
        url_match = URL_REGEX.match(url)
        assert url_match is not None
        url_dict = url_match.groupdict()
    
        # * 'scheme', 'authority', and 'path' may be empty strings.
        # * 'query' may be 'None', indicating no trailing "?" portion.
        #   Any string including the empty string, indicates a trailing "?".
        # * 'fragment' may be 'None', indicating no trailing "#" portion.
        #   Any string including the empty string, indicates a trailing "#".
        scheme = kwargs.get("scheme", url_dict["scheme"]) or ""
        authority = kwargs.get("authority", url_dict["authority"]) or ""
        path = kwargs.get("path", url_dict["path"]) or ""
        query = kwargs.get("query", url_dict["query"])
        frag = kwargs.get("fragment", url_dict["fragment"])
    
        # The AUTHORITY_REGEX will always match, but may have empty components.
        authority_match = AUTHORITY_REGEX.match(authority)
>       assert authority_match is None
E       AssertionError

httpx/_urlparse.py:306: AssertionError
!!!!!!!!!!!!!!!!!!!!!!!!!! stopping after 1 failures !!!!!!!!!!!!!!!!!!!!!!!!!!!
============================== 1 failed in 0.15s ===============================

/Users/akshankrithick/anaconda3/envs/vvenv/lib/python3.11/site-packages/pytest_asyncio/plugin.py:247: PytestDeprecationWarning: The configuration option "asyncio_default_fixture_loop_scope" is unset.
The event loop scope for asynchronous fixtures will default to the fixture caching scope. Future versions of pytest-asyncio will default the loop scope for asynchronous fixtures to function scope. Set the default fixture loop scope explicitly in order to avoid unexpected behavior in the future. Valid fixture loop scopes are: "function", "class", "module", "package", "session"

  warnings.warn(PytestDeprecationWarning(_DEFAULT_FIXTURE_LOOP_SCOPE_UNSET))