ary_content.identifier == snapshot(None)                      │
│      assert binary_content.media_type == snapshot('image/jpeg')              │
│      assert binary_content_ta.dump_python(binary_content) == snapshot(       │
│          {                                                                   │
╰──────────────────────────────────────────────────────────────────────────────╯
These changes are not applied.
Use --inline-snapshot=fix to apply them, or use the interactive mode with 
--inline-snapshot=review



==================================== ERRORS ====================================
_ ERROR at teardown of test_binary_content_validation_with_optional_identifier _
some snapshots in this test have incorrect values.
If you just created this value with --inline-snapshot=create, the value is now created and you can ignore this message.
=================================== FAILURES ===================================
___________ test_binary_content_validation_with_optional_identifier ____________

    def test_binary_content_validation_with_optional_identifier():
        binary_content_ta = TypeAdapter(BinaryContent)
        binary_content = binary_content_ta.validate_python({'data': b'fake', 'media_type': 'image/jpeg'})
        assert binary_content.data == b'fake'
>       assert binary_content.identifier == snapshot('c053ec')
E       AssertionError: assert None == 'c053ec'
E        +  where None = BinaryContent(data=b'fake', media_type='image/jpeg').identifier
E        +  and   'c053ec' = snapshot('c053ec')

tests/test_messages.py:663: AssertionError
=========================== short test summary info ============================
FAILED tests/test_messages.py::test_binary_content_validation_with_optional_identifier
ERROR tests/test_messages.py::test_binary_content_validation_with_optional_identifier
!!!!!!!!!!!!!!!!!!!!!!!!!! stopping after 2 failures !!!!!!!!!!!!!!!!!!!!!!!!!!!
==================== 1 failed, 80 passed, 1 error in 0.84s =====================

/Users/akshankrithick/anaconda3/envs/vvenv/lib/python3.11/site-packages/pytest_asyncio/plugin.py:247: PytestDeprecationWarning: The configuration option "asyncio_default_fixture_loop_scope" is unset.
The event loop scope for asynchronous fixtures will default to the fixture caching scope. Future versions of pytest-asyncio will default the loop scope for asynchronous fixtures to function scope. Set the default fixture loop scope explicitly in order to avoid unexpected behavior in the future. Valid fixture loop scopes are: "function", "class", "module", "package", "session"

  warnings.warn(PytestDeprecationWarning(_DEFAULT_FIXTURE_LOOP_SCOPE_UNSET))