in this test have incorrect values.
If you just created this value with --inline-snapshot=create, the value is now created and you can ignore this message.
=================================== FAILURES ===================================
___________________ test_handle_text_deltas_with_think_tags ____________________

    def test_handle_text_deltas_with_think_tags():
        manager = ModelResponsePartsManager()
        thinking_tags = ('<think>', '</think>')
    
        event = next(manager.handle_text_delta(vendor_part_id='content', content='pre-', thinking_tags=thinking_tags))
        assert event == snapshot(
            PartStartEvent(index=0, part=TextPart(content='pre-', part_kind='text'), event_kind='part_start')
        )
        assert manager.get_parts() == snapshot([TextPart(content='pre-', part_kind='text')])
    
        event = next(manager.handle_text_delta(vendor_part_id='content', content='thinking', thinking_tags=thinking_tags))
>       assert event == snapshot(
            PartDeltaEvent(
                index=0, delta=TextPartDelta(content_delta='thinking', part_delta_kind='text'), event_kind='part_delta'
            )
        )
E       AssertionError: assert PartDeltaEven...a='thinking')) == PartDeltaEven...a='thinking'))
E         
E         Omitting 2 identical items, use -vv to show
E         Differing attributes:
E         ['delta']
E         
E         Drill down into differing attribute delta:
E           delta: ThinkingPartDelta(content_delta='thinking') != TextPartDelta(content_delta='thinking')

tests/test_parts_manager.py:95: AssertionError
=========================== short test summary info ============================
FAILED tests/test_parts_manager.py::test_handle_text_deltas_with_think_tags
ERROR tests/test_parts_manager.py::test_handle_text_deltas_with_think_tags - ...
!!!!!!!!!!!!!!!!!!!!!!!!!! stopping after 2 failures !!!!!!!!!!!!!!!!!!!!!!!!!!!
===================== 1 failed, 3 passed, 1 error in 0.53s =====================

/Users/akshankrithick/anaconda3/envs/vvenv/lib/python3.11/site-packages/pytest_asyncio/plugin.py:247: PytestDeprecationWarning: The configuration option "asyncio_default_fixture_loop_scope" is unset.
The event loop scope for asynchronous fixtures will default to the fixture caching scope. Future versions of pytest-asyncio will default the loop scope for asynchronous fixtures to function scope. Set the default fixture loop scope explicitly in order to avoid unexpected behavior in the future. Valid fixture loop scopes are: "function", "class", "module", "package", "session"

  warnings.warn(PytestDeprecationWarning(_DEFAULT_FIXTURE_LOOP_SCOPE_UNSET))