t-2.4.0, order-1.3.0, anyio-4.8.0, rerunfailures-15.1, inline-snapshot-0.31.1, hypothesis-6.148.2, asyncio-1.3.0, rich-0.2.0, cov-7.0.0
asyncio: mode=Mode.STRICT, debug=False, asyncio_default_fixture_loop_scope=None, asyncio_default_test_loop_scope=function
collected 27 items

tests/test_tenacity.py .............F

=================================== FAILURES ===================================
___________ TestWaitRetryAfter.test_non_http_exception_uses_fallback ___________

self = <tests.test_tenacity.TestWaitRetryAfter object at 0x10971b210>

    def test_non_http_exception_uses_fallback(self):
        """Test that fallback strategy is used for non-HTTP exceptions."""
        fallback = Mock(return_value=3.0)
        wait_func = wait_retry_after(fallback_strategy=fallback, max_wait=300)
    
        # Create a retry state with a non-HTTP exception
        retry_state = Mock(spec=RetryCallState)
        retry_state.outcome = Mock()
        retry_state.outcome.failed = True
        retry_state.outcome.exception.return_value = ValueError('Some error')
    
>       result = wait_func(retry_state)

tests/test_tenacity.py:375: 
_ _ _ _ _ _ _ _ _ _ _ _ _ _ _ _ _ _ _ _ _ _ _ _ _ _ _ _ _ _ _ _ _ _ _ _ _ _ _ _ 

state = <Mock spec='RetryCallState' id='4454176848'>

    def wait_func(state: RetryCallState) -> float:
        exc = state.outcome.exception() if state.outcome else None
        if exc is not None and not isinstance(exc, HTTPStatusError):
>           retry_after = exc.response.headers.get('retry-after')
E           AttributeError: 'ValueError' object has no attribute 'response'

pydantic_ai_slim/pydantic_ai/retries.py:359: AttributeError
=========================== short test summary info ============================
FAILED tests/test_tenacity.py::TestWaitRetryAfter::test_non_http_exception_uses_fallback
!!!!!!!!!!!!!!!!!!!!!!!!!! stopping after 1 failures !!!!!!!!!!!!!!!!!!!!!!!!!!!
========================= 1 failed, 13 passed in 0.37s =========================

/Users/akshankrithick/anaconda3/envs/vvenv/lib/python3.11/site-packages/pytest_asyncio/plugin.py:247: PytestDeprecationWarning: The configuration option "asyncio_default_fixture_loop_scope" is unset.
The event loop scope for asynchronous fixtures will default to the fixture caching scope. Future versions of pytest-asyncio will default the loop scope for asynchronous fixtures to function scope. Set the default fixture loop scope explicitly in order to avoid unexpected behavior in the future. Valid fixture loop scopes are: "function", "class", "module", "package", "session"

  warnings.warn(PytestDeprecationWarning(_DEFAULT_FIXTURE_LOOP_SCOPE_UNSET))