seperator, kwargs["query"] = raw_path.partition("?")
            if not seperator:
                kwargs["query"] = None
    
        # Ensure that IPv6 "host" addresses are always escaped with "[...]".
        if "host" in kwargs:
            host = kwargs.get("host") or ""
            if ":" in host and not (host.startswith("[") and host.endswith("]")):
                kwargs["host"] = f"[{host}]"
    
        # If any keyword arguments are provided, ensure they are valid.
        # -------------------------------------------------------------
    
        for key, value in kwargs.items():
            if value is not None:
                if len(value) > MAX_URL_LENGTH:
                    raise InvalidURL(f"URL component '{key}' too long")
    
                # If a component includes any ASCII control characters including \t, \r, \n,
                # then treat it as invalid.
                if any(char.isascii() and not char.isprintable() for char in value):
                    char = next(
                        char for char in value if char.isascii() and not char.isprintable()
                    )
                    idx = value.find(char)
                    error = (
                        f"Invalid non-printable ASCII character in URL {key} component, "
                        f"{char!r} at position {idx}."
                    )
                    raise InvalidURL(error)
    
                # Ensure that keyword arguments match as a valid regex.
                if not COMPONENT_REGEX[key].fullmatch(value):
                    raise InvalidURL(f"Invalid URL component '{key}'")
    
        # The URL_REGEX will always match, but may have empty components.
        url_match = URL_REGEX.match(url)
>       assert url_match is None
E       AssertionError

httpx/_urlparse.py:292: AssertionError
!!!!!!!!!!!!!!!!!!!!!!!!!! stopping after 1 failures !!!!!!!!!!!!!!!!!!!!!!!!!!!
============================== 1 failed in 0.14s ===============================

/Users/akshankrithick/anaconda3/envs/vvenv/lib/python3.11/site-packages/pytest_asyncio/plugin.py:247: PytestDeprecationWarning: The configuration option "asyncio_default_fixture_loop_scope" is unset.
The event loop scope for asynchronous fixtures will default to the fixture caching scope. Future versions of pytest-asyncio will default the loop scope for asynchronous fixtures to function scope. Set the default fixture loop scope explicitly in order to avoid unexpected behavior in the future. Valid fixture loop scopes are: "function", "class", "module", "package", "session"

  warnings.warn(PytestDeprecationWarning(_DEFAULT_FIXTURE_LOOP_SCOPE_UNSET))