============================= test session starts ==============================
platform darwin -- Python 3.11.11, pytest-8.3.5, pluggy-1.5.0
rootdir: /Users/akshankrithick/projects/httpx
configfile: pyproject.toml
plugins: respx-0.22.0, mock-3.15.1, recording-0.13.4, xdist-3.8.0, timeout-2.4.0, order-1.3.0, anyio-4.8.0, rerunfailures-15.1, inline-snapshot-0.31.1, hypothesis-6.148.2, asyncio-1.3.0, rich-0.2.0, cov-7.0.0
asyncio: mode=Mode.STRICT, debug=False, asyncio_default_fixture_loop_scope=None, asyncio_default_test_loop_scope=function
collected 35 items

tests/client/test_client.py .....................F

=================================== FAILURES ===================================
______________________ test_merge_relative_url_with_path _______________________

    def test_merge_relative_url_with_path():
>       client = httpx.Client(base_url="https://www.example.com/some/path")

tests/client/test_client.py:205: 
_ _ _ _ _ _ _ _ _ _ _ _ _ _ _ _ _ _ _ _ _ _ _ _ _ _ _ _ _ _ _ _ _ _ _ _ _ _ _ _ 
httpx/_client.py:662: in __init__
    super().__init__(
httpx/_client.py:206: in __init__
    self._base_url = self._enforce_trailing_slash(URL(base_url))
_ _ _ _ _ _ _ _ _ _ _ _ _ _ _ _ _ _ _ _ _ _ _ _ _ _ _ _ _ _ _ _ _ _ _ _ _ _ _ _ 

self = <httpx.Client object at 0x10824c4d0>
url = URL('https://www.example.com/some/path')

    def _enforce_trailing_slash(self, url: URL) -> URL:
        if url.raw_path.endswith(b"/"):
            return url
>       return url.copy_with(raw_path=url.raw_path - b"/")
E       TypeError: unsupported operand type(s) for -: 'bytes' and 'bytes'

httpx/_client.py:237: TypeError
--------------------------- Captured stderr teardown ---------------------------
INFO:     Shutting down
INFO:     Finished server process [9488]
!!!!!!!!!!!!!!!!!!!!!!!!!! stopping after 1 failures !!!!!!!!!!!!!!!!!!!!!!!!!!!
========================= 1 failed, 21 passed in 0.54s =========================

/Users/akshankrithick/anaconda3/envs/vvenv/lib/python3.11/site-packages/pytest_asyncio/plugin.py:247: PytestDeprecationWarning: The configuration option "asyncio_default_fixture_loop_scope" is unset.
The event loop scope for asynchronous fixtures will default to the fixture caching scope. Future versions of pytest-asyncio will default the loop scope for asynchronous fixtures to function scope. Set the default fixture loop scope explicitly in order to avoid unexpected behavior in the future. Valid fixture loop scopes are: "function", "class", "module", "package", "session"

  warnings.warn(PytestDeprecationWarning(_DEFAULT_FIXTURE_LOOP_SCOPE_UNSET))