============================= test session starts ==============================
platform darwin -- Python 3.11.11, pytest-8.3.5, pluggy-1.5.0
rootdir: /Users/akshankrithick/projects/pydantic-ai
configfile: pyproject.toml
plugins: respx-0.22.0, mock-3.15.1, recording-0.13.4, xdist-3.8.0, timeout-2.4.0, order-1.3.0, anyio-4.8.0, rerunfailures-15.1, inline-snapshot-0.31.1, hypothesis-6.148.2, asyncio-1.3.0, rich-0.2.0, cov-7.0.0
asyncio: mode=Mode.STRICT, debug=False, asyncio_default_fixture_loop_scope=None, asyncio_default_test_loop_scope=function
collected 101 items

tests/test_ssrf.py ..................................................... [ 52%]
...........F

=================================== FAILURES ===================================
__________________ TestBuildUrlWithIp.test_http_default_port ___________________

self = <tests.test_ssrf.TestBuildUrlWithIp object at 0x105913b50>

    def test_http_default_port(self) -> None:
        resolved = ResolvedUrl(
            resolved_ip='203.0.113.50', hostname='example.com', port=80, is_https=False, path='/path'
        )
        url = build_url_with_ip(resolved)
>       assert url == 'http://203.0.113.50/path'
E       AssertionError: assert 'http://[203.0.113.50]/path' == 'http://203.0.113.50/path'
E         
E         - http://203.0.113.50/path
E         + http://[203.0.113.50]/path
E         ?        +            +

tests/test_ssrf.py:240: AssertionError
=========================== short test summary info ============================
FAILED tests/test_ssrf.py::TestBuildUrlWithIp::test_http_default_port - Asser...
!!!!!!!!!!!!!!!!!!!!!!!!!! stopping after 1 failures !!!!!!!!!!!!!!!!!!!!!!!!!!!
========================= 1 failed, 64 passed in 0.63s =========================

/Users/akshankrithick/anaconda3/envs/vvenv/lib/python3.11/site-packages/pytest_asyncio/plugin.py:247: PytestDeprecationWarning: The configuration option "asyncio_default_fixture_loop_scope" is unset.
The event loop scope for asynchronous fixtures will default to the fixture caching scope. Future versions of pytest-asyncio will default the loop scope for asynchronous fixtures to function scope. Set the default fixture loop scope explicitly in order to avoid unexpected behavior in the future. Valid fixture loop scopes are: "function", "class", "module", "package", "session"

  warnings.warn(PytestDeprecationWarning(_DEFAULT_FIXTURE_LOOP_SCOPE_UNSET))