==============================
platform darwin -- Python 3.11.11, pytest-8.3.5, pluggy-1.5.0
rootdir: /Users/akshankrithick/projects/pydantic-ai
configfile: pyproject.toml
plugins: respx-0.22.0, mock-3.15.1, recording-0.13.4, xdist-3.8.0, timeout-2.4.0, order-1.3.0, anyio-4.8.0, rerunfailures-15.1, inline-snapshot-0.31.1, hypothesis-6.148.2, asyncio-1.3.0, rich-0.2.0, cov-7.0.0
asyncio: mode=Mode.STRICT, debug=False, asyncio_default_fixture_loop_scope=None, asyncio_default_test_loop_scope=function
collected 1 item

tests/test_exceptions.py F

=================================== FAILURES ===================================
_________________ test_tool_retry_error_str_with_error_details _________________

    def test_tool_retry_error_str_with_error_details():
        """Test that ToolRetryError formats ErrorDetails automatically."""
        validation_error = ValidationError.from_exception_data(
            'Test', [{'type': 'string_type', 'loc': ('name',), 'input': 123}]
        )
        part = RetryPromptPart(content=validation_error.errors(include_url=False), tool_name='my_tool')
        error = ToolRetryError(part)
    
>       assert str(error) == (
            "1 validation error for 'my_tool'\nname\n  Input should be a valid string [type=string_type, input_value=123]"
        )
E       AssertionError: assert '1 validation...ut_value=123]' == '1 validation...ut_value=123]'
E         
E         - 1 validation error for 'my_tool'
E         + 1 validation errors for 'my_tool'
E         ?                   +
E           name
E             Input should be a valid string [type=string_type, input_value=123]

tests/test_exceptions.py:85: AssertionError
=========================== short test summary info ============================
FAILED tests/test_exceptions.py::test_tool_retry_error_str_with_error_details
!!!!!!!!!!!!!!!!!!!!!!!!!! stopping after 1 failures !!!!!!!!!!!!!!!!!!!!!!!!!!!
============================== 1 failed in 0.48s ===============================

/Users/akshankrithick/anaconda3/envs/vvenv/lib/python3.11/site-packages/pytest_asyncio/plugin.py:247: PytestDeprecationWarning: The configuration option "asyncio_default_fixture_loop_scope" is unset.
The event loop scope for asynchronous fixtures will default to the fixture caching scope. Future versions of pytest-asyncio will default the loop scope for asynchronous fixtures to function scope. Set the default fixture loop scope explicitly in order to avoid unexpected behavior in the future. Valid fixture loop scopes are: "function", "class", "module", "package", "session"

  warnings.warn(PytestDeprecationWarning(_DEFAULT_FIXTURE_LOOP_SCOPE_UNSET))