_inferred:
    |                                                 ^^^^^^^^^^^^^^^^^^^^^^
    | AttributeError: 'Agent' object has no attribute '_is_name_inferred'
    +---------------- 4 ----------------
    | Traceback (most recent call last):
    |   File "/Users/akshankrithick/projects/pydantic-ai/tests/test_concurrency.py", line 246, in run_agent
    |     result = await agent.run('call slow_tool', model=TestModel(call_tools=['slow_tool']))
    |              ^^^^^^^^^^^^^^^^^^^^^^^^^^^^^^^^^^^^^^^^^^^^^^^^^^^^^^^^^^^^^^^^^^^^^^^^^^^^
    |   File "/Users/akshankrithick/projects/pydantic-ai/pydantic_ai_slim/pydantic_ai/agent/abstract.py", line 254, in run
    |     if infer_name and self.name is None and not self._is_name_inferred:
    |                                                 ^^^^^^^^^^^^^^^^^^^^^^
    | AttributeError: 'Agent' object has no attribute '_is_name_inferred'
    +---------------- 5 ----------------
    | Traceback (most recent call last):
    |   File "/Users/akshankrithick/projects/pydantic-ai/tests/test_concurrency.py", line 246, in run_agent
    |     result = await agent.run('call slow_tool', model=TestModel(call_tools=['slow_tool']))
    |              ^^^^^^^^^^^^^^^^^^^^^^^^^^^^^^^^^^^^^^^^^^^^^^^^^^^^^^^^^^^^^^^^^^^^^^^^^^^^
    |   File "/Users/akshankrithick/projects/pydantic-ai/pydantic_ai_slim/pydantic_ai/agent/abstract.py", line 254, in run
    |     if infer_name and self.name is None and not self._is_name_inferred:
    |                                                 ^^^^^^^^^^^^^^^^^^^^^^
    | AttributeError: 'Agent' object has no attribute '_is_name_inferred'
    +------------------------------------
=========================== short test summary info ============================
FAILED tests/test_concurrency.py::TestAgentConcurrency::test_agent_concurrency_limit
!!!!!!!!!!!!!!!!!!!!!!!!!! stopping after 1 failures !!!!!!!!!!!!!!!!!!!!!!!!!!!
========================= 1 failed, 10 passed in 0.67s =========================

/Users/akshankrithick/anaconda3/envs/vvenv/lib/python3.11/site-packages/pytest_asyncio/plugin.py:247: PytestDeprecationWarning: The configuration option "asyncio_default_fixture_loop_scope" is unset.
The event loop scope for asynchronous fixtures will default to the fixture caching scope. Future versions of pytest-asyncio will default the loop scope for asynchronous fixtures to function scope. Set the default fixture loop scope explicitly in order to avoid unexpected behavior in the future. Valid fixture loop scopes are: "function", "class", "module", "package", "session"

  warnings.warn(PytestDeprecationWarning(_DEFAULT_FIXTURE_LOOP_SCOPE_UNSET))