debug=False, asyncio_default_fixture_loop_scope=None, asyncio_default_test_loop_scope=function
collected 33 items

tests/test_concurrency.py ..........F

=================================== FAILURES ===================================
______________ TestAgentConcurrency.test_agent_concurrency_limit _______________

self = <tests.test_concurrency.TestAgentConcurrency object at 0x104e2edd0>

    async def test_agent_concurrency_limit(self):
        """Test that agent respects max_concurrency."""
>       agent = Agent(TestModel(), max_concurrency=2)

tests/test_concurrency.py:227: 
_ _ _ _ _ _ _ _ _ _ _ _ _ _ _ _ _ _ _ _ _ _ _ _ _ _ _ _ _ _ _ _ _ _ _ _ _ _ _ _ 
pydantic_ai_slim/pydantic_ai/models/test.py:111: in __init__
    super().__init__(settings=settings, profile=profile)
_ _ _ _ _ _ _ _ _ _ _ _ _ _ _ _ _ _ _ _ _ _ _ _ _ _ _ _ _ _ _ _ _ _ _ _ _ _ _ _ 

self = TestModel(call_tools='all', custom_output_text=None, custom_output_args=None, seed=0, last_model_request_parameters=None)

    def __init__(
        self,
        *,
        settings: ModelSettings | None = None,
        profile: ModelProfileSpec | None = None,
    ) -> None:
        """Initialize the model with optional settings and profile.
    
        Args:
            settings: Model-specific settings that will be used as defaults for this model.
            profile: The model profile to use.
        """
        self._settings = settings
>       self._profile = profile if profile is not None else ModelProfileSpec()  # Ensure profile is set to a default if None
E       TypeError: 'types.UnionType' object is not callable

pydantic_ai_slim/pydantic_ai/models/__init__.py:644: TypeError
=========================== short test summary info ============================
FAILED tests/test_concurrency.py::TestAgentConcurrency::test_agent_concurrency_limit
!!!!!!!!!!!!!!!!!!!!!!!!!! stopping after 1 failures !!!!!!!!!!!!!!!!!!!!!!!!!!!
========================= 1 failed, 10 passed in 0.86s =========================

/Users/akshankrithick/anaconda3/envs/vvenv/lib/python3.11/site-packages/pytest_asyncio/plugin.py:247: PytestDeprecationWarning: The configuration option "asyncio_default_fixture_loop_scope" is unset.
The event loop scope for asynchronous fixtures will default to the fixture caching scope. Future versions of pytest-asyncio will default the loop scope for asynchronous fixtures to function scope. Set the default fixture loop scope explicitly in order to avoid unexpected behavior in the future. Valid fixture loop scopes are: "function", "class", "module", "package", "session"

  warnings.warn(PytestDeprecationWarning(_DEFAULT_FIXTURE_LOOP_SCOPE_UNSET))