> None:
        """Raises a `UsageLimitExceeded` exception if the usage exceeds any of the token limits."""
        input_tokens = usage.input_tokens
        if self.input_tokens_limit is not None and input_tokens > self.input_tokens_limit:
            raise UsageLimitExceeded(f'Exceeded the input_tokens_limit of {self.input_tokens_limit} ({input_tokens=})')
    
        output_tokens = usage.output_tokens
        if self.output_tokens_limit is not None and output_tokens > self.output_tokens_limit:
            raise UsageLimitExceeded(
                f'Exceeded the output_tokens_limit of {self.output_tokens_limit} ({output_tokens=})'
            )
    
        total_tokens = usage.total_tokens
        if self.total_tokens_limit is not None and total_tokens > self.total_tokens_limit:
>           raise UsageLimitExceeded(f'Exceeded the total_tokens_limit of {self.total_tokens_limit} ({total_tokens=})')
E           pydantic_ai.exceptions.UsageLimitExceeded: Exceeded the total_tokens_limit of 50 (total_tokens=56)

pydantic_ai_slim/pydantic_ai/usage.py:398: UsageLimitExceeded

During handling of the above exception, another exception occurred:

    def test_total_token_limit() -> None:
        test_agent = Agent(TestModel(custom_output_text='This utilizes 4 tokens!'))
    
>       with pytest.raises(UsageLimitExceeded, match=re.escape('Exceeded the total_tokens_limit of 50 (total_tokens=55)')):
E       AssertionError: Regex pattern did not match.
E        Regex: 'Exceeded\\ the\\ total_tokens_limit\\ of\\ 50\\ \\(total_tokens=55\\)'
E        Input: 'Exceeded the total_tokens_limit of 50 (total_tokens=56)'

tests/test_usage_limits.py:62: AssertionError
=========================== short test summary info ============================
FAILED tests/test_usage_limits.py::test_total_token_limit - AssertionError: R...
!!!!!!!!!!!!!!!!!!!!!!!!!! stopping after 1 failures !!!!!!!!!!!!!!!!!!!!!!!!!!!
========================= 1 failed, 3 passed in 0.48s ==========================

/Users/akshankrithick/anaconda3/envs/vvenv/lib/python3.11/site-packages/pytest_asyncio/plugin.py:247: PytestDeprecationWarning: The configuration option "asyncio_default_fixture_loop_scope" is unset.
The event loop scope for asynchronous fixtures will default to the fixture caching scope. Future versions of pytest-asyncio will default the loop scope for asynchronous fixtures to function scope. Set the default fixture loop scope explicitly in order to avoid unexpected behavior in the future. Valid fixture loop scopes are: "function", "class", "module", "package", "session"

  warnings.warn(PytestDeprecationWarning(_DEFAULT_FIXTURE_LOOP_SCOPE_UNSET))