hot-0.31.1, hypothesis-6.148.2, asyncio-1.3.0, rich-0.2.0, cov-7.0.0
asyncio: mode=Mode.STRICT, debug=False, asyncio_default_fixture_loop_scope=None, asyncio_default_test_loop_scope=function
collected 10 items

tests/test_direct.py ...F

=================================== FAILURES ===================================
________________________ test_model_request_stream_sync ________________________

    def test_model_request_stream_sync():
        with model_request_stream_sync('test', [ModelRequest.user_text_prompt('x')]) as stream:
>           chunks = [chunk for chunk in stream]

tests/test_direct.py:87: 
_ _ _ _ _ _ _ _ _ _ _ _ _ _ _ _ _ _ _ _ _ _ _ _ _ _ _ _ _ _ _ _ _ _ _ _ _ _ _ _ 
tests/test_direct.py:87: in <listcomp>
    chunks = [chunk for chunk in stream]
pydantic_ai_slim/pydantic_ai/direct.py:314: in __iter__
    self._check_context_manager_usage()
_ _ _ _ _ _ _ _ _ _ _ _ _ _ _ _ _ _ _ _ _ _ _ _ _ _ _ _ _ _ _ _ _ _ _ _ _ _ _ _ 

self = TestStreamedResponse(model_request_parameters=ModelRequestParameters(function_tools=[], builtin_tools=[], output_tools...'test', _provider_url=None, _timestamp=datetime.datetime(2026, 2, 12, 23, 3, 46, 666814, tzinfo=datetime.timezone.utc))

    def _check_context_manager_usage(self) -> None:
        if self._context_entered:
>           raise RuntimeError(
                'StreamedResponseSync must be used as a context manager. '
                'Use: `with model_request_stream_sync(...) as stream:`'
            )
E           RuntimeError: StreamedResponseSync must be used as a context manager. Use: `with model_request_stream_sync(...) as stream:`

pydantic_ai_slim/pydantic_ai/direct.py:335: RuntimeError
=========================== short test summary info ============================
FAILED tests/test_direct.py::test_model_request_stream_sync - RuntimeError: S...
!!!!!!!!!!!!!!!!!!!!!!!!!! stopping after 1 failures !!!!!!!!!!!!!!!!!!!!!!!!!!!
========================= 1 failed, 3 passed in 0.36s ==========================

/Users/akshankrithick/anaconda3/envs/vvenv/lib/python3.11/site-packages/pytest_asyncio/plugin.py:247: PytestDeprecationWarning: The configuration option "asyncio_default_fixture_loop_scope" is unset.
The event loop scope for asynchronous fixtures will default to the fixture caching scope. Future versions of pytest-asyncio will default the loop scope for asynchronous fixtures to function scope. Set the default fixture loop scope explicitly in order to avoid unexpected behavior in the future. Valid fixture loop scopes are: "function", "class", "module", "package", "session"

  warnings.warn(PytestDeprecationWarning(_DEFAULT_FIXTURE_LOOP_SCOPE_UNSET))
/Users/akshankrithick/anaconda3/envs/vvenv/lib/python3.11/asyncio/base_events.py:693: ResourceWarning: unclosed event loop <_UnixSelectorEventLoop running=False closed=False debug=False>