============================= test session starts ==============================
platform darwin -- Python 3.11.8, pytest-8.3.4, pluggy-1.5.0
rootdir: /private/var/folders/vz/02yk36wx3dz6dw661rcdxcxr0000gn/T/bca_eval_a402a5sm/repo
configfile: pyproject.toml
plugins: asyncio-0.24.0, respx-0.22.0, typeguard-4.3.0, anyio-4.2.0, cov-7.0.0
asyncio: mode=Mode.AUTO, default_loop_scope=None
collected 1 item

tests/test_graph.py F

=================================== FAILURES ===================================
________________________ TestGraphQuery.test_who_calls _________________________

self = <tests.test_graph.TestGraphQuery object at 0x1038c1a10>
tmp_project = PosixPath('/private/var/folders/vz/02yk36wx3dz6dw661rcdxcxr0000gn/T/pytest-of-akshankrithick/pytest-90/test_who_calls0')

    def test_who_calls(self, tmp_project: Path):
        query = self._build_query(tmp_project)
        callers = query.who_calls("helper_function")
        # main() calls helper_function()
        caller_names = [c["name"] for c in callers]
>       assert any("main" in name for name in caller_names)
E       assert False
E        +  where False = any(<generator object TestGraphQuery.test_who_calls.<locals>.<genexpr> at 0x103174380>)

tests/test_graph.py:175: AssertionError
=========================== short test summary info ============================
FAILED tests/test_graph.py::TestGraphQuery::test_who_calls - assert False
!!!!!!!!!!!!!!!!!!!!!!!!!! stopping after 1 failures !!!!!!!!!!!!!!!!!!!!!!!!!!!
============================== 1 failed in 0.12s ===============================

/Users/akshankrithick/anaconda3/lib/python3.11/site-packages/pytest_asyncio/plugin.py:208: PytestDeprecationWarning: The configuration option "asyncio_default_fixture_loop_scope" is unset.
The event loop scope for asynchronous fixtures will default to the fixture caching scope. Future versions of pytest-asyncio will default the loop scope for asynchronous fixtures to function scope. Set the default fixture loop scope explicitly in order to avoid unexpected behavior in the future. Valid fixture loop scopes are: "function", "class", "module", "package", "session"

  warnings.warn(PytestDeprecationWarning(_DEFAULT_FIXTURE_LOOP_SCOPE_UNSET))