failures-15.1, inline-snapshot-0.31.1, hypothesis-6.148.2, asyncio-1.3.0, rich-0.2.0, cov-7.0.0
asyncio: mode=Mode.STRICT, debug=False, asyncio_default_fixture_loop_scope=None, asyncio_default_test_loop_scope=function
collected 38 items

tests/test_multipart.py ..F

=================================== FAILURES ===================================
_ test_multipart_explicit_boundary[multipart/form-data; boundary=+++; charset=utf-8] _

header = 'multipart/form-data; boundary=+++; charset=utf-8'

    @pytest.mark.parametrize(
        "header",
        [
            "multipart/form-data; boundary=+++; charset=utf-8",
            "multipart/form-data; charset=utf-8; boundary=+++",
            "multipart/form-data; boundary=+++",
            "multipart/form-data; boundary=+++ ;",
            'multipart/form-data; boundary="+++"; charset=utf-8',
            'multipart/form-data; charset=utf-8; boundary="+++"',
            'multipart/form-data; boundary="+++"',
            'multipart/form-data; boundary="+++" ;',
        ],
    )
    def test_multipart_explicit_boundary(header: str) -> None:
        client = httpx.Client(transport=httpx.MockTransport(echo_request_content))
    
        files = {"file": io.BytesIO(b"<file content>")}
        headers = {"content-type": header}
        response = client.post("http://127.0.0.1:8000/", files=files, headers=headers)
        boundary_bytes = b"+++"
    
        assert response.status_code == 200
>       assert response.request.headers["Content-Type"] == header
E       AssertionError: assert 'multipart/fo... boundary=+++' == 'multipart/fo...charset=utf-8'
E         
E         - multipart/form-data; boundary=+++; charset=utf-8
E         ?                                  ---------------
E         + multipart/form-data; boundary=+++

tests/test_multipart.py:66: AssertionError
!!!!!!!!!!!!!!!!!!!!!!!!!! stopping after 1 failures !!!!!!!!!!!!!!!!!!!!!!!!!!!
========================= 1 failed, 2 passed in 0.10s ==========================

/Users/akshankrithick/anaconda3/envs/vvenv/lib/python3.11/site-packages/pytest_asyncio/plugin.py:247: PytestDeprecationWarning: The configuration option "asyncio_default_fixture_loop_scope" is unset.
The event loop scope for asynchronous fixtures will default to the fixture caching scope. Future versions of pytest-asyncio will default the loop scope for asynchronous fixtures to function scope. Set the default fixture loop scope explicitly in order to avoid unexpected behavior in the future. Valid fixture loop scopes are: "function", "class", "module", "package", "session"

  warnings.warn(PytestDeprecationWarning(_DEFAULT_FIXTURE_LOOP_SCOPE_UNSET))