)
                    msg = f"Exception in thread {thread_name}\n\n"
                    msg += "".join(
                        traceback.format_exception(
                            cm.args.exc_type,
                            cm.args.exc_value,
                            cm.args.exc_traceback,
                        )
                    )
>                   warnings.warn(pytest.PytestUnhandledThreadExceptionWarning(msg))
E                   pytest.PytestUnhandledThreadExceptionWarning: Exception in thread Thread-2 (_async_producer)
E                   
E                   Traceback (most recent call last):
E                     File "/Users/akshankrithick/anaconda3/envs/vvenv/lib/python3.11/threading.py", line 1045, in _bootstrap_inner
E                       self.run()
E                     File "/Users/akshankrithick/anaconda3/envs/vvenv/lib/python3.11/threading.py", line 982, in run
E                       self._target(*self._args, **self._kwargs)
E                     File "/Users/akshankrithick/projects/pydantic-ai/pydantic_ai_slim/pydantic_ai/direct.py", line 372, in _async_producer
E                       self._stream_response = StreamedResponse()  # Ensure a response is set
E                                               ^^^^^^^^^^^^^^^^^^
E                   TypeError: Can't instantiate abstract class StreamedResponse with abstract methods _get_event_iterator, model_name, provider_name, provider_url, timestamp

../../anaconda3/envs/vvenv/lib/python3.11/site-packages/_pytest/threadexception.py:82: PytestUnhandledThreadExceptionWarning
=========================== short test summary info ============================
FAILED tests/test_direct.py::test_model_request_stream_sync - pytest.PytestUn...
ERROR tests/test_direct.py::test_model_request_stream_sync - Failed: some sna...
!!!!!!!!!!!!!!!!!!!!!!!!!! stopping after 2 failures !!!!!!!!!!!!!!!!!!!!!!!!!!!
===================== 1 failed, 3 passed, 1 error in 0.39s =====================

/Users/akshankrithick/anaconda3/envs/vvenv/lib/python3.11/site-packages/pytest_asyncio/plugin.py:247: PytestDeprecationWarning: The configuration option "asyncio_default_fixture_loop_scope" is unset.
The event loop scope for asynchronous fixtures will default to the fixture caching scope. Future versions of pytest-asyncio will default the loop scope for asynchronous fixtures to function scope. Set the default fixture loop scope explicitly in order to avoid unexpected behavior in the future. Valid fixture loop scopes are: "function", "class", "module", "package", "session"

  warnings.warn(PytestDeprecationWarning(_DEFAULT_FIXTURE_LOOP_SCOPE_UNSET))