.8.0, rerunfailures-15.1, inline-snapshot-0.31.1, hypothesis-6.148.2, asyncio-1.3.0, rich-0.2.0, cov-7.0.0
asyncio: mode=Mode.STRICT, debug=False, asyncio_default_fixture_loop_scope=None, asyncio_default_test_loop_scope=function
collected 11 items

tests/test_main.py .......F

=================================== FAILURES ===================================
_________________________________ test_verbose _________________________________

server = <tests.conftest.TestServer object at 0x11226dc10>

    def test_verbose(server):
        url = str(server.url)
        runner = CliRunner()
        result = runner.invoke(httpx.main, [url, "-v"])
        assert result.exit_code == 0
>       assert remove_date_header(splitlines(result.output)) == [
            "* Connecting to '127.0.0.1'",
            "* Connected to '127.0.0.1' on port 8000",
            "GET / HTTP/1.1",
            f"Host: {server.url.netloc.decode('ascii')}",
            "Accept: */*",
            "Accept-Encoding: gzip, deflate, br, zstd",
            "Connection: keep-alive",
            f"User-Agent: python-httpx/{httpx.__version__}",
            "",
            "HTTP/1.1 200 OK",
            "server: uvicorn",
            "content-type: text/plain",
            "Transfer-Encoding: chunked",
            "",
            "Hello, world!",
        ]
E       assert ["* Connectin...r, zstd', ...] == ["* Connectin...r, zstd', ...]
E         
E         At index 2 diff: 'GET / HTTP/2' != 'GET / HTTP/1.1'
E         Use -v to get more diff

tests/test_main.py:126: AssertionError
----------------------------- Captured stdout call -----------------------------
INFO:     127.0.0.1:52876 - "GET / HTTP/1.1" 200 OK
--------------------------- Captured stderr teardown ---------------------------
INFO:     Shutting down
INFO:     Finished server process [1972]
!!!!!!!!!!!!!!!!!!!!!!!!!! stopping after 1 failures !!!!!!!!!!!!!!!!!!!!!!!!!!!
========================= 1 failed, 7 passed in 0.45s ==========================

/Users/akshankrithick/anaconda3/envs/vvenv/lib/python3.11/site-packages/pytest_asyncio/plugin.py:247: PytestDeprecationWarning: The configuration option "asyncio_default_fixture_loop_scope" is unset.
The event loop scope for asynchronous fixtures will default to the fixture caching scope. Future versions of pytest-asyncio will default the loop scope for asynchronous fixtures to function scope. Set the default fixture loop scope explicitly in order to avoid unexpected behavior in the future. Valid fixture loop scopes are: "function", "class", "module", "package", "session"

  warnings.warn(PytestDeprecationWarning(_DEFAULT_FIXTURE_LOOP_SCOPE_UNSET))