rder-1.3.0, anyio-4.8.0, rerunfailures-15.1, inline-snapshot-0.31.1, hypothesis-6.148.2, asyncio-1.3.0, rich-0.2.0, cov-7.0.0
asyncio: mode=Mode.STRICT, debug=False, asyncio_default_fixture_loop_scope=None, asyncio_default_test_loop_scope=function
collected 101 items

tests/test_ssrf.py ..............................................F

=================================== FAILURES ===================================
______ TestValidateUrlProtocol.test_allowed_protocols[http://example.com] ______

self = <tests.test_ssrf.TestValidateUrlProtocol object at 0x110e90210>
url = 'http://example.com'

    @pytest.mark.parametrize(
        'url',
        [
            'http://example.com',
            'https://example.com',
            'HTTP://EXAMPLE.COM',
            'HTTPS://EXAMPLE.COM',
        ],
    )
    def test_allowed_protocols(self, url: str) -> None:
>       scheme, is_https = validate_url_protocol(url)

tests/test_ssrf.py:161: 
_ _ _ _ _ _ _ _ _ _ _ _ _ _ _ _ _ _ _ _ _ _ _ _ _ _ _ _ _ _ _ _ _ _ _ _ _ _ _ _ 

url = 'http://example.com'

    def validate_url_protocol(url: str) -> tuple[str, bool]:
        """Validate that the URL uses an allowed protocol (http or https).
    
        Args:
            url: The URL to validate.
    
        Returns:
            Tuple of (scheme, is_https).
    
        Raises:
            ValueError: If the protocol is not http or https.
        """
        parsed = urlparse(url)
        scheme = parsed.scheme.lower()
    
>       if scheme not in ('http', 'https') or (scheme == 'http' and port == 80):
E       NameError: name 'port' is not defined

pydantic_ai_slim/pydantic_ai/_ssrf.py:145: NameError
=========================== short test summary info ============================
FAILED tests/test_ssrf.py::TestValidateUrlProtocol::test_allowed_protocols[http://example.com]
!!!!!!!!!!!!!!!!!!!!!!!!!! stopping after 1 failures !!!!!!!!!!!!!!!!!!!!!!!!!!!
========================= 1 failed, 46 passed in 0.47s =========================

/Users/akshankrithick/anaconda3/envs/vvenv/lib/python3.11/site-packages/pytest_asyncio/plugin.py:247: PytestDeprecationWarning: The configuration option "asyncio_default_fixture_loop_scope" is unset.
The event loop scope for asynchronous fixtures will default to the fixture caching scope. Future versions of pytest-asyncio will default the loop scope for asynchronous fixtures to function scope. Set the default fixture loop scope explicitly in order to avoid unexpected behavior in the future. Valid fixture loop scopes are: "function", "class", "module", "package", "session"

  warnings.warn(PytestDeprecationWarning(_DEFAULT_FIXTURE_LOOP_SCOPE_UNSET))