ine-snapshot-0.31.1, hypothesis-6.148.2, asyncio-1.3.0, rich-0.2.0, cov-7.0.0
asyncio: mode=Mode.STRICT, debug=False, asyncio_default_fixture_loop_scope=None, asyncio_default_test_loop_scope=function
collected 33 items

tests/test_concurrency.py ...............F

=================================== FAILURES ===================================
___________ TestConcurrencyLimitedModel.test_basic_concurrency_limit ___________

self = <tests.test_concurrency.TestConcurrencyLimitedModel object at 0x105156e90>

    async def test_basic_concurrency_limit(self):
        """Test that ConcurrencyLimitedModel limits concurrent requests."""
        from pydantic_ai.models.concurrency import ConcurrencyLimitedModel
    
        request_count = 0
        max_concurrent = 0
        lock = anyio.Lock()
    
        base_model = TestModel()
        original_request = TestModel.request.__get__(base_model)
    
        async def tracking_request(*args: Any, **kwargs: Any):
            nonlocal request_count, max_concurrent
            async with lock:
                request_count += 1
                max_concurrent = max(max_concurrent, request_count)
            try:
                await anyio.sleep(0.1)  # Simulate slow request
                return await original_request(*args, **kwargs)
            finally:
                async with lock:
                    request_count -= 1
    
        base_model.request = tracking_request
    
>       model = ConcurrencyLimitedModel(base_model, limiter=2, max_queued=0)
E       TypeError: ConcurrencyLimitedModel.__init__() got an unexpected keyword argument 'max_queued'

tests/test_concurrency.py:329: TypeError
=========================== short test summary info ============================
FAILED tests/test_concurrency.py::TestConcurrencyLimitedModel::test_basic_concurrency_limit
!!!!!!!!!!!!!!!!!!!!!!!!!! stopping after 1 failures !!!!!!!!!!!!!!!!!!!!!!!!!!!
========================= 1 failed, 15 passed in 1.25s =========================

/Users/akshankrithick/anaconda3/envs/vvenv/lib/python3.11/site-packages/pytest_asyncio/plugin.py:247: PytestDeprecationWarning: The configuration option "asyncio_default_fixture_loop_scope" is unset.
The event loop scope for asynchronous fixtures will default to the fixture caching scope. Future versions of pytest-asyncio will default the loop scope for asynchronous fixtures to function scope. Set the default fixture loop scope explicitly in order to avoid unexpected behavior in the future. Valid fixture loop scopes are: "function", "class", "module", "package", "session"

  warnings.warn(PytestDeprecationWarning(_DEFAULT_FIXTURE_LOOP_SCOPE_UNSET))