-1.3.0, rich-0.2.0, cov-7.0.0
asyncio: mode=Mode.STRICT, debug=False, asyncio_default_fixture_loop_scope=None, asyncio_default_test_loop_scope=function
collected 38 items

tests/test_multipart.py F

=================================== FAILURES ===================================
___________________________ test_multipart[abc-abc0] ___________________________

value = 'abc', output = b'abc'

    @pytest.mark.parametrize(("value,output"), (("abc", b"abc"), (b"abc", b"abc")))
    def test_multipart(value, output):
        client = httpx.Client(transport=httpx.MockTransport(echo_request_content))
    
        # Test with a single-value 'data' argument, and a plain file 'files' argument.
        data = {"text": value}
        files = {"file": io.BytesIO(b"<file content>")}
        response = client.post("http://127.0.0.1:8000/", data=data, files=files)
        boundary = response.request.headers["Content-Type"].split("boundary=")[-1]
        boundary_bytes = boundary.encode("ascii")
    
        assert response.status_code == 200
>       assert response.content == b"".join(
            [
                b"--" + boundary_bytes + b"\r\n",
                b'Content-Disposition: form-data; name="text"\r\n',
                b"\r\n",
                b"abc\r\n",
                b"--" + boundary_bytes + b"\r\n",
                b'Content-Disposition: form-data; name="file"; filename="upload"\r\n',
                b"Content-Type: application/octet-stream\r\n",
                b"\r\n",
                b"<file content>\r\n",
                b"--" + boundary_bytes + b"--\r\n",
            ]
        )
E       AssertionError: assert b'--7779af7ad...dd97951--\r\n' == b'--7779af7ad...dd97951--\r\n'
E         
E         At index 230 diff: b'f' != b'<'
E         Use -v to get more diff

tests/test_multipart.py:28: AssertionError
!!!!!!!!!!!!!!!!!!!!!!!!!! stopping after 1 failures !!!!!!!!!!!!!!!!!!!!!!!!!!!
============================== 1 failed in 0.09s ===============================

/Users/akshankrithick/anaconda3/envs/vvenv/lib/python3.11/site-packages/pytest_asyncio/plugin.py:247: PytestDeprecationWarning: The configuration option "asyncio_default_fixture_loop_scope" is unset.
The event loop scope for asynchronous fixtures will default to the fixture caching scope. Future versions of pytest-asyncio will default the loop scope for asynchronous fixtures to function scope. Set the default fixture loop scope explicitly in order to avoid unexpected behavior in the future. Valid fixture loop scopes are: "function", "class", "module", "package", "session"

  warnings.warn(PytestDeprecationWarning(_DEFAULT_FIXTURE_LOOP_SCOPE_UNSET))