ng_google[google] _________________________

docstring_format = 'google'

    @pytest.mark.parametrize('docstring_format', ['google', 'auto'])
    def test_docstring_google(docstring_format: Literal['google', 'auto']):
        agent = Agent(FunctionModel(get_json_schema))
        agent.tool_plain(docstring_format=docstring_format)(google_style_docstring)
    
>       result = agent.run_sync('Hello')

tests/test_tools.py:133: 
_ _ _ _ _ _ _ _ _ _ _ _ _ _ _ _ _ _ _ _ _ _ _ _ _ _ _ _ _ _ _ _ _ _ _ _ _ _ _ _ 
pydantic_ai_slim/pydantic_ai/agent/abstract.py:386: in run_sync
    return _utils.get_event_loop().run_until_complete(
../../anaconda3/envs/vvenv/lib/python3.11/asyncio/base_events.py:654: in run_until_complete
    return future.result()
pydantic_ai_slim/pydantic_ai/agent/abstract.py:255: in run
    self._infer_name(inspect.currentframe())
_ _ _ _ _ _ _ _ _ _ _ _ _ _ _ _ _ _ _ _ _ _ _ _ _ _ _ _ _ _ _ _ _ _ _ _ _ _ _ _ 

self = Agent(model=FunctionModel(function=<function get_json_schema at 0x10555b4c0>, stream_function=None), name='agent', end_strategy='early', model_settings=None, output_type=<class 'str'>, instrument=None)
function_frame = <frame at 0x106304a00, file '/Users/akshankrithick/projects/pydantic-ai/pydantic_ai_slim/pydantic_ai/agent/abstract.py', line 255, code run>

    def _infer_name(self, function_frame: FrameType | None) -> None:
        """Infer the agent name from the call frame.
    
        RunUsage should be `self._infer_name(inspect.currentframe())`.
        """
>       assert self.name is None, 'Name already set'
E       AssertionError: Name already set

pydantic_ai_slim/pydantic_ai/agent/abstract.py:1160: AssertionError
=========================== short test summary info ============================
FAILED tests/test_tools.py::test_docstring_google[google] - AssertionError: N...
!!!!!!!!!!!!!!!!!!!!!!!!!! stopping after 1 failures !!!!!!!!!!!!!!!!!!!!!!!!!!!
========================= 1 failed, 4 passed in 0.58s ==========================

/Users/akshankrithick/anaconda3/envs/vvenv/lib/python3.11/site-packages/pytest_asyncio/plugin.py:247: PytestDeprecationWarning: The configuration option "asyncio_default_fixture_loop_scope" is unset.
The event loop scope for asynchronous fixtures will default to the fixture caching scope. Future versions of pytest-asyncio will default the loop scope for asynchronous fixtures to function scope. Set the default fixture loop scope explicitly in order to avoid unexpected behavior in the future. Valid fixture loop scopes are: "function", "class", "module", "package", "session"

  warnings.warn(PytestDeprecationWarning(_DEFAULT_FIXTURE_LOOP_SCOPE_UNSET))