3.4, xdist-3.8.0, timeout-2.4.0, order-1.3.0, anyio-4.8.0, rerunfailures-15.1, inline-snapshot-0.31.1, hypothesis-6.148.2, asyncio-1.3.0, rich-0.2.0, cov-7.0.0
asyncio: mode=Mode.STRICT, debug=False, asyncio_default_fixture_loop_scope=None, asyncio_default_test_loop_scope=function
collected 10 items

tests/test_direct.py .........F

=================================== FAILURES ===================================
______________________________ test_prepare_model ______________________________

    def test_prepare_model():
        with set_instrument_default(False):
            model = _prepare_model('test', None)
            assert isinstance(model, TestModel)
    
>           model = _prepare_model('test', True)

tests/test_direct.py:221: 
_ _ _ _ _ _ _ _ _ _ _ _ _ _ _ _ _ _ _ _ _ _ _ _ _ _ _ _ _ _ _ _ _ _ _ _ _ _ _ _ 
pydantic_ai_slim/pydantic_ai/direct.py:279: in _prepare_model
    return instrumented_models.instrument_model(model_instance, instrument)
_ _ _ _ _ _ _ _ _ _ _ _ _ _ _ _ _ _ _ _ _ _ _ _ _ _ _ _ _ _ _ _ _ _ _ _ _ _ _ _ 

model = TestModel(call_tools='all', custom_output_text=None, custom_output_args=None, seed=0, last_model_request_parameters=None)
instrument = True

    def instrument_model(model: Model, instrument: InstrumentationSettings | bool) -> Model:
        """Instrument a model with OpenTelemetry/logfire."""
        if instrument and not isinstance(model, InstrumentedModel):
            if instrument is True:
>               instrument = InstrumentationSettings(tracer_provider=tracer_provider)
E               NameError: name 'tracer_provider' is not defined

pydantic_ai_slim/pydantic_ai/models/instrumented.py:70: NameError
=========================== short test summary info ============================
FAILED tests/test_direct.py::test_prepare_model - NameError: name 'tracer_pro...
!!!!!!!!!!!!!!!!!!!!!!!!!! stopping after 1 failures !!!!!!!!!!!!!!!!!!!!!!!!!!!
========================= 1 failed, 9 passed in 0.65s ==========================

/Users/akshankrithick/anaconda3/envs/vvenv/lib/python3.11/site-packages/pytest_asyncio/plugin.py:247: PytestDeprecationWarning: The configuration option "asyncio_default_fixture_loop_scope" is unset.
The event loop scope for asynchronous fixtures will default to the fixture caching scope. Future versions of pytest-asyncio will default the loop scope for asynchronous fixtures to function scope. Set the default fixture loop scope explicitly in order to avoid unexpected behavior in the future. Valid fixture loop scopes are: "function", "class", "module", "package", "session"

  warnings.warn(PytestDeprecationWarning(_DEFAULT_FIXTURE_LOOP_SCOPE_UNSET))