message.
=================================== FAILURES ===================================
________________________ test_handle_text_deltas[None] _________________________

vendor_part_id = None

    @pytest.mark.parametrize('vendor_part_id', [None, 'content'])
    def test_handle_text_deltas(vendor_part_id: str | None):
        manager = ModelResponsePartsManager()
        assert manager.get_parts() == []
    
        event = next(manager.handle_text_delta(vendor_part_id=vendor_part_id, content='hello '))
        assert event == snapshot(
            PartStartEvent(index=0, part=TextPart(content='hello ', part_kind='text'), event_kind='part_start')
        )
        assert manager.get_parts() == snapshot([TextPart(content='hello ', part_kind='text')])
    
        event = next(manager.handle_text_delta(vendor_part_id=vendor_part_id, content='world ', thinking_tags=None))
>       assert event == snapshot(
            PartDeltaEvent(
                index=0, delta=TextPartDelta(content_delta='world', part_delta_kind='text'), event_kind='part_delta'
            )
        )
E       AssertionError: assert PartDeltaEven...lta='world ')) == PartDeltaEven...elta='world'))
E         
E         Omitting 2 identical items, use -vv to show
E         Differing attributes:
E         ['delta']
E         
E         Drill down into differing attribute delta:
E           delta: TextPartDelta(content_delta='world ') != TextPartDelta(content_delta='world')...
E         
E         ...Full output truncated (10 lines hidden), use '-vv' to show

tests/test_parts_manager.py:38: AssertionError
=========================== short test summary info ============================
FAILED tests/test_parts_manager.py::test_handle_text_deltas[None] - Assertion...
ERROR tests/test_parts_manager.py::test_handle_text_deltas[None] - Failed: so...
!!!!!!!!!!!!!!!!!!!!!!!!!! stopping after 2 failures !!!!!!!!!!!!!!!!!!!!!!!!!!!
========================== 1 failed, 1 error in 0.66s ==========================

/Users/akshankrithick/anaconda3/envs/vvenv/lib/python3.11/site-packages/pytest_asyncio/plugin.py:247: PytestDeprecationWarning: The configuration option "asyncio_default_fixture_loop_scope" is unset.
The event loop scope for asynchronous fixtures will default to the fixture caching scope. Future versions of pytest-asyncio will default the loop scope for asynchronous fixtures to function scope. Set the default fixture loop scope explicitly in order to avoid unexpected behavior in the future. Valid fixture loop scopes are: "function", "class", "module", "package", "session"

  warnings.warn(PytestDeprecationWarning(_DEFAULT_FIXTURE_LOOP_SCOPE_UNSET))