st_loop_scope=function
collected 40 items

tests/test_utils.py .............F

=================================== FAILURES ===================================
_____________________________ test_logging_request _____________________________

server = <tests.conftest.TestServer object at 0x105fd3c50>
caplog = <_pytest.logging.LogCaptureFixture object at 0x106388190>

    def test_logging_request(server, caplog):
        caplog.set_level(logging.INFO)
>       with httpx.Client() as client:

tests/test_utils.py:55: 
_ _ _ _ _ _ _ _ _ _ _ _ _ _ _ _ _ _ _ _ _ _ _ _ _ _ _ _ _ _ _ _ _ _ _ _ _ _ _ _ 
httpx/_client.py:662: in __init__
    super().__init__(
httpx/_client.py:212: in __init__
    self._timeout = Timeout(timeout)
_ _ _ _ _ _ _ _ _ _ _ _ _ _ _ _ _ _ _ _ _ _ _ _ _ _ _ _ _ _ _ _ _ _ _ _ _ _ _ _ 

self = <[AttributeError("'Timeout' object has no attribute 'connect'") raised in repr()] Timeout object at 0x106388790>
timeout = Timeout(timeout=<httpx._config.UnsetType object at 0x104614ad0>)

    def __init__(
        self,
        timeout: TimeoutTypes | None = None,
        *,
        connect: None | float | UnsetType = UNSET,
        read: None | float | UnsetType = UNSET,
        write: None | float | UnsetType = UNSET,
        pool: None | float | UnsetType = UNSET,
    ) -> None:
        if isinstance(timeout, Timeout):
            # Passed as a single explicit Timeout.
>           assert connect is None
E           AssertionError

httpx/_config.py:97: AssertionError
---------------------------- Captured stderr setup -----------------------------
INFO:     Started server process [23110]
INFO:     Uvicorn running on http://127.0.0.1:8000 (Press CTRL+C to quit)
--------------------------- Captured stderr teardown ---------------------------
INFO:     Shutting down
INFO:     Finished server process [23110]
!!!!!!!!!!!!!!!!!!!!!!!!!! stopping after 1 failures !!!!!!!!!!!!!!!!!!!!!!!!!!!
========================= 1 failed, 13 passed in 0.34s =========================

/Users/akshankrithick/anaconda3/envs/vvenv/lib/python3.11/site-packages/pytest_asyncio/plugin.py:247: PytestDeprecationWarning: The configuration option "asyncio_default_fixture_loop_scope" is unset.
The event loop scope for asynchronous fixtures will default to the fixture caching scope. Future versions of pytest-asyncio will default the loop scope for asynchronous fixtures to function scope. Set the default fixture loop scope explicitly in order to avoid unexpected behavior in the future. Valid fixture loop scopes are: "function", "class", "module", "package", "session"

  warnings.warn(PytestDeprecationWarning(_DEFAULT_FIXTURE_LOOP_SCOPE_UNSET))