============================= test session starts ==============================
platform darwin -- Python 3.11.11, pytest-8.3.5, pluggy-1.5.0
rootdir: /Users/akshankrithick/projects/httpx
configfile: pyproject.toml
plugins: respx-0.22.0, mock-3.15.1, recording-0.13.4, xdist-3.8.0, timeout-2.4.0, order-1.3.0, anyio-4.8.0, rerunfailures-15.1, inline-snapshot-0.31.1, hypothesis-6.148.2, asyncio-1.3.0, rich-0.2.0, cov-7.0.0
asyncio: mode=Mode.STRICT, debug=False, asyncio_default_fixture_loop_scope=None, asyncio_default_test_loop_scope=function
collected 8 items

tests/test_auth.py .F

=================================== FAILURES ===================================
__________________________ test_digest_auth_with_200 ___________________________

    def test_digest_auth_with_200():
        auth = httpx.DigestAuth(username="user", password="pass")
        request = httpx.Request("GET", "https://www.example.com")
    
        # The initial request should not include an auth header.
        flow = auth.sync_auth_flow(request)
>       request = next(flow)

tests/test_auth.py:35: 
_ _ _ _ _ _ _ _ _ _ _ _ _ _ _ _ _ _ _ _ _ _ _ _ _ _ _ _ _ _ _ _ _ _ _ _ _ _ _ _ 
httpx/_auth.py:75: in sync_auth_flow
    request = next(flow)
httpx/_auth.py:194: in auth_flow
    request.headers["Authorization"] = self._build_auth_header(
_ _ _ _ _ _ _ _ _ _ _ _ _ _ _ _ _ _ _ _ _ _ _ _ _ _ _ _ _ _ _ _ _ _ _ _ _ _ _ _ 

self = <httpx.DigestAuth object at 0x1053fc250>
request = <Request('GET', 'https://www.example.com')>, challenge = None

    def _build_auth_header(
        self, request: Request, challenge: _DigestAuthChallenge
    ) -> str:
>       hash_func = self._ALGORITHM_TO_HASH_FUNCTION[challenge.algorithm.upper()]
E       AttributeError: 'NoneType' object has no attribute 'algorithm'

httpx/_auth.py:257: AttributeError
!!!!!!!!!!!!!!!!!!!!!!!!!! stopping after 1 failures !!!!!!!!!!!!!!!!!!!!!!!!!!!
========================= 1 failed, 1 passed in 0.09s ==========================

/Users/akshankrithick/anaconda3/envs/vvenv/lib/python3.11/site-packages/pytest_asyncio/plugin.py:247: PytestDeprecationWarning: The configuration option "asyncio_default_fixture_loop_scope" is unset.
The event loop scope for asynchronous fixtures will default to the fixture caching scope. Future versions of pytest-asyncio will default the loop scope for asynchronous fixtures to function scope. Set the default fixture loop scope explicitly in order to avoid unexpected behavior in the future. Valid fixture loop scopes are: "function", "class", "module", "package", "session"

  warnings.warn(PytestDeprecationWarning(_DEFAULT_FIXTURE_LOOP_SCOPE_UNSET))