r: /Users/akshankrithick/projects/pydantic-ai
configfile: pyproject.toml
plugins: respx-0.22.0, mock-3.15.1, recording-0.13.4, xdist-3.8.0, timeout-2.4.0, order-1.3.0, anyio-4.8.0, rerunfailures-15.1, inline-snapshot-0.31.1, hypothesis-6.148.2, asyncio-1.3.0, rich-0.2.0, cov-7.0.0
asyncio: mode=Mode.STRICT, debug=False, asyncio_default_fixture_loop_scope=None, asyncio_default_test_loop_scope=function
collected 1 item

tests/test_agent.py F

=================================== FAILURES ===================================
_________________________ test_model_settings_override _________________________

    async def test_model_settings_override() -> None:
        def return_settings(_: list[ModelMessage], info: AgentInfo) -> ModelResponse:
            return ModelResponse(parts=[TextPart(to_json(info.model_settings).decode())])
    
        my_agent = Agent(FunctionModel(return_settings))
        assert (await my_agent.run('Hello')).output == IsJson(None)
        assert (await my_agent.run('Hello', model_settings={'temperature': 0.5})).output == IsJson({'temperature': 0.5})
    
        my_agent = Agent(FunctionModel(return_settings), model_settings={'temperature': 0.1})
        assert (await my_agent.run('Hello')).output == IsJson({'temperature': 0.1})
>       assert (await my_agent.run('Hello', model_settings={'temperature': 0.5})).output == IsJson({'temperature': 0.5})
E       assert '{"temperature":0.1}' == IsJson({'temperature': 0.5})
E        +  where '{"temperature":0.1}' = AgentRunResult(output='{"temperature":0.1}').output
E        +  and   IsJson({'temperature': 0.5}) = IsJson({'temperature': 0.5})

tests/test_agent.py:4471: AssertionError
=========================== short test summary info ============================
FAILED tests/test_agent.py::test_model_settings_override - assert '{"temperat...
!!!!!!!!!!!!!!!!!!!!!!!!!! stopping after 1 failures !!!!!!!!!!!!!!!!!!!!!!!!!!!
============================== 1 failed in 0.71s ===============================

/Users/akshankrithick/anaconda3/envs/vvenv/lib/python3.11/site-packages/pytest_asyncio/plugin.py:247: PytestDeprecationWarning: The configuration option "asyncio_default_fixture_loop_scope" is unset.
The event loop scope for asynchronous fixtures will default to the fixture caching scope. Future versions of pytest-asyncio will default the loop scope for asynchronous fixtures to function scope. Set the default fixture loop scope explicitly in order to avoid unexpected behavior in the future. Valid fixture loop scopes are: "function", "class", "module", "package", "session"

  warnings.warn(PytestDeprecationWarning(_DEFAULT_FIXTURE_LOOP_SCOPE_UNSET))