_scope=function
collected 10 items

tests/test_direct.py F

=================================== FAILURES ===================================
______________________________ test_model_request ______________________________

    async def test_model_request():
>       model_response = await model_request('test', [ModelRequest.user_text_prompt('x')])

tests/test_direct.py:43: 
_ _ _ _ _ _ _ _ _ _ _ _ _ _ _ _ _ _ _ _ _ _ _ _ _ _ _ _ _ _ _ _ _ _ _ _ _ _ _ _ 
pydantic_ai_slim/pydantic_ai/direct.py:80: in model_request
    model_instance = _prepare_model(model, instrument)
pydantic_ai_slim/pydantic_ai/direct.py:274: in _prepare_model
    model_instance = models.infer_model(model)
pydantic_ai_slim/pydantic_ai/models/__init__.py:1114: in infer_model
    return TestModel()
pydantic_ai_slim/pydantic_ai/models/test.py:111: in __init__
    super().__init__(settings=settings, profile=profile)
_ _ _ _ _ _ _ _ _ _ _ _ _ _ _ _ _ _ _ _ _ _ _ _ _ _ _ _ _ _ _ _ _ _ _ _ _ _ _ _ 

self = TestModel(call_tools='all', custom_output_text=None, custom_output_args=None, seed=0, last_model_request_parameters=None)

    def __init__(
        self,
        *,
        settings: ModelSettings | None = None,
        profile: ModelProfileSpec | None = None,
    ) -> None:
        """Initialize the model with optional settings and profile.
    
        Args:
            settings: Model-specific settings that will be used as defaults for this model.
            profile: The model profile to use.
        """
>       self._settings = settings if settings is not None else UNSET
E       NameError: name 'UNSET' is not defined

pydantic_ai_slim/pydantic_ai/models/__init__.py:643: NameError
=========================== short test summary info ============================
FAILED tests/test_direct.py::test_model_request - NameError: name 'UNSET' is ...
!!!!!!!!!!!!!!!!!!!!!!!!!! stopping after 1 failures !!!!!!!!!!!!!!!!!!!!!!!!!!!
============================== 1 failed in 0.62s ===============================

/Users/akshankrithick/anaconda3/envs/vvenv/lib/python3.11/site-packages/pytest_asyncio/plugin.py:247: PytestDeprecationWarning: The configuration option "asyncio_default_fixture_loop_scope" is unset.
The event loop scope for asynchronous fixtures will default to the fixture caching scope. Future versions of pytest-asyncio will default the loop scope for asynchronous fixtures to function scope. Set the default fixture loop scope explicitly in order to avoid unexpected behavior in the future. Valid fixture loop scopes are: "function", "class", "module", "package", "session"

  warnings.warn(PytestDeprecationWarning(_DEFAULT_FIXTURE_LOOP_SCOPE_UNSET))