le] _________________________

docstring_format = 'google'

    @pytest.mark.parametrize('docstring_format', ['google', 'auto'])
    def test_docstring_google(docstring_format: Literal['google', 'auto']):
        agent = Agent(FunctionModel(get_json_schema))
        agent.tool_plain(docstring_format=docstring_format)(google_style_docstring)
    
        result = agent.run_sync('Hello')
        json_schema = json.loads(result.output)
>       assert json_schema == snapshot(
            {
                'name': 'google_style_docstring',
                'description': 'Do foobar stuff, a lot.',
                'parameters_json_schema': {
                    'properties': {
                        'foo': {'description': 'The foo thing.', 'type': 'integer'},
                        'bar': {'description': 'The bar thing.', 'type': 'string'},
                    },
                    'required': ['foo', 'bar'],
                    'type': 'object',
                    'additionalProperties': False,
                },
                'outer_typed_dict_key': None,
                'strict': None,
                'kind': 'function',
                'sequential': False,
                'metadata': None,
                'timeout': None,
            }
        )
E       AssertionError: assert {'description...e': None, ...} == {'description...cstring', ...}
E         
E         Omitting 8 identical items, use -vv to show
E         Differing items:
E         {'name': None} != {'name': 'google_style_docstring'}
E         Use -v to get more diff

tests/test_tools.py:135: AssertionError
=========================== short test summary info ============================
FAILED tests/test_tools.py::test_docstring_google[google] - AssertionError: a...
ERROR tests/test_tools.py::test_docstring_google[google] - Failed: some snaps...
!!!!!!!!!!!!!!!!!!!!!!!!!! stopping after 2 failures !!!!!!!!!!!!!!!!!!!!!!!!!!!
===================== 1 failed, 4 passed, 1 error in 0.84s =====================

/Users/akshankrithick/anaconda3/envs/vvenv/lib/python3.11/site-packages/pytest_asyncio/plugin.py:247: PytestDeprecationWarning: The configuration option "asyncio_default_fixture_loop_scope" is unset.
The event loop scope for asynchronous fixtures will default to the fixture caching scope. Future versions of pytest-asyncio will default the loop scope for asynchronous fixtures to function scope. Set the default fixture loop scope explicitly in order to avoid unexpected behavior in the future. Valid fixture loop scopes are: "function", "class", "module", "package", "session"

  warnings.warn(PytestDeprecationWarning(_DEFAULT_FIXTURE_LOOP_SCOPE_UNSET))