xture_loop_scope=None, asyncio_default_test_loop_scope=function
collected 10 items

tests/test_direct.py F

=================================== FAILURES ===================================
______________________________ test_model_request ______________________________

    async def test_model_request():
>       model_response = await model_request('test', [ModelRequest.user_text_prompt('x')])

tests/test_direct.py:43: 
_ _ _ _ _ _ _ _ _ _ _ _ _ _ _ _ _ _ _ _ _ _ _ _ _ _ _ _ _ _ _ _ _ _ _ _ _ _ _ _ 
pydantic_ai_slim/pydantic_ai/direct.py:81: in model_request
    return await model_instance.request(
_ _ _ _ _ _ _ _ _ _ _ _ _ _ _ _ _ _ _ _ _ _ _ _ _ _ _ _ _ _ _ _ _ _ _ _ _ _ _ _ 

self = TestModel(call_tools='all', custom_output_text=None, custom_output_args=None, seed=0, last_model_request_parameters=None)
messages = [ModelRequest(parts=[UserPromptPart(content='x', timestamp=datetime.datetime(2026, 2, 12, 23, 39, 4, 638096, tzinfo=datetime.timezone.utc))])]
model_settings = None
model_request_parameters = ModelRequestParameters(function_tools=[], builtin_tools=[], output_tools=[])

    async def request(
        self,
        messages: list[ModelMessage],
        model_settings: ModelSettings | None,
        model_request_parameters: ModelRequestParameters,
    ) -> ModelResponse:
        model_settings, model_request_parameters = self.prepare_request(
>           self.builtin_tools,  # Add this line to pass the correct model_settings
            model_settings,
            model_request_parameters,
        )
E       AttributeError: 'TestModel' object has no attribute 'builtin_tools'

pydantic_ai_slim/pydantic_ai/models/test.py:120: AttributeError
=========================== short test summary info ============================
FAILED tests/test_direct.py::test_model_request - AttributeError: 'TestModel'...
!!!!!!!!!!!!!!!!!!!!!!!!!! stopping after 1 failures !!!!!!!!!!!!!!!!!!!!!!!!!!!
============================== 1 failed in 0.46s ===============================

/Users/akshankrithick/anaconda3/envs/vvenv/lib/python3.11/site-packages/pytest_asyncio/plugin.py:247: PytestDeprecationWarning: The configuration option "asyncio_default_fixture_loop_scope" is unset.
The event loop scope for asynchronous fixtures will default to the fixture caching scope. Future versions of pytest-asyncio will default the loop scope for asynchronous fixtures to function scope. Set the default fixture loop scope explicitly in order to avoid unexpected behavior in the future. Valid fixture loop scopes are: "function", "class", "module", "package", "session"

  warnings.warn(PytestDeprecationWarning(_DEFAULT_FIXTURE_LOOP_SCOPE_UNSET))