ync_stream_mock)
    
        with patch('pydantic_ai.direct.STREAM_INITIALIZATION_TIMEOUT', 0.01):
            with stream_sync:
                with pytest.raises(RuntimeError, match='Stream failed to initialize within timeout'):
>                   stream_sync.get()

tests/test_direct.py:190: 
_ _ _ _ _ _ _ _ _ _ _ _ _ _ _ _ _ _ _ _ _ _ _ _ _ _ _ _ _ _ _ _ _ _ _ _ _ _ _ _ 

self = StreamedResponseSync(context_entered=True)

    def get(self) -> messages.ModelResponse:
        """Build a ModelResponse from the data received from the stream so far."""
        stream = self._ensure_stream_ready()
        if stream is None:
>           raise RuntimeError('Stream is not ready')
E           RuntimeError: Stream is not ready

pydantic_ai_slim/pydantic_ai/direct.py:384: RuntimeError

During handling of the above exception, another exception occurred:

    def test_model_request_stream_sync_timeout():
        """Test timeout when stream fails to initialize."""
        async_stream_mock = AsyncMock()
    
        async def slow_init():
            await asyncio.sleep(0.1)
    
        async_stream_mock.__aenter__ = AsyncMock(side_effect=slow_init)
    
        stream_sync = StreamedResponseSync(_async_stream_cm=async_stream_mock)
    
        with patch('pydantic_ai.direct.STREAM_INITIALIZATION_TIMEOUT', 0.01):
            with stream_sync:
>               with pytest.raises(RuntimeError, match='Stream failed to initialize within timeout'):
E               AssertionError: Regex pattern did not match.
E                Regex: 'Stream failed to initialize within timeout'
E                Input: 'Stream is not ready'

tests/test_direct.py:189: AssertionError
=========================== short test summary info ============================
FAILED tests/test_direct.py::test_model_request_stream_sync_timeout - Asserti...
!!!!!!!!!!!!!!!!!!!!!!!!!! stopping after 1 failures !!!!!!!!!!!!!!!!!!!!!!!!!!!
========================= 1 failed, 7 passed in 0.49s ==========================

/Users/akshankrithick/anaconda3/envs/vvenv/lib/python3.11/site-packages/pytest_asyncio/plugin.py:247: PytestDeprecationWarning: The configuration option "asyncio_default_fixture_loop_scope" is unset.
The event loop scope for asynchronous fixtures will default to the fixture caching scope. Future versions of pytest-asyncio will default the loop scope for asynchronous fixtures to function scope. Set the default fixture loop scope explicitly in order to avoid unexpected behavior in the future. Valid fixture loop scopes are: "function", "class", "module", "package", "session"

  warnings.warn(PytestDeprecationWarning(_DEFAULT_FIXTURE_LOOP_SCOPE_UNSET))