=False, asyncio_default_fixture_loop_scope=None, asyncio_default_test_loop_scope=function
collected 2 items

tests/test_json_schema.py F

=================================== FAILURES ===================================
________________________ test_simplify_nullable_unions _________________________

    def test_simplify_nullable_unions():
        """Test the simplify_nullable_unions feature (deprecated, to be removed in v2)."""
    
        # Create a concrete subclass for testing
        class TestTransformer(JsonSchemaTransformer):
            def transform(self, schema: dict[str, Any]) -> dict[str, Any]:
                if 'anyOf' in schema and len(schema['anyOf']) == 2:
                    if schema['anyOf'][1]['type'] == 'null':
                        return {'type': schema['anyOf'][0]['type'], 'nullable': True}
                return schema
    
        # Test with simplify_nullable_unions=True
        schema_with_null = {
            'anyOf': [
                {'type': 'string'},
                {'type': 'null'},
            ]
        }
        transformer = TestTransformer(schema_with_null, simplify_nullable_unions=True)
        result = transformer.walk()
    
        # Should collapse to a single nullable string
>       assert result == {'type': 'string', 'nullable': True}
E       AssertionError: assert {'anyOf': [{'...': 'string'}]} == {'nullable': ...pe': 'string'}
E         
E         Left contains 1 more item:
E         {'anyOf': [{'nullable': True, 'type': 'string'}]}
E         Right contains 2 more items:
E         {'nullable': True, 'type': 'string'}
E         Use -v to get more diff

tests/test_json_schema.py:33: AssertionError
=========================== short test summary info ============================
FAILED tests/test_json_schema.py::test_simplify_nullable_unions - AssertionEr...
!!!!!!!!!!!!!!!!!!!!!!!!!! stopping after 1 failures !!!!!!!!!!!!!!!!!!!!!!!!!!!
============================== 1 failed in 0.50s ===============================

/Users/akshankrithick/anaconda3/envs/vvenv/lib/python3.11/site-packages/pytest_asyncio/plugin.py:247: PytestDeprecationWarning: The configuration option "asyncio_default_fixture_loop_scope" is unset.
The event loop scope for asynchronous fixtures will default to the fixture caching scope. Future versions of pytest-asyncio will default the loop scope for asynchronous fixtures to function scope. Set the default fixture loop scope explicitly in order to avoid unexpected behavior in the future. Valid fixture loop scopes are: "function", "class", "module", "package", "session"

  warnings.warn(PytestDeprecationWarning(_DEFAULT_FIXTURE_LOOP_SCOPE_UNSET))