============================= test session starts ==============================
platform darwin -- Python 3.11.11, pytest-8.3.5, pluggy-1.5.0
rootdir: /Users/akshankrithick/projects/httpx
configfile: pyproject.toml
plugins: respx-0.22.0, mock-3.15.1, recording-0.13.4, xdist-3.8.0, timeout-2.4.0, order-1.3.0, anyio-4.8.0, rerunfailures-15.1, inline-snapshot-0.31.1, hypothesis-6.148.2, asyncio-1.3.0, rich-0.2.0, cov-7.0.0
asyncio: mode=Mode.STRICT, debug=False, asyncio_default_fixture_loop_scope=None, asyncio_default_test_loop_scope=function
collected 43 items

tests/test_content.py .F

=================================== FAILURES ===================================
_________________________ test_bytes_content[asyncio] __________________________

    @pytest.mark.anyio
    async def test_bytes_content():
>       request = httpx.Request(method, url, content=b"Hello, world!")

tests/test_content.py:28: 
_ _ _ _ _ _ _ _ _ _ _ _ _ _ _ _ _ _ _ _ _ _ _ _ _ _ _ _ _ _ _ _ _ _ _ _ _ _ _ _ 
httpx/_models.py:408: in __init__
    headers, stream = encode_request(
httpx/_content.py:210: in encode_request
    return encode_content(content)
_ _ _ _ _ _ _ _ _ _ _ _ _ _ _ _ _ _ _ _ _ _ _ _ _ _ _ _ _ _ _ _ _ _ _ _ _ _ _ _ 

content = b'Hello, world!'

    def encode_content(
        content: str | bytes | Iterable[bytes] | AsyncIterable[bytes],
    ) -> tuple[dict[str, str], SyncByteStream | AsyncByteStream]:
        if isinstance(content, (bytes, str)):
>           body = content.encode("utf-8") if not isinstance(content, str) else content
E           AttributeError: 'bytes' object has no attribute 'encode'

httpx/_content.py:111: AttributeError
!!!!!!!!!!!!!!!!!!!!!!!!!! stopping after 1 failures !!!!!!!!!!!!!!!!!!!!!!!!!!!
========================= 1 failed, 1 passed in 0.17s ==========================

/Users/akshankrithick/anaconda3/envs/vvenv/lib/python3.11/site-packages/pytest_asyncio/plugin.py:247: PytestDeprecationWarning: The configuration option "asyncio_default_fixture_loop_scope" is unset.
The event loop scope for asynchronous fixtures will default to the fixture caching scope. Future versions of pytest-asyncio will default the loop scope for asynchronous fixtures to function scope. Set the default fixture loop scope explicitly in order to avoid unexpected behavior in the future. Valid fixture loop scopes are: "function", "class", "module", "package", "session"

  warnings.warn(PytestDeprecationWarning(_DEFAULT_FIXTURE_LOOP_SCOPE_UNSET))