============================= test session starts ==============================
platform darwin -- Python 3.11.11, pytest-8.3.5, pluggy-1.5.0
rootdir: /Users/akshankrithick/projects/pydantic-ai
configfile: pyproject.toml
plugins: respx-0.22.0, mock-3.15.1, recording-0.13.4, xdist-3.8.0, timeout-2.4.0, order-1.3.0, anyio-4.8.0, rerunfailures-15.1, inline-snapshot-0.31.1, hypothesis-6.148.2, asyncio-1.3.0, rich-0.2.0, cov-7.0.0
asyncio: mode=Mode.STRICT, debug=False, asyncio_default_fixture_loop_scope=None, asyncio_default_test_loop_scope=function
collected 34 items

tests/test_parts_manager.py ..........................F

=================================== FAILURES ===================================
__________________ test_handle_thinking_delta_wrong_part_type __________________

    def test_handle_thinking_delta_wrong_part_type():
        manager = ModelResponsePartsManager()
    
        # Add a text part first
        list(manager.handle_text_delta(vendor_part_id='text', content='hello'))
    
        # Try to apply thinking delta to the text part - should raise error
>       with pytest.raises(UnexpectedModelBehavior, match=r'Cannot apply a thinking delta to existing_part='):
E       Failed: DID NOT RAISE <class 'pydantic_ai.exceptions.UnexpectedModelBehavior'>

tests/test_parts_manager.py:598: Failed
=========================== short test summary info ============================
FAILED tests/test_parts_manager.py::test_handle_thinking_delta_wrong_part_type
!!!!!!!!!!!!!!!!!!!!!!!!!! stopping after 1 failures !!!!!!!!!!!!!!!!!!!!!!!!!!!
========================= 1 failed, 26 passed in 0.71s =========================

/Users/akshankrithick/anaconda3/envs/vvenv/lib/python3.11/site-packages/pytest_asyncio/plugin.py:247: PytestDeprecationWarning: The configuration option "asyncio_default_fixture_loop_scope" is unset.
The event loop scope for asynchronous fixtures will default to the fixture caching scope. Future versions of pytest-asyncio will default the loop scope for asynchronous fixtures to function scope. Set the default fixture loop scope explicitly in order to avoid unexpected behavior in the future. Valid fixture loop scopes are: "function", "class", "module", "package", "session"

  warnings.warn(PytestDeprecationWarning(_DEFAULT_FIXTURE_LOOP_SCOPE_UNSET))