sers/akshankrithick/projects/pydantic-ai
configfile: pyproject.toml
plugins: respx-0.22.0, mock-3.15.1, recording-0.13.4, xdist-3.8.0, timeout-2.4.0, order-1.3.0, anyio-4.8.0, rerunfailures-15.1, inline-snapshot-0.31.1, hypothesis-6.148.2, asyncio-1.3.0, rich-0.2.0, cov-7.0.0
asyncio: mode=Mode.STRICT, debug=False, asyncio_default_fixture_loop_scope=None, asyncio_default_test_loop_scope=function
collected 10 items

tests/test_direct.py F

=================================== FAILURES ===================================
______________________________ test_model_request ______________________________

    async def test_model_request():
>       model_response = await model_request('test', [ModelRequest.user_text_prompt('x')])

tests/test_direct.py:43: 
_ _ _ _ _ _ _ _ _ _ _ _ _ _ _ _ _ _ _ _ _ _ _ _ _ _ _ _ _ _ _ _ _ _ _ _ _ _ _ _ 
pydantic_ai_slim/pydantic_ai/direct.py:80: in model_request
    model_instance = _prepare_model(model, instrument)
_ _ _ _ _ _ _ _ _ _ _ _ _ _ _ _ _ _ _ _ _ _ _ _ _ _ _ _ _ _ _ _ _ _ _ _ _ _ _ _ 

model = 'test', instrument = False

    def _prepare_model(
        model: models.Model | models.KnownModelName | str,
        instrument: instrumented_models.InstrumentationSettings | bool | None,
    ) -> models.Model:
        model_instance = models.infer_model(model)
    
        if instrument is None:
            instrument = agent.Agent._instrument_default  # pyright: ignore[reportPrivateUsage]
    
>       return instrumented_models.instrument_model(model_instance, instrument or InstrumentationSettings())
E       NameError: name 'InstrumentationSettings' is not defined

pydantic_ai_slim/pydantic_ai/direct.py:279: NameError
=========================== short test summary info ============================
FAILED tests/test_direct.py::test_model_request - NameError: name 'Instrument...
!!!!!!!!!!!!!!!!!!!!!!!!!! stopping after 1 failures !!!!!!!!!!!!!!!!!!!!!!!!!!!
============================== 1 failed in 0.53s ===============================

/Users/akshankrithick/anaconda3/envs/vvenv/lib/python3.11/site-packages/pytest_asyncio/plugin.py:247: PytestDeprecationWarning: The configuration option "asyncio_default_fixture_loop_scope" is unset.
The event loop scope for asynchronous fixtures will default to the fixture caching scope. Future versions of pytest-asyncio will default the loop scope for asynchronous fixtures to function scope. Set the default fixture loop scope explicitly in order to avoid unexpected behavior in the future. Valid fixture loop scopes are: "function", "class", "module", "package", "session"

  warnings.warn(PytestDeprecationWarning(_DEFAULT_FIXTURE_LOOP_SCOPE_UNSET))