============================= test session starts ==============================
platform darwin -- Python 3.11.11, pytest-8.3.5, pluggy-1.5.0
rootdir: /Users/akshankrithick/projects/httpx
configfile: pyproject.toml
plugins: respx-0.22.0, mock-3.15.1, recording-0.13.4, xdist-3.8.0, timeout-2.4.0, order-1.3.0, anyio-4.8.0, rerunfailures-15.1, inline-snapshot-0.31.1, hypothesis-6.148.2, asyncio-1.3.0, rich-0.2.0, cov-7.0.0
asyncio: mode=Mode.STRICT, debug=False, asyncio_default_fixture_loop_scope=None, asyncio_default_test_loop_scope=function
collected 40 items

tests/test_utils.py .......................................F

=================================== FAILURES ===================================
____________________________ test_pattern_priority _____________________________

    def test_pattern_priority():
        matchers = [
            URLPattern("all://"),
            URLPattern("http://"),
            URLPattern("http://example.com"),
            URLPattern("http://example.com:123"),
        ]
        random.shuffle(matchers)
>       assert sorted(matchers) == [
            URLPattern("http://example.com:123"),
            URLPattern("http://example.com"),
            URLPattern("http://"),
            URLPattern("all://"),
        ]
E       assert [<httpx._util... 0x11298f7d0>] == [<httpx._util... 0x11298f9d0>]
E         
E         At index 0 diff: <httpx._utils.URLPattern object at 0x11298f710> != <httpx._utils.URLPattern object at 0x111a55910>
E         Use -v to get more diff

tests/test_utils.py:145: AssertionError
--------------------------- Captured stderr teardown ---------------------------
INFO:     Shutting down
INFO:     Finished server process [90914]
!!!!!!!!!!!!!!!!!!!!!!!!!! stopping after 1 failures !!!!!!!!!!!!!!!!!!!!!!!!!!!
========================= 1 failed, 39 passed in 0.36s =========================

/Users/akshankrithick/anaconda3/envs/vvenv/lib/python3.11/site-packages/pytest_asyncio/plugin.py:247: PytestDeprecationWarning: The configuration option "asyncio_default_fixture_loop_scope" is unset.
The event loop scope for asynchronous fixtures will default to the fixture caching scope. Future versions of pytest-asyncio will default the loop scope for asynchronous fixtures to function scope. Set the default fixture loop scope explicitly in order to avoid unexpected behavior in the future. Valid fixture loop scopes are: "function", "class", "module", "package", "session"

  warnings.warn(PytestDeprecationWarning(_DEFAULT_FIXTURE_LOOP_SCOPE_UNSET))