============================= test session starts ==============================
platform darwin -- Python 3.11.11, pytest-8.3.5, pluggy-1.5.0
rootdir: /Users/akshankrithick/projects/httpx
configfile: pyproject.toml
plugins: respx-0.22.0, mock-3.15.1, recording-0.13.4, xdist-3.8.0, timeout-2.4.0, order-1.3.0, anyio-4.8.0, rerunfailures-15.1, inline-snapshot-0.31.1, hypothesis-6.148.2, asyncio-1.3.0, rich-0.2.0, cov-7.0.0
asyncio: mode=Mode.STRICT, debug=False, asyncio_default_fixture_loop_scope=None, asyncio_default_test_loop_scope=function
collected 24 items

tests/test_asgi.py ..F

=================================== FAILURES ===================================
______________________________ test_asgi[asyncio] ______________________________

    @pytest.mark.anyio
    async def test_asgi():
        transport = httpx.ASGITransport(app=hello_world)
        async with httpx.AsyncClient(transport=transport) as client:
>           response = await client.get("http://www.example.org/")

tests/test_asgi.py:97: 
_ _ _ _ _ _ _ _ _ _ _ _ _ _ _ _ _ _ _ _ _ _ _ _ _ _ _ _ _ _ _ _ _ _ _ _ _ _ _ _ 
httpx/_client.py:1768: in get
    return await self.request(
httpx/_client.py:1527: in request
    request = self.build_request(
httpx/_client.py:366: in build_request
    url = self._merge_url(url)
httpx/_client.py:397: in _merge_url
    if merge_url.is_relative_url:
_ _ _ _ _ _ _ _ _ _ _ _ _ _ _ _ _ _ _ _ _ _ _ _ _ _ _ _ _ _ _ _ _ _ _ _ _ _ _ _ 

self = URL('http://www.example.org/')

    @property
    def is_relative_url(self) -> bool:
        """
        Return `False` for absolute URLs such as 'http://example.com/path',
        and `True` for relative URLs such as '/path'.
        """
>       return self.is_absolute_url()
E       TypeError: 'bool' object is not callable

httpx/_urls.py:325: TypeError
!!!!!!!!!!!!!!!!!!!!!!!!!! stopping after 1 failures !!!!!!!!!!!!!!!!!!!!!!!!!!!
========================= 1 failed, 2 passed in 0.13s ==========================

/Users/akshankrithick/anaconda3/envs/vvenv/lib/python3.11/site-packages/pytest_asyncio/plugin.py:247: PytestDeprecationWarning: The configuration option "asyncio_default_fixture_loop_scope" is unset.
The event loop scope for asynchronous fixtures will default to the fixture caching scope. Future versions of pytest-asyncio will default the loop scope for asynchronous fixtures to function scope. Set the default fixture loop scope explicitly in order to avoid unexpected behavior in the future. Valid fixture loop scopes are: "function", "class", "module", "package", "session"

  warnings.warn(PytestDeprecationWarning(_DEFAULT_FIXTURE_LOOP_SCOPE_UNSET))