============================= test session starts ==============================
platform darwin -- Python 3.11.11, pytest-8.3.5, pluggy-1.5.0
rootdir: /Users/akshankrithick/projects/httpx
configfile: pyproject.toml
plugins: respx-0.22.0, mock-3.15.1, recording-0.13.4, xdist-3.8.0, timeout-2.4.0, order-1.3.0, anyio-4.8.0, rerunfailures-15.1, inline-snapshot-0.31.1, hypothesis-6.148.2, asyncio-1.3.0, rich-0.2.0, cov-7.0.0
asyncio: mode=Mode.STRICT, debug=False, asyncio_default_fixture_loop_scope=None, asyncio_default_test_loop_scope=function
collected 11 items

tests/test_main.py .......F

=================================== FAILURES ===================================
_________________________________ test_verbose _________________________________

server = <tests.conftest.TestServer object at 0x10436b650>

    def test_verbose(server):
        url = str(server.url)
        runner = CliRunner()
        result = runner.invoke(httpx.main, [url, "-v"])
>       assert result.exit_code == 0
E       AssertionError: assert 1 == 0
E        +  where 1 = <Result KeyError('host')>.exit_code

tests/test_main.py:125: AssertionError
--------------------------- Captured stderr teardown ---------------------------
INFO:     Shutting down
INFO:     Finished server process [8996]
!!!!!!!!!!!!!!!!!!!!!!!!!! stopping after 1 failures !!!!!!!!!!!!!!!!!!!!!!!!!!!
========================= 1 failed, 7 passed in 0.46s ==========================

/Users/akshankrithick/anaconda3/envs/vvenv/lib/python3.11/site-packages/pytest_asyncio/plugin.py:247: PytestDeprecationWarning: The configuration option "asyncio_default_fixture_loop_scope" is unset.
The event loop scope for asynchronous fixtures will default to the fixture caching scope. Future versions of pytest-asyncio will default the loop scope for asynchronous fixtures to function scope. Set the default fixture loop scope explicitly in order to avoid unexpected behavior in the future. Valid fixture loop scopes are: "function", "class", "module", "package", "session"

  warnings.warn(PytestDeprecationWarning(_DEFAULT_FIXTURE_LOOP_SCOPE_UNSET))
sys:1: ResourceWarning: unclosed <socket.socket fd=17, family=2, type=1, proto=6, laddr=('127.0.0.1', 58128), raddr=('127.0.0.1', 8000)>