eval_8mpr95zn/repo
configfile: pyproject.toml
plugins: respx-0.22.0, xdist-3.8.0, timeout-2.4.0, order-1.3.0, anyio-4.8.0, rerunfailures-15.1, hypothesis-6.148.2, asyncio-1.3.0, rich-0.2.0, cov-7.0.0
asyncio: mode=Mode.AUTO, debug=False, asyncio_default_fixture_loop_scope=None, asyncio_default_test_loop_scope=function
collected 1 item

tests/test_graph.py F

=================================== FAILURES ===================================
_______________ TestGraphBuilderReuse.test_rebuild_resets_state ________________

self = <tests.test_graph.TestGraphBuilderReuse object at 0x105e75010>
tmp_path = PosixPath('/private/var/folders/vz/02yk36wx3dz6dw661rcdxcxr0000gn/T/pytest-of-akshankrithick/pytest-160/test_rebuild_resets_state0')

    def test_rebuild_resets_state(self, tmp_path: Path):
        """Regression: reusing a builder must not accumulate stale nodes."""
        # First project
        p1 = tmp_path / "proj1"
        p1.mkdir()
        (p1 / "a.py").write_text("def a_func():\n    pass\n")
    
        builder = GraphBuilder()
        g1 = builder.build_from_directory(p1)
        g1_files = {d["path"] for _, d in g1.nodes(data=True) if d.get("type") == "file"}
    
        # Second project with different files
        p2 = tmp_path / "proj2"
        p2.mkdir()
        (p2 / "b.py").write_text("def b_func():\n    pass\n")
    
        g2 = builder.build_from_directory(p2)
        g2_files = {d["path"] for _, d in g2.nodes(data=True) if d.get("type") == "file"}
    
        # g2 should NOT contain files from g1
>       assert "a.py" not in g2_files
E       AssertionError: assert 'a.py' not in {'a.py', 'b.py'}

tests/test_graph.py:97: AssertionError
=========================== short test summary info ============================
FAILED tests/test_graph.py::TestGraphBuilderReuse::test_rebuild_resets_state
!!!!!!!!!!!!!!!!!!!!!!!!!! stopping after 1 failures !!!!!!!!!!!!!!!!!!!!!!!!!!!
============================== 1 failed in 0.27s ===============================

/Users/akshankrithick/anaconda3/envs/vvenv/lib/python3.11/site-packages/pytest_asyncio/plugin.py:247: PytestDeprecationWarning: The configuration option "asyncio_default_fixture_loop_scope" is unset.
The event loop scope for asynchronous fixtures will default to the fixture caching scope. Future versions of pytest-asyncio will default the loop scope for asynchronous fixtures to function scope. Set the default fixture loop scope explicitly in order to avoid unexpected behavior in the future. Valid fixture loop scopes are: "function", "class", "module", "package", "session"

  warnings.warn(PytestDeprecationWarning(_DEFAULT_FIXTURE_LOOP_SCOPE_UNSET))