============================= test session starts ==============================
platform darwin -- Python 3.11.11, pytest-8.3.5, pluggy-1.5.0
rootdir: /Users/akshankrithick/projects/httpx
configfile: pyproject.toml
plugins: respx-0.22.0, mock-3.15.1, recording-0.13.4, xdist-3.8.0, timeout-2.4.0, order-1.3.0, anyio-4.8.0, rerunfailures-15.1, inline-snapshot-0.31.1, hypothesis-6.148.2, asyncio-1.3.0, rich-0.2.0, cov-7.0.0
asyncio: mode=Mode.STRICT, debug=False, asyncio_default_fixture_loop_scope=None, asyncio_default_test_loop_scope=function
collected 80 items

tests/client/test_auth.py ................................F

=================================== FAILURES ===================================
_____________ test_digest_auth_unavailable_streaming_body[asyncio] _____________

    @pytest.mark.anyio
    async def test_digest_auth_unavailable_streaming_body():
        url = "https://example.org/"
        auth = httpx.DigestAuth(username="user", password="password123")
        app = DigestApp()
    
        async def streaming_body() -> typing.AsyncIterator[bytes]:
            yield b"Example request body"  # pragma: no cover
    
        async with httpx.AsyncClient(transport=ConsumeBodyTransport(app)) as client:
>           with pytest.raises(httpx.StreamConsumed):
E           Failed: DID NOT RAISE <class 'httpx.StreamConsumed'>

tests/client/test_auth.py:705: Failed
!!!!!!!!!!!!!!!!!!!!!!!!!! stopping after 1 failures !!!!!!!!!!!!!!!!!!!!!!!!!!!
========================= 1 failed, 32 passed in 0.21s =========================

/Users/akshankrithick/anaconda3/envs/vvenv/lib/python3.11/site-packages/pytest_asyncio/plugin.py:247: PytestDeprecationWarning: The configuration option "asyncio_default_fixture_loop_scope" is unset.
The event loop scope for asynchronous fixtures will default to the fixture caching scope. Future versions of pytest-asyncio will default the loop scope for asynchronous fixtures to function scope. Set the default fixture loop scope explicitly in order to avoid unexpected behavior in the future. Valid fixture loop scopes are: "function", "class", "module", "package", "session"

  warnings.warn(PytestDeprecationWarning(_DEFAULT_FIXTURE_LOOP_SCOPE_UNSET))