/pydantic-ai
configfile: pyproject.toml
plugins: respx-0.22.0, mock-3.15.1, recording-0.13.4, xdist-3.8.0, timeout-2.4.0, order-1.3.0, anyio-4.8.0, rerunfailures-15.1, inline-snapshot-0.31.1, hypothesis-6.148.2, asyncio-1.3.0, rich-0.2.0, cov-7.0.0
asyncio: mode=Mode.STRICT, debug=False, asyncio_default_fixture_loop_scope=None, asyncio_default_test_loop_scope=function
collected 10 items

tests/test_direct.py ........F

=================================== FAILURES ===================================
_______________ test_model_request_stream_sync_intermediate_get ________________

    def test_model_request_stream_sync_intermediate_get():
        """Test getting properties of StreamedResponse before consuming all events."""
        messages: list[ModelMessage] = [ModelRequest.user_text_prompt('x')]
    
        with model_request_stream_sync('test', messages) as stream:
>           response = stream.get()

tests/test_direct.py:198: 
_ _ _ _ _ _ _ _ _ _ _ _ _ _ _ _ _ _ _ _ _ _ _ _ _ _ _ _ _ _ _ _ _ _ _ _ _ _ _ _ 

self = TestStreamedResponse(model_request_parameters=ModelRequestParameters(function_tools=[], builtin_tools=[], output_tools...test', _provider_url=None, _timestamp=datetime.datetime(2026, 2, 12, 20, 30, 52, 556405, tzinfo=datetime.timezone.utc))

    def get(self) -> messages.ModelResponse:
        """Build a ModelResponse from the data received from the stream so far."""
        stream = self._ensure_stream_ready()
        if stream is None:
>           raise RuntimeError('Stream failed to initialize within timeout')
E           RuntimeError: Stream failed to initialize within timeout

pydantic_ai_slim/pydantic_ai/direct.py:384: RuntimeError
=========================== short test summary info ============================
FAILED tests/test_direct.py::test_model_request_stream_sync_intermediate_get
!!!!!!!!!!!!!!!!!!!!!!!!!! stopping after 1 failures !!!!!!!!!!!!!!!!!!!!!!!!!!!
========================= 1 failed, 8 passed in 0.54s ==========================

/Users/akshankrithick/anaconda3/envs/vvenv/lib/python3.11/site-packages/pytest_asyncio/plugin.py:247: PytestDeprecationWarning: The configuration option "asyncio_default_fixture_loop_scope" is unset.
The event loop scope for asynchronous fixtures will default to the fixture caching scope. Future versions of pytest-asyncio will default the loop scope for asynchronous fixtures to function scope. Set the default fixture loop scope explicitly in order to avoid unexpected behavior in the future. Valid fixture loop scopes are: "function", "class", "module", "package", "session"

  warnings.warn(PytestDeprecationWarning(_DEFAULT_FIXTURE_LOOP_SCOPE_UNSET))