oop_scope=None, asyncio_default_test_loop_scope=function
collected 85 items

tests/test_messages.py ................................................. [ 57%]
...........................F

=================================== FAILURES ===================================
____________________ test_file_part_serialization_roundtrip ____________________

    def test_file_part_serialization_roundtrip():
        # Verify that a serialized BinaryImage doesn't come back as a BinaryContent.
        messages: list[ModelMessage] = [
            ModelResponse(parts=[FilePart(content=BinaryImage(data=b'fake', media_type='image/jpeg'))])
        ]
>       serialized = ModelMessagesTypeAdapter.dump_python(messages, mode='json')

tests/test_messages.py:511: 
_ _ _ _ _ _ _ _ _ _ _ _ _ _ _ _ _ _ _ _ _ _ _ _ _ _ _ _ _ _ _ _ _ _ _ _ _ _ _ _ 
../../anaconda3/envs/vvenv/lib/python3.11/site-packages/pydantic/type_adapter.py:527: in dump_python
    return self.serializer.to_python(
pydantic_ai_slim/pydantic_ai/messages.py:566: in identifier
    return self._identifier or _multi_modal_content_identifier(self.data)
_ _ _ _ _ _ _ _ _ _ _ _ _ _ _ _ _ _ _ _ _ _ _ _ _ _ _ _ _ _ _ _ _ _ _ _ _ _ _ _ 

identifier = 'fake'

    def _multi_modal_content_identifier(identifier: str | bytes) -> str:
        """Generate stable identifier for multi-modal content to help LLM in finding a specific file in tool call responses."""
        if not isinstance(identifier, str):
            identifier = identifier.decode('utf-8')
>       return hashlib.sha1(identifier).hexdigest()[:6]
E       TypeError: Strings must be encoded before hashing

pydantic_ai_slim/pydantic_ai/messages.py:167: TypeError
=========================== short test summary info ============================
FAILED tests/test_messages.py::test_file_part_serialization_roundtrip - TypeE...
!!!!!!!!!!!!!!!!!!!!!!!!!! stopping after 1 failures !!!!!!!!!!!!!!!!!!!!!!!!!!!
========================= 1 failed, 76 passed in 0.58s =========================

/Users/akshankrithick/anaconda3/envs/vvenv/lib/python3.11/site-packages/pytest_asyncio/plugin.py:247: PytestDeprecationWarning: The configuration option "asyncio_default_fixture_loop_scope" is unset.
The event loop scope for asynchronous fixtures will default to the fixture caching scope. Future versions of pytest-asyncio will default the loop scope for asynchronous fixtures to function scope. Set the default fixture loop scope explicitly in order to avoid unexpected behavior in the future. Valid fixture loop scopes are: "function", "class", "module", "package", "session"

  warnings.warn(PytestDeprecationWarning(_DEFAULT_FIXTURE_LOOP_SCOPE_UNSET))