rency.py", line 105, in holder
    |     async with get_concurrency_context(limiter, 'test'):
    |   File "/Users/akshankrithick/anaconda3/envs/vvenv/lib/python3.11/contextlib.py", line 210, in __aenter__
    |     return await anext(self.gen)
    |            ^^^^^^^^^^^^^^^^^^^^^
    |   File "/Users/akshankrithick/projects/pydantic-ai/pydantic_ai_slim/pydantic_ai/concurrency.py", line 249, in _limiter_context
    |     await limiter.acquire(source)
    |   File "/Users/akshankrithick/projects/pydantic-ai/pydantic_ai_slim/pydantic_ai/concurrency.py", line 193, in acquire
    |     raise ConcurrencyLimitExceeded(
    | pydantic_ai.exceptions.ConcurrencyLimitExceeded: Concurrency queue depth (1) exceeds max_queued (2) for test
    +---------------- 2 ----------------
    | Traceback (most recent call last):
    |   File "/Users/akshankrithick/projects/pydantic-ai/tests/test_concurrency.py", line 105, in holder
    |     async with get_concurrency_context(limiter, 'test'):
    |   File "/Users/akshankrithick/anaconda3/envs/vvenv/lib/python3.11/contextlib.py", line 210, in __aenter__
    |     return await anext(self.gen)
    |            ^^^^^^^^^^^^^^^^^^^^^
    |   File "/Users/akshankrithick/projects/pydantic-ai/pydantic_ai_slim/pydantic_ai/concurrency.py", line 249, in _limiter_context
    |     await limiter.acquire(source)
    |   File "/Users/akshankrithick/projects/pydantic-ai/pydantic_ai_slim/pydantic_ai/concurrency.py", line 193, in acquire
    |     raise ConcurrencyLimitExceeded(
    | pydantic_ai.exceptions.ConcurrencyLimitExceeded: Concurrency queue depth (1) exceeds max_queued (2) for test
    +------------------------------------
=========================== short test summary info ============================
FAILED tests/test_concurrency.py::TestConcurrencyLimiter::test_backpressure_raises
!!!!!!!!!!!!!!!!!!!!!!!!!! stopping after 1 failures !!!!!!!!!!!!!!!!!!!!!!!!!!!
========================= 1 failed, 3 passed in 0.95s ==========================

/Users/akshankrithick/anaconda3/envs/vvenv/lib/python3.11/site-packages/pytest_asyncio/plugin.py:247: PytestDeprecationWarning: The configuration option "asyncio_default_fixture_loop_scope" is unset.
The event loop scope for asynchronous fixtures will default to the fixture caching scope. Future versions of pytest-asyncio will default the loop scope for asynchronous fixtures to function scope. Set the default fixture loop scope explicitly in order to avoid unexpected behavior in the future. Valid fixture loop scopes are: "function", "class", "module", "package", "session"

  warnings.warn(PytestDeprecationWarning(_DEFAULT_FIXTURE_LOOP_SCOPE_UNSET))