k/projects/pydantic-ai
configfile: pyproject.toml
plugins: respx-0.22.0, mock-3.15.1, recording-0.13.4, xdist-3.8.0, timeout-2.4.0, order-1.3.0, anyio-4.8.0, rerunfailures-15.1, inline-snapshot-0.31.1, hypothesis-6.148.2, asyncio-1.3.0, rich-0.2.0, cov-7.0.0
asyncio: mode=Mode.STRICT, debug=False, asyncio_default_fixture_loop_scope=None, asyncio_default_test_loop_scope=function
collected 85 items

tests/test_messages.py ................................................. [ 57%]
...........................F

=================================== FAILURES ===================================
____________________ test_file_part_serialization_roundtrip ____________________

    def test_file_part_serialization_roundtrip():
        # Verify that a serialized BinaryImage doesn't come back as a BinaryContent.
        messages: list[ModelMessage] = [
            ModelResponse(parts=[FilePart(content=BinaryImage(data=b'fake', media_type='image/jpeg'))])
        ]
>       serialized = ModelMessagesTypeAdapter.dump_python(messages, mode='json')

tests/test_messages.py:511: 
_ _ _ _ _ _ _ _ _ _ _ _ _ _ _ _ _ _ _ _ _ _ _ _ _ _ _ _ _ _ _ _ _ _ _ _ _ _ _ _ 
../../anaconda3/envs/vvenv/lib/python3.11/site-packages/pydantic/type_adapter.py:527: in dump_python
    return self.serializer.to_python(
pydantic_ai_slim/pydantic_ai/messages.py:566: in identifier
    return self._identifier or _multi_modal_content_identifier(self.identifier)
pydantic_ai_slim/pydantic_ai/messages.py:566: in identifier
    return self._identifier or _multi_modal_content_identifier(self.identifier)
E   RecursionError: maximum recursion depth exceeded
!!! Recursion detected (same locals & position)
=========================== short test summary info ============================
FAILED tests/test_messages.py::test_file_part_serialization_roundtrip - Recur...
!!!!!!!!!!!!!!!!!!!!!!!!!! stopping after 1 failures !!!!!!!!!!!!!!!!!!!!!!!!!!!
========================= 1 failed, 76 passed in 0.51s =========================

/Users/akshankrithick/anaconda3/envs/vvenv/lib/python3.11/site-packages/pytest_asyncio/plugin.py:247: PytestDeprecationWarning: The configuration option "asyncio_default_fixture_loop_scope" is unset.
The event loop scope for asynchronous fixtures will default to the fixture caching scope. Future versions of pytest-asyncio will default the loop scope for asynchronous fixtures to function scope. Set the default fixture loop scope explicitly in order to avoid unexpected behavior in the future. Valid fixture loop scopes are: "function", "class", "module", "package", "session"

  warnings.warn(PytestDeprecationWarning(_DEFAULT_FIXTURE_LOOP_SCOPE_UNSET))