============================= test session starts ==============================
platform darwin -- Python 3.11.11, pytest-8.3.5, pluggy-1.5.0
rootdir: /Users/akshankrithick/projects/httpx
configfile: pyproject.toml
plugins: respx-0.22.0, mock-3.15.1, recording-0.13.4, xdist-3.8.0, timeout-2.4.0, order-1.3.0, anyio-4.8.0, rerunfailures-15.1, inline-snapshot-0.31.1, hypothesis-6.148.2, asyncio-1.3.0, rich-0.2.0, cov-7.0.0
asyncio: mode=Mode.STRICT, debug=False, asyncio_default_fixture_loop_scope=None, asyncio_default_test_loop_scope=function
collected 38 items

tests/test_multipart.py ...................F

=================================== FAILURES ===================================
___________________ test_multipart_file_tuple_headers[None] ____________________

file_content_type = None

    @pytest.mark.parametrize("file_content_type", [None, "text/plain"])
    def test_multipart_file_tuple_headers(file_content_type: str | None) -> None:
        file_name = "test.txt"
        file_content = io.BytesIO(b"<file content>")
        file_headers = {"Expires": "0"}
    
        url = "https://www.example.com/"
        headers = {"Content-Type": "multipart/form-data; boundary=BOUNDARY"}
        files = {"file": (file_name, file_content, file_content_type, file_headers)}
    
        request = httpx.Request("POST", url, headers=headers, files=files)
        request.read()
    
>       assert request.headers == {
            "Host": "www.example.com",
            "Content-Type": "multipart/form-data; boundary=BOUNDARY",
            "Content-Length": str(len(request.content)),
        }
E       AssertionError: assert Headers({'hos...ength': '42'}) == {'Content-Len....example.com'}
E         
E         Use -v to get more diff

tests/test_multipart.py:165: AssertionError
!!!!!!!!!!!!!!!!!!!!!!!!!! stopping after 1 failures !!!!!!!!!!!!!!!!!!!!!!!!!!!
========================= 1 failed, 19 passed in 0.11s =========================

/Users/akshankrithick/anaconda3/envs/vvenv/lib/python3.11/site-packages/pytest_asyncio/plugin.py:247: PytestDeprecationWarning: The configuration option "asyncio_default_fixture_loop_scope" is unset.
The event loop scope for asynchronous fixtures will default to the fixture caching scope. Future versions of pytest-asyncio will default the loop scope for asynchronous fixtures to function scope. Set the default fixture loop scope explicitly in order to avoid unexpected behavior in the future. Valid fixture loop scopes are: "function", "class", "module", "package", "session"

  warnings.warn(PytestDeprecationWarning(_DEFAULT_FIXTURE_LOOP_SCOPE_UNSET))