============================= test session starts ==============================
platform darwin -- Python 3.11.11, pytest-8.3.5, pluggy-1.5.0
rootdir: /Users/akshankrithick/projects/pydantic-ai
configfile: pyproject.toml
plugins: respx-0.22.0, mock-3.15.1, recording-0.13.4, xdist-3.8.0, timeout-2.4.0, order-1.3.0, anyio-4.8.0, rerunfailures-15.1, inline-snapshot-0.31.1, hypothesis-6.148.2, asyncio-1.3.0, rich-0.2.0, cov-7.0.0
asyncio: mode=Mode.STRICT, debug=False, asyncio_default_fixture_loop_scope=None, asyncio_default_test_loop_scope=function
collected 4 items

tests/test_ssrf.py F

=================================== FAILURES ===================================
_______ TestIsPrivateIp.test_ipv4_mapped_ipv6_private[::ffff:127.0.0.1] ________

self = <tests.test_ssrf.TestIsPrivateIp object at 0x10e377b10>
ip = '::ffff:127.0.0.1'

    @pytest.mark.parametrize(
        'ip',
        [
            # IPv4-mapped IPv6 private addresses
            '::ffff:127.0.0.1',  # Loopback
            '::ffff:10.0.0.1',    # Private
            '::ffff:192.168.1.1', # Private
            '::ffff:172.16.0.1',  # Private
        ],
    )
    def test_ipv4_mapped_ipv6_private(self, ip: str) -> None:
>       assert is_private_ip(ip) is True
E       AssertionError: assert False is True
E        +  where False = is_private_ip('::ffff:127.0.0.1')

tests/test_ssrf.py:100: AssertionError
=========================== short test summary info ============================
FAILED tests/test_ssrf.py::TestIsPrivateIp::test_ipv4_mapped_ipv6_private[::ffff:127.0.0.1]
!!!!!!!!!!!!!!!!!!!!!!!!!! stopping after 1 failures !!!!!!!!!!!!!!!!!!!!!!!!!!!
============================== 1 failed in 0.42s ===============================

/Users/akshankrithick/anaconda3/envs/vvenv/lib/python3.11/site-packages/pytest_asyncio/plugin.py:247: PytestDeprecationWarning: The configuration option "asyncio_default_fixture_loop_scope" is unset.
The event loop scope for asynchronous fixtures will default to the fixture caching scope. Future versions of pytest-asyncio will default the loop scope for asynchronous fixtures to function scope. Set the default fixture loop scope explicitly in order to avoid unexpected behavior in the future. Valid fixture loop scopes are: "function", "class", "module", "package", "session"

  warnings.warn(PytestDeprecationWarning(_DEFAULT_FIXTURE_LOOP_SCOPE_UNSET))