, asyncio-1.3.0, rich-0.2.0, cov-7.0.0
asyncio: mode=Mode.STRICT, debug=False, asyncio_default_fixture_loop_scope=None, asyncio_default_test_loop_scope=function
collected 27 items

tests/test_tenacity.py .................F

=================================== FAILURES ===================================
_____________ TestWaitRetryAfter.test_retry_after_http_date_format _____________

self = <tests.test_tenacity.TestWaitRetryAfter object at 0x1089b3850>

    def test_retry_after_http_date_format(self):
        """Test parsing Retry-After header in HTTP date format."""
        fallback = Mock()
        wait_func = wait_retry_after(fallback_strategy=fallback, max_wait=300)
    
        # Create a future date (30 seconds from now)
        future_time = datetime.now(timezone.utc).timestamp() + 30
        http_date = formatdate(future_time, usegmt=True)
    
        # Create HTTP status error with Retry-After in HTTP date format
        request = httpx.Request('GET', 'https://example.com')
        response = Mock(spec=httpx.Response)
        response.headers = {'retry-after': http_date}
        http_error = httpx.HTTPStatusError('Rate limited', request=request, response=response)
    
        retry_state = Mock(spec=RetryCallState)
        retry_state.outcome = Mock()
        retry_state.outcome.failed = True
        retry_state.outcome.exception.return_value = http_error
    
        result = wait_func(retry_state)
    
        # Should be approximately 30 seconds (allow some tolerance for test timing)
>       assert 25 <= result <= 35
E       TypeError: '<=' not supported between instances of 'int' and 'Mock'

tests/test_tenacity.py:466: TypeError
=========================== short test summary info ============================
FAILED tests/test_tenacity.py::TestWaitRetryAfter::test_retry_after_http_date_format
!!!!!!!!!!!!!!!!!!!!!!!!!! stopping after 1 failures !!!!!!!!!!!!!!!!!!!!!!!!!!!
========================= 1 failed, 17 passed in 0.58s =========================

/Users/akshankrithick/anaconda3/envs/vvenv/lib/python3.11/site-packages/pytest_asyncio/plugin.py:247: PytestDeprecationWarning: The configuration option "asyncio_default_fixture_loop_scope" is unset.
The event loop scope for asynchronous fixtures will default to the fixture caching scope. Future versions of pytest-asyncio will default the loop scope for asynchronous fixtures to function scope. Set the default fixture loop scope explicitly in order to avoid unexpected behavior in the future. Valid fixture loop scopes are: "function", "class", "module", "package", "session"

  warnings.warn(PytestDeprecationWarning(_DEFAULT_FIXTURE_LOOP_SCOPE_UNSET))