============================= test session starts ==============================
platform darwin -- Python 3.11.11, pytest-8.3.5, pluggy-1.5.0
rootdir: /Users/akshankrithick/projects/pydantic-ai
configfile: pyproject.toml
plugins: respx-0.22.0, mock-3.15.1, recording-0.13.4, xdist-3.8.0, timeout-2.4.0, order-1.3.0, anyio-4.8.0, rerunfailures-15.1, inline-snapshot-0.31.1, hypothesis-6.148.2, asyncio-1.3.0, rich-0.2.0, cov-7.0.0
asyncio: mode=Mode.STRICT, debug=False, asyncio_default_fixture_loop_scope=None, asyncio_default_test_loop_scope=function
collected 27 items

tests/test_tenacity.py ............F

=================================== FAILURES ===================================
______________ TestWaitRetryAfter.test_no_exception_uses_fallback ______________

self = <tests.test_tenacity.TestWaitRetryAfter object at 0x108c7bed0>

    def test_no_exception_uses_fallback(self):
        """Test that fallback strategy is used when there's no exception."""
        fallback = Mock(return_value=5.0)
        wait_func = wait_retry_after(fallback_strategy=fallback, max_wait=300)
    
        # Create a retry state with no exception
        retry_state = Mock(spec=RetryCallState)
        retry_state.outcome = None
        retry_state.attempt_number = 1
    
        result = wait_func(retry_state)
    
>       assert result == 5.0
E       assert 1 == 5.0

tests/test_tenacity.py:362: AssertionError
=========================== short test summary info ============================
FAILED tests/test_tenacity.py::TestWaitRetryAfter::test_no_exception_uses_fallback
!!!!!!!!!!!!!!!!!!!!!!!!!! stopping after 1 failures !!!!!!!!!!!!!!!!!!!!!!!!!!!
========================= 1 failed, 12 passed in 0.39s =========================

/Users/akshankrithick/anaconda3/envs/vvenv/lib/python3.11/site-packages/pytest_asyncio/plugin.py:247: PytestDeprecationWarning: The configuration option "asyncio_default_fixture_loop_scope" is unset.
The event loop scope for asynchronous fixtures will default to the fixture caching scope. Future versions of pytest-asyncio will default the loop scope for asynchronous fixtures to function scope. Set the default fixture loop scope explicitly in order to avoid unexpected behavior in the future. Valid fixture loop scopes are: "function", "class", "module", "package", "session"

  warnings.warn(PytestDeprecationWarning(_DEFAULT_FIXTURE_LOOP_SCOPE_UNSET))