============================= test session starts ==============================
platform darwin -- Python 3.11.11, pytest-8.3.5, pluggy-1.5.0
rootdir: /private/var/folders/vz/02yk36wx3dz6dw661rcdxcxr0000gn/T/bca_eval_ozqoardy/repo
configfile: pyproject.toml
plugins: respx-0.22.0, xdist-3.8.0, timeout-2.4.0, order-1.3.0, anyio-4.8.0, rerunfailures-15.1, hypothesis-6.148.2, asyncio-1.3.0, rich-0.2.0, cov-7.0.0
asyncio: mode=Mode.AUTO, debug=False, asyncio_default_fixture_loop_scope=None, asyncio_default_test_loop_scope=function
collected 1 item

tests/test_config.py F

=================================== FAILURES ===================================
________________________ TestConfig.test_default_config ________________________

self = <tests.test_config.TestConfig object at 0x105522550>

    def test_default_config(self):
        config = ProjectConfig()
        assert config.llm.provider == "anthropic"
>       assert config.agent.max_iterations == 15
E       AssertionError: assert 150 == 15
E        +  where 150 = AgentConfig(max_iterations=150, auto_verify=True, require_approval=True).max_iterations
E        +    where AgentConfig(max_iterations=150, auto_verify=True, require_approval=True) = ProjectConfig(name='', root_path='.', llm=LLMConfig(provider='anthropic', model='claude-sonnet-4-5-20250929', api_key_...e', '*.min.js', '*.min.css', '*.map', '*.lock', 'package-lock.json', 'yarn.lock'], max_file_size_kb=500, languages=[])).agent

tests/test_config.py:22: AssertionError
=========================== short test summary info ============================
FAILED tests/test_config.py::TestConfig::test_default_config - AssertionError...
!!!!!!!!!!!!!!!!!!!!!!!!!! stopping after 1 failures !!!!!!!!!!!!!!!!!!!!!!!!!!!
============================== 1 failed in 0.18s ===============================

/Users/akshankrithick/anaconda3/envs/vvenv/lib/python3.11/site-packages/pytest_asyncio/plugin.py:247: PytestDeprecationWarning: The configuration option "asyncio_default_fixture_loop_scope" is unset.
The event loop scope for asynchronous fixtures will default to the fixture caching scope. Future versions of pytest-asyncio will default the loop scope for asynchronous fixtures to function scope. Set the default fixture loop scope explicitly in order to avoid unexpected behavior in the future. Valid fixture loop scopes are: "function", "class", "module", "package", "session"

  warnings.warn(PytestDeprecationWarning(_DEFAULT_FIXTURE_LOOP_SCOPE_UNSET))