|            ^^^^^^^^^^^^
  |   File "/Users/akshankrithick/anaconda3/envs/vvenv/lib/python3.11/site-packages/anyio/_backends/_asyncio.py", line 2193, in _run_tests_and_fixtures
  |     retval = await coro
  |              ^^^^^^^^^^
  |   File "/Users/akshankrithick/projects/pydantic-ai/tests/test_concurrency.py", line 55, in test_basic_acquisition
  |     async with anyio.create_task_group() as tg:
  |   File "/Users/akshankrithick/anaconda3/envs/vvenv/lib/python3.11/site-packages/anyio/_backends/_asyncio.py", line 767, in __aexit__
  |     raise BaseExceptionGroup(
  | ExceptionGroup: unhandled errors in a TaskGroup (1 sub-exception)
  +-+---------------- 1 ----------------
    | Traceback (most recent call last):
    |   File "/Users/akshankrithick/projects/pydantic-ai/tests/test_concurrency.py", line 50, in acquire_and_hold
    |     async with get_concurrency_context(limiter, 'test'):
    |   File "/Users/akshankrithick/anaconda3/envs/vvenv/lib/python3.11/contextlib.py", line 210, in __aenter__
    |     return await anext(self.gen)
    |            ^^^^^^^^^^^^^^^^^^^^^
    |   File "/Users/akshankrithick/projects/pydantic-ai/pydantic_ai_slim/pydantic_ai/concurrency.py", line 249, in _limiter_context
    |     await limiter.acquire(source)
    |   File "/Users/akshankrithick/projects/pydantic-ai/pydantic_ai_slim/pydantic_ai/concurrency.py", line 190, in acquire
    |     if self._max_queued is None and self._waiting_count >= self._max_queued:
    |                                     ^^^^^^^^^^^^^^^^^^^^^^^^^^^^^^^^^^^^^^^
    | TypeError: '>=' not supported between instances of 'int' and 'NoneType'
    +------------------------------------
=========================== short test summary info ============================
FAILED tests/test_concurrency.py::TestConcurrencyLimiter::test_basic_acquisition
!!!!!!!!!!!!!!!!!!!!!!!!!! stopping after 1 failures !!!!!!!!!!!!!!!!!!!!!!!!!!!
============================== 1 failed in 0.63s ===============================

/Users/akshankrithick/anaconda3/envs/vvenv/lib/python3.11/site-packages/pytest_asyncio/plugin.py:247: PytestDeprecationWarning: The configuration option "asyncio_default_fixture_loop_scope" is unset.
The event loop scope for asynchronous fixtures will default to the fixture caching scope. Future versions of pytest-asyncio will default the loop scope for asynchronous fixtures to function scope. Set the default fixture loop scope explicitly in order to avoid unexpected behavior in the future. Valid fixture loop scopes are: "function", "class", "module", "package", "session"

  warnings.warn(PytestDeprecationWarning(_DEFAULT_FIXTURE_LOOP_SCOPE_UNSET))