-15.1, inline-snapshot-0.31.1, hypothesis-6.148.2, asyncio-1.3.0, rich-0.2.0, cov-7.0.0
asyncio: mode=Mode.STRICT, debug=False, asyncio_default_fixture_loop_scope=None, asyncio_default_test_loop_scope=function
collected 85 items

tests/test_messages.py ................................................. [ 57%]
..............................F

=================================== FAILURES ===================================
______________ test_image_url_validation_with_optional_identifier ______________

    def test_image_url_validation_with_optional_identifier():
        image_url_ta = TypeAdapter(ImageUrl)
        image = image_url_ta.validate_python({'url': 'https://example.com/image.jpg'})
        assert image.url == snapshot('https://example.com/image.jpg')
>       assert image.identifier == snapshot('39cfc4')

tests/test_messages.py:628: 
_ _ _ _ _ _ _ _ _ _ _ _ _ _ _ _ _ _ _ _ _ _ _ _ _ _ _ _ _ _ _ _ _ _ _ _ _ _ _ _ 
pydantic_ai_slim/pydantic_ai/messages.py:241: in identifier
    return self._identifier or _multi_modal_content_identifier(self.url)
_ _ _ _ _ _ _ _ _ _ _ _ _ _ _ _ _ _ _ _ _ _ _ _ _ _ _ _ _ _ _ _ _ _ _ _ _ _ _ _ 

identifier = 'https://example.com/image.jpg'

    def _multi_modal_content_identifier(identifier: str | bytes) -> str:
        """Generate stable identifier for multi-modal content to help LLM in finding a specific file in tool call responses."""
        if not isinstance(identifier, str):
            identifier = identifier  # No need to encode bytes
>       return hashlib.sha1(identifier).hexdigest()[:6]
E       TypeError: Strings must be encoded before hashing

pydantic_ai_slim/pydantic_ai/messages.py:167: TypeError
=========================== short test summary info ============================
FAILED tests/test_messages.py::test_image_url_validation_with_optional_identifier
!!!!!!!!!!!!!!!!!!!!!!!!!! stopping after 1 failures !!!!!!!!!!!!!!!!!!!!!!!!!!!
========================= 1 failed, 79 passed in 0.56s =========================

/Users/akshankrithick/anaconda3/envs/vvenv/lib/python3.11/site-packages/pytest_asyncio/plugin.py:247: PytestDeprecationWarning: The configuration option "asyncio_default_fixture_loop_scope" is unset.
The event loop scope for asynchronous fixtures will default to the fixture caching scope. Future versions of pytest-asyncio will default the loop scope for asynchronous fixtures to function scope. Set the default fixture loop scope explicitly in order to avoid unexpected behavior in the future. Valid fixture loop scopes are: "function", "class", "module", "package", "session"

  warnings.warn(PytestDeprecationWarning(_DEFAULT_FIXTURE_LOOP_SCOPE_UNSET))