Use --inline-snapshot=fix to apply them, or use the interactive mode with 
--inline-snapshot=review



==================================== ERRORS ====================================
_____________ ERROR at teardown of test_multi_agent_usage_no_incr ______________
some snapshots in this test have incorrect values.
If you just created this value with --inline-snapshot=create, the value is now created and you can ignore this message.
=================================== FAILURES ===================================
________________________ test_multi_agent_usage_no_incr ________________________

    async def test_multi_agent_usage_no_incr():
        delegate_agent = Agent(TestModel(), output_type=int)
    
        controller_agent1 = Agent(TestModel())
        run_1_usages: list[RunUsage] = []
    
        @controller_agent1.tool
        async def delegate_to_other_agent1(ctx: RunContext[None], sentence: str) -> int:
            delegate_result = await delegate_agent.run(sentence)
            delegate_usage = delegate_result.usage()
            run_1_usages.append(delegate_usage)
            assert delegate_usage == snapshot(RunUsage(requests=1, input_tokens=51, output_tokens=4))
            return delegate_result.output
    
        result1 = await controller_agent1.run('foobar')
>       assert result1.output == snapshot(0)
E       assert '{"delegate_to_other_agent1":0}' == 0
E        +  where '{"delegate_to_other_agent1":0}' = AgentRunResult(output='{"delegate_to_other_agent1":0}').output
E        +  and   0 = snapshot(0)

tests/test_usage_limits.py:175: AssertionError
=========================== short test summary info ============================
FAILED tests/test_usage_limits.py::test_multi_agent_usage_no_incr - assert '{...
ERROR tests/test_usage_limits.py::test_multi_agent_usage_no_incr - Failed: so...
!!!!!!!!!!!!!!!!!!!!!!!!!! stopping after 2 failures !!!!!!!!!!!!!!!!!!!!!!!!!!!
===================== 1 failed, 7 passed, 1 error in 0.79s =====================

/Users/akshankrithick/anaconda3/envs/vvenv/lib/python3.11/site-packages/pytest_asyncio/plugin.py:247: PytestDeprecationWarning: The configuration option "asyncio_default_fixture_loop_scope" is unset.
The event loop scope for asynchronous fixtures will default to the fixture caching scope. Future versions of pytest-asyncio will default the loop scope for asynchronous fixtures to function scope. Set the default fixture loop scope explicitly in order to avoid unexpected behavior in the future. Valid fixture loop scopes are: "function", "class", "module", "package", "session"

  warnings.warn(PytestDeprecationWarning(_DEFAULT_FIXTURE_LOOP_SCOPE_UNSET))