= <httpx._decoders.ZStandardDecoder object at 0x106710850>, data = b'\x00'

    def decode(self, data: bytes) -> bytes:
        assert zstandard is not None
        self.seen_data = True
        output = io.BytesIO()
        try:
>           output.write(self.decompressor.decompress(data))
E           zstandard.backend_c.ZstdError: zstd decompressor error: Unknown frame descriptor

httpx/_decoders.py:185: ZstdError

The above exception was the direct cause of the following exception:

    def test_zstd_empty():
        headers = [(b"Content-Encoding", b"zstd")]
>       response = httpx.Response(200, headers=headers, content=b"\x00")

tests/test_decoders.py:105: 
_ _ _ _ _ _ _ _ _ _ _ _ _ _ _ _ _ _ _ _ _ _ _ _ _ _ _ _ _ _ _ _ _ _ _ _ _ _ _ _ 
httpx/_models.py:554: in __init__
    self.read()
httpx/_models.py:881: in read
    self._content = b"".join(self.iter_bytes())
httpx/_models.py:898: in iter_bytes
    decoded = decoder.decode(raw_bytes)
_ _ _ _ _ _ _ _ _ _ _ _ _ _ _ _ _ _ _ _ _ _ _ _ _ _ _ _ _ _ _ _ _ _ _ _ _ _ _ _ 

self = <httpx._decoders.ZStandardDecoder object at 0x106710850>, data = b'\x00'

    def decode(self, data: bytes) -> bytes:
        assert zstandard is not None
        self.seen_data = True
        output = io.BytesIO()
        try:
            output.write(self.decompressor.decompress(data))
            while self.decompressor.eof and self.decompressor.unused_data:
                unused_data = self.decompressor.unused_data
                self.decompressor = zstandard.ZstdDecompressor().decompressobj()
                output.write(self.decompressor.decompress(unused_data))
        except zstandard.ZstdError as exc:
>           raise DecodingError(str(exc)) from exc
E           httpx.DecodingError: zstd decompressor error: Unknown frame descriptor

httpx/_decoders.py:191: DecodingError
!!!!!!!!!!!!!!!!!!!!!!!!!! stopping after 1 failures !!!!!!!!!!!!!!!!!!!!!!!!!!!
========================= 1 failed, 6 passed in 0.22s ==========================

/Users/akshankrithick/anaconda3/envs/vvenv/lib/python3.11/site-packages/pytest_asyncio/plugin.py:247: PytestDeprecationWarning: The configuration option "asyncio_default_fixture_loop_scope" is unset.
The event loop scope for asynchronous fixtures will default to the fixture caching scope. Future versions of pytest-asyncio will default the loop scope for asynchronous fixtures to function scope. Set the default fixture loop scope explicitly in order to avoid unexpected behavior in the future. Valid fixture loop scopes are: "function", "class", "module", "package", "session"

  warnings.warn(PytestDeprecationWarning(_DEFAULT_FIXTURE_LOOP_SCOPE_UNSET))