part == snapshot(None)                                           │
│                                                                              │
│      assert manager.get_part_by_vendor_id('missing') is None                 │
╰──────────────────────────────────────────────────────────────────────────────╯
These changes are not applied.
Use --inline-snapshot=fix to apply them, or use the interactive mode with 
--inline-snapshot=review



==================================== ERRORS ====================================
_______________ ERROR at teardown of test_get_part_by_vendor_id ________________
some snapshots in this test have incorrect values.
If you just created this value with --inline-snapshot=create, the value is now created and you can ignore this message.
=================================== FAILURES ===================================
__________________________ test_get_part_by_vendor_id __________________________

    def test_get_part_by_vendor_id():
        manager = ModelResponsePartsManager()
    
        event = next(manager.handle_text_delta(vendor_part_id='content', content='hello'))
        assert isinstance(event, PartStartEvent)
    
        part = manager.get_part_by_vendor_id('content')
>       assert part == snapshot(TextPart(content='hello', part_kind='text'))
E       AssertionError: assert None == TextPart(content='hello')
E        +  where TextPart(content='hello') = snapshot(TextPart(content='hello'))
E        +    where TextPart(content='hello') = TextPart(content='hello', part_kind='text')

tests/test_parts_manager.py:707: AssertionError
=========================== short test summary info ============================
FAILED tests/test_parts_manager.py::test_get_part_by_vendor_id - AssertionErr...
ERROR tests/test_parts_manager.py::test_get_part_by_vendor_id - Failed: some ...
!!!!!!!!!!!!!!!!!!!!!!!!!! stopping after 2 failures !!!!!!!!!!!!!!!!!!!!!!!!!!!
==================== 1 failed, 33 passed, 1 error in 0.56s =====================

/Users/akshankrithick/anaconda3/envs/vvenv/lib/python3.11/site-packages/pytest_asyncio/plugin.py:247: PytestDeprecationWarning: The configuration option "asyncio_default_fixture_loop_scope" is unset.
The event loop scope for asynchronous fixtures will default to the fixture caching scope. Future versions of pytest-asyncio will default the loop scope for asynchronous fixtures to function scope. Set the default fixture loop scope explicitly in order to avoid unexpected behavior in the future. Valid fixture loop scopes are: "function", "class", "module", "package", "session"

  warnings.warn(PytestDeprecationWarning(_DEFAULT_FIXTURE_LOOP_SCOPE_UNSET))