runfailures-15.1, inline-snapshot-0.31.1, hypothesis-6.148.2, asyncio-1.3.0, rich-0.2.0, cov-7.0.0
asyncio: mode=Mode.STRICT, debug=False, asyncio_default_fixture_loop_scope=None, asyncio_default_test_loop_scope=function
collected 33 items

tests/test_concurrency.py ..F

=================================== FAILURES ===================================
______________ TestConcurrencyLimiter.test_waiting_count_tracking ______________

self = <tests.test_concurrency.TestConcurrencyLimiter object at 0x109998110>

    async def test_waiting_count_tracking(self):
        """Test that waiting_count is accurately tracked."""
        limiter = ConcurrencyLimiter(max_running=1)
        started = anyio.Event()
        release = anyio.Event()
    
        async def holder():
            async with get_concurrency_context(limiter, 'test'):
                started.set()
                await release.wait()
    
        async def waiter():
            async with get_concurrency_context(limiter, 'test'):
                pass
    
        async with anyio.create_task_group() as tg:
            tg.start_soon(holder)
            await started.wait()
    
            # Now limiter is held, check waiting count as we add waiters
            assert limiter.waiting_count == 0
    
            for _ in range(3):
                tg.start_soon(waiter)
            await anyio.sleep(0.01)
            assert limiter.waiting_count == 3
    
            release.set()
>       assert limiter.waiting_count == 0
E       assert 3 == 0
E        +  where 3 = <pydantic_ai.concurrency.ConcurrencyLimiter object at 0x109a36c50>.waiting_count

tests/test_concurrency.py:97: AssertionError
=========================== short test summary info ============================
FAILED tests/test_concurrency.py::TestConcurrencyLimiter::test_waiting_count_tracking
!!!!!!!!!!!!!!!!!!!!!!!!!! stopping after 1 failures !!!!!!!!!!!!!!!!!!!!!!!!!!!
========================= 1 failed, 2 passed in 0.75s ==========================

/Users/akshankrithick/anaconda3/envs/vvenv/lib/python3.11/site-packages/pytest_asyncio/plugin.py:247: PytestDeprecationWarning: The configuration option "asyncio_default_fixture_loop_scope" is unset.
The event loop scope for asynchronous fixtures will default to the fixture caching scope. Future versions of pytest-asyncio will default the loop scope for asynchronous fixtures to function scope. Set the default fixture loop scope explicitly in order to avoid unexpected behavior in the future. Valid fixture loop scopes are: "function", "class", "module", "package", "session"

  warnings.warn(PytestDeprecationWarning(_DEFAULT_FIXTURE_LOOP_SCOPE_UNSET))