in _prepare_request
    ctx.deps.usage_limits.check_before_request(usage)
_ _ _ _ _ _ _ _ _ _ _ _ _ _ _ _ _ _ _ _ _ _ _ _ _ _ _ _ _ _ _ _ _ _ _ _ _ _ _ _ 

self = UsageLimits(input_tokens_limit=5), usage = RunUsage()

    def check_before_request(self, usage: RunUsage) -> None:
        """Raises a `UsageLimitExceeded` exception if the next request would exceed any of the limits."""
        request_limit = self.request_limit
        if request_limit is not None and usage.requests >= request_limit:
            raise UsageLimitExceeded(f'The next request would exceed the request_limit of {request_limit}')
    
        input_tokens = usage.input_tokens
        if self.input_tokens_limit is not None and input_tokens <= self.input_tokens_limit:
>           raise UsageLimitExceeded(
                f'The next request would exceed the input_tokens_limit of {self.input_tokens_limit} ({input_tokens=})'
            )
E           pydantic_ai.exceptions.UsageLimitExceeded: The next request would exceed the input_tokens_limit of 5 (input_tokens=0)

pydantic_ai_slim/pydantic_ai/usage.py:374: UsageLimitExceeded

During handling of the above exception, another exception occurred:

    def test_request_token_limit() -> None:
        test_agent = Agent(TestModel())
    
>       with pytest.raises(UsageLimitExceeded, match=re.escape('Exceeded the input_tokens_limit of 5 (input_tokens=59)')):
E       AssertionError: Regex pattern did not match.
E        Regex: 'Exceeded\\ the\\ input_tokens_limit\\ of\\ 5\\ \\(input_tokens=59\\)'
E        Input: 'The next request would exceed the input_tokens_limit of 5 (input_tokens=0)'

tests/test_usage_limits.py:44: AssertionError
=========================== short test summary info ============================
FAILED tests/test_usage_limits.py::test_request_token_limit - AssertionError:...
!!!!!!!!!!!!!!!!!!!!!!!!!! stopping after 1 failures !!!!!!!!!!!!!!!!!!!!!!!!!!!
========================= 1 failed, 1 passed in 0.90s ==========================

/Users/akshankrithick/anaconda3/envs/vvenv/lib/python3.11/site-packages/pytest_asyncio/plugin.py:247: PytestDeprecationWarning: The configuration option "asyncio_default_fixture_loop_scope" is unset.
The event loop scope for asynchronous fixtures will default to the fixture caching scope. Future versions of pytest-asyncio will default the loop scope for asynchronous fixtures to function scope. Set the default fixture loop scope explicitly in order to avoid unexpected behavior in the future. Valid fixture loop scopes are: "function", "class", "module", "package", "session"

  warnings.warn(PytestDeprecationWarning(_DEFAULT_FIXTURE_LOOP_SCOPE_UNSET))