RRORS ====================================
_ ERROR at teardown of test_handle_thinking_delta_no_vendor_id_with_existing_thinking_part _
some snapshots in this test have incorrect values.
If you just created this value with --inline-snapshot=create, the value is now created and you can ignore this message.
=================================== FAILURES ===================================
_____ test_handle_thinking_delta_no_vendor_id_with_existing_thinking_part ______

    def test_handle_thinking_delta_no_vendor_id_with_existing_thinking_part():
        manager = ModelResponsePartsManager()
    
        # Add a thinking part first
        event = next(manager.handle_thinking_delta(vendor_part_id='first', content='initial thought', signature=None))
        assert isinstance(event, PartStartEvent)
        assert event.index == 0
    
        # Now add another thinking delta with no vendor_part_id - should update the latest thinking part
        event = next(manager.handle_thinking_delta(vendor_part_id=None, content=' more', signature=None))
        assert isinstance(event, PartDeltaEvent)
        assert event.index == 0
    
        parts = manager.get_parts()
>       assert parts == snapshot([ThinkingPart(content='initial thought more')])
E       AssertionError: assert [ThinkingPart...tent=' more')] == [ThinkingPart...hought more')]
E         
E         At index 0 diff: ThinkingPart(content=' more') != ThinkingPart(content='initial thought more')
E         Use -v to get more diff

tests/test_parts_manager.py:588: AssertionError
=========================== short test summary info ============================
FAILED tests/test_parts_manager.py::test_handle_thinking_delta_no_vendor_id_with_existing_thinking_part
ERROR tests/test_parts_manager.py::test_handle_thinking_delta_no_vendor_id_with_existing_thinking_part
!!!!!!!!!!!!!!!!!!!!!!!!!! stopping after 2 failures !!!!!!!!!!!!!!!!!!!!!!!!!!!
==================== 1 failed, 25 passed, 1 error in 0.73s =====================

/Users/akshankrithick/anaconda3/envs/vvenv/lib/python3.11/site-packages/pytest_asyncio/plugin.py:247: PytestDeprecationWarning: The configuration option "asyncio_default_fixture_loop_scope" is unset.
The event loop scope for asynchronous fixtures will default to the fixture caching scope. Future versions of pytest-asyncio will default the loop scope for asynchronous fixtures to function scope. Set the default fixture loop scope explicitly in order to avoid unexpected behavior in the future. Valid fixture loop scopes are: "function", "class", "module", "package", "session"

  warnings.warn(PytestDeprecationWarning(_DEFAULT_FIXTURE_LOOP_SCOPE_UNSET))