t_test_loop_scope=function
collected 33 items

tests/test_concurrency.py .....F

=================================== FAILURES ===================================
__________________ TestConcurrencyLimiter.test_from_int_limit __________________

self = <tests.test_concurrency.TestConcurrencyLimiter object at 0x104a59550>

    async def test_from_int_limit(self):
        """Test creating from simple int."""
>       limiter = ConcurrencyLimiter.from_limit(5)

tests/test_concurrency.py:178: 
_ _ _ _ _ _ _ _ _ _ _ _ _ _ _ _ _ _ _ _ _ _ _ _ _ _ _ _ _ _ _ _ _ _ _ _ _ _ _ _ 

cls = <class 'pydantic_ai.concurrency.ConcurrencyLimiter'>, limit = 5

    @classmethod
    def from_limit(
        cls,
        limit: int | ConcurrencyLimit,
        *,
        name: str | None = None,
        tracer: Tracer | None = None,
    ) -> Self:
        """Create a ConcurrencyLimiter from a ConcurrencyLimit configuration.
    
        Args:
            limit: Either an int for simple limiting or a ConcurrencyLimit for full config.
            name: Optional name for this limiter, used for observability.
            tracer: OpenTelemetry tracer for span creation.
    
        Returns:
            A configured ConcurrencyLimiter.
        """
        if not isinstance(limit, int):
            return cls(max_running=limit, name=name, tracer=tracer)
        else:
            return cls(
>               max_running=limit.max_running,
                max_queued=limit.max_queued,
                name=name,
                tracer=tracer,
            )
E           AttributeError: 'int' object has no attribute 'max_running'

pydantic_ai_slim/pydantic_ai/concurrency.py:134: AttributeError
=========================== short test summary info ============================
FAILED tests/test_concurrency.py::TestConcurrencyLimiter::test_from_int_limit
!!!!!!!!!!!!!!!!!!!!!!!!!! stopping after 1 failures !!!!!!!!!!!!!!!!!!!!!!!!!!!
========================= 1 failed, 5 passed in 0.84s ==========================

/Users/akshankrithick/anaconda3/envs/vvenv/lib/python3.11/site-packages/pytest_asyncio/plugin.py:247: PytestDeprecationWarning: The configuration option "asyncio_default_fixture_loop_scope" is unset.
The event loop scope for asynchronous fixtures will default to the fixture caching scope. Future versions of pytest-asyncio will default the loop scope for asynchronous fixtures to function scope. Set the default fixture loop scope explicitly in order to avoid unexpected behavior in the future. Valid fixture loop scopes are: "function", "class", "module", "package", "session"

  warnings.warn(PytestDeprecationWarning(_DEFAULT_FIXTURE_LOOP_SCOPE_UNSET))