sis-6.148.2, asyncio-1.3.0, rich-0.2.0, cov-7.0.0
asyncio: mode=Mode.STRICT, debug=False, asyncio_default_fixture_loop_scope=None, asyncio_default_test_loop_scope=function
collected 33 items

tests/test_concurrency.py F

=================================== FAILURES ===================================
________________ TestConcurrencyLimiter.test_basic_acquisition _________________

self = <tests.test_concurrency.TestConcurrencyLimiter object at 0x1058b5690>

    async def test_basic_acquisition(self):
        """Test that limiter limits concurrent access."""
>       limiter = ConcurrencyLimiter(max_running=2)

tests/test_concurrency.py:46: 
_ _ _ _ _ _ _ _ _ _ _ _ _ _ _ _ _ _ _ _ _ _ _ _ _ _ _ _ _ _ _ _ _ _ _ _ _ _ _ _ 

self = <pydantic_ai.concurrency.ConcurrencyLimiter object at 0x106cf07d0>
max_running = 2

    def __init__(
        self,
        max_running: int,
        *,
        max_queued: int | None = None,
        name: str | None = None,
        tracer: Tracer | None = None,
    ):
        """Initialize the ConcurrencyLimiter.
    
        Args:
            max_running: Maximum number of concurrent operations.
            max_queued: Maximum queue depth before raising ConcurrencyLimitExceeded.
            name: Optional name for this limiter, used for observability when sharing
                a limiter across multiple models or agents.
            tracer: OpenTelemetry tracer for span creation.
        """
>       self._limiter = anyio.CapacityLimiter(max_running, max_queued=max_queued)
E       TypeError: CapacityLimiter.__new__() got an unexpected keyword argument 'max_queued'

pydantic_ai_slim/pydantic_ai/concurrency.py:104: TypeError
=========================== short test summary info ============================
FAILED tests/test_concurrency.py::TestConcurrencyLimiter::test_basic_acquisition
!!!!!!!!!!!!!!!!!!!!!!!!!! stopping after 1 failures !!!!!!!!!!!!!!!!!!!!!!!!!!!
============================== 1 failed in 0.36s ===============================

/Users/akshankrithick/anaconda3/envs/vvenv/lib/python3.11/site-packages/pytest_asyncio/plugin.py:247: PytestDeprecationWarning: The configuration option "asyncio_default_fixture_loop_scope" is unset.
The event loop scope for asynchronous fixtures will default to the fixture caching scope. Future versions of pytest-asyncio will default the loop scope for asynchronous fixtures to function scope. Set the default fixture loop scope explicitly in order to avoid unexpected behavior in the future. Valid fixture loop scopes are: "function", "class", "module", "package", "session"

  warnings.warn(PytestDeprecationWarning(_DEFAULT_FIXTURE_LOOP_SCOPE_UNSET))