alueError: If the URL fails validation.
        """
        hostname, path, port, is_https = extract_host_and_port(url)
    
        # Check if hostname is already an IP address
        try:
            # Handle IPv6 addresses in brackets
            ip_str = hostname.strip('[]')
            ipaddress.ip_address(ip_str)
            ips = [ip_str]
        except ValueError:
            # It's a hostname, resolve it
            ips = await resolve_hostname(hostname)
    
        # Validate all resolved IPs
        for ip in ips:
            # Cloud metadata IPs are always blocked
            if is_cloud_metadata_ip(ip):
>               raise ValueError(f'Access to cloud metadata service ({ip}) is blocked for security reasons.')
E               ValueError: Access to cloud metadata service (192.168.1.1) is blocked for security reasons.

pydantic_ai_slim/pydantic_ai/_ssrf.py:238: ValueError

During handling of the above exception, another exception occurred:

self = <tests.test_ssrf.TestValidateAndResolveUrl object at 0x1051a6090>

    async def test_private_ip_blocked_by_default(self) -> None:
        """Test that private IPs are blocked by default."""
        with patch('pydantic_ai._ssrf.run_in_executor') as mock_executor:
            mock_executor.return_value = [(2, 1, 6, '', ('192.168.1.1', 0))]
>           with pytest.raises(ValueError, match='Access to private/internal IP address'):
E           AssertionError: Regex pattern did not match.
E            Regex: 'Access to private/internal IP address'
E            Input: 'Access to cloud metadata service (192.168.1.1) is blocked for security reasons.'

tests/test_ssrf.py:341: AssertionError
=========================== short test summary info ============================
FAILED tests/test_ssrf.py::TestValidateAndResolveUrl::test_private_ip_blocked_by_default
!!!!!!!!!!!!!!!!!!!!!!!!!! stopping after 1 failures !!!!!!!!!!!!!!!!!!!!!!!!!!!
============================== 1 failed in 0.51s ===============================

/Users/akshankrithick/anaconda3/envs/vvenv/lib/python3.11/site-packages/pytest_asyncio/plugin.py:247: PytestDeprecationWarning: The configuration option "asyncio_default_fixture_loop_scope" is unset.
The event loop scope for asynchronous fixtures will default to the fixture caching scope. Future versions of pytest-asyncio will default the loop scope for asynchronous fixtures to function scope. Set the default fixture loop scope explicitly in order to avoid unexpected behavior in the future. Valid fixture loop scopes are: "function", "class", "module", "package", "session"

  warnings.warn(PytestDeprecationWarning(_DEFAULT_FIXTURE_LOOP_SCOPE_UNSET))