.15.1, recording-0.13.4, xdist-3.8.0, timeout-2.4.0, order-1.3.0, anyio-4.8.0, rerunfailures-15.1, inline-snapshot-0.31.1, hypothesis-6.148.2, asyncio-1.3.0, rich-0.2.0, cov-7.0.0
asyncio: mode=Mode.STRICT, debug=False, asyncio_default_fixture_loop_scope=None, asyncio_default_test_loop_scope=function
collected 35 items

tests/test_ui_web.py F

=================================== FAILURES ===================================
______________________________ test_agent_to_web _______________________________

    def test_agent_to_web():
        """Test the Agent.to_web() method."""
>       agent = Agent('test', http_client=httpx.AsyncClient())

tests/test_ui_web.py:46: 
_ _ _ _ _ _ _ _ _ _ _ _ _ _ _ _ _ _ _ _ _ _ _ _ _ _ _ _ _ _ _ _ _ _ _ _ _ _ _ _ 
pydantic_ai_slim/pydantic_ai/agent/__init__.py:355: in __init__
    _utils.validate_empty_kwargs(_deprecated_kwargs)
_ _ _ _ _ _ _ _ _ _ _ _ _ _ _ _ _ _ _ _ _ _ _ _ _ _ _ _ _ _ _ _ _ _ _ _ _ _ _ _ 

_kwargs = {'http_client': <httpx.AsyncClient object at 0x10600e010>}

    def validate_empty_kwargs(_kwargs: dict[str, Any]) -> None:
        """Validate that no unknown kwargs remain after processing.
    
        Args:
            _kwargs: Dictionary of remaining kwargs after specific ones have been processed.
    
        Raises:
            UserError: If any unknown kwargs remain.
        """
        if _kwargs:
            unknown_kwargs = ', '.join(f'`{k}`' for k in _kwargs.keys())
>           raise exceptions.UserError(f'Unknown keyword arguments: {unknown_kwargs}')
E           pydantic_ai.exceptions.UserError: Unknown keyword arguments: `http_client`

pydantic_ai_slim/pydantic_ai/_utils.py:503: UserError
=========================== short test summary info ============================
FAILED tests/test_ui_web.py::test_agent_to_web - pydantic_ai.exceptions.UserE...
!!!!!!!!!!!!!!!!!!!!!!!!!! stopping after 1 failures !!!!!!!!!!!!!!!!!!!!!!!!!!!
============================== 1 failed in 0.56s ===============================

/Users/akshankrithick/anaconda3/envs/vvenv/lib/python3.11/site-packages/pytest_asyncio/plugin.py:247: PytestDeprecationWarning: The configuration option "asyncio_default_fixture_loop_scope" is unset.
The event loop scope for asynchronous fixtures will default to the fixture caching scope. Future versions of pytest-asyncio will default the loop scope for asynchronous fixtures to function scope. Set the default fixture loop scope explicitly in order to avoid unexpected behavior in the future. Valid fixture loop scopes are: "function", "class", "module", "package", "session"

  warnings.warn(PytestDeprecationWarning(_DEFAULT_FIXTURE_LOOP_SCOPE_UNSET))