e-snapshot-0.31.1, hypothesis-6.148.2, asyncio-1.3.0, rich-0.2.0, cov-7.0.0
asyncio: mode=Mode.STRICT, debug=False, asyncio_default_fixture_loop_scope=None, asyncio_default_test_loop_scope=function
collected 19 items

tests/test_utils.py .....F

=================================== FAILURES ===================================
________________________ test_check_object_json_schema _________________________

    def test_check_object_json_schema():
        object_schema = {'type': 'object', 'properties': {'a': {'type': 'string'}}}
>       assert check_object_json_schema(object_schema) == object_schema

tests/test_utils.py:57: 
_ _ _ _ _ _ _ _ _ _ _ _ _ _ _ _ _ _ _ _ _ _ _ _ _ _ _ _ _ _ _ _ _ _ _ _ _ _ _ _ 

schema = {'properties': {'a': {'type': 'string'}}, 'type': 'object'}

    def check_object_json_schema(schema: JsonSchemaValue) -> ObjectJsonSchema:
        from .exceptions import UserError
    
        if schema.get('type') != 'object' and '$ref' not in schema:
            return schema
        elif ref := schema.get('$ref'):
            prefix = '#/$defs/'
            # Return the referenced schema unless it contains additional nested references.
            if (
                ref.startswith(prefix)
                and (resolved := schema.get('$defs', {}).get(ref[len(prefix) :]))
                and resolved.get('type') == 'object'
                and not _contains_ref(resolved)
            ):
                return resolved
            return schema
        else:
>           raise UserError('Schema must be an object')
E           pydantic_ai.exceptions.UserError: Schema must be an object

pydantic_ai_slim/pydantic_ai/_utils.py:121: UserError
=========================== short test summary info ============================
FAILED tests/test_utils.py::test_check_object_json_schema - pydantic_ai.excep...
!!!!!!!!!!!!!!!!!!!!!!!!!! stopping after 1 failures !!!!!!!!!!!!!!!!!!!!!!!!!!!
========================= 1 failed, 5 passed in 0.73s ==========================

/Users/akshankrithick/anaconda3/envs/vvenv/lib/python3.11/site-packages/pytest_asyncio/plugin.py:247: PytestDeprecationWarning: The configuration option "asyncio_default_fixture_loop_scope" is unset.
The event loop scope for asynchronous fixtures will default to the fixture caching scope. Future versions of pytest-asyncio will default the loop scope for asynchronous fixtures to function scope. Set the default fixture loop scope explicitly in order to avoid unexpected behavior in the future. Valid fixture loop scopes are: "function", "class", "module", "package", "session"

  warnings.warn(PytestDeprecationWarning(_DEFAULT_FIXTURE_LOOP_SCOPE_UNSET))