ootdir: /Users/akshankrithick/projects/httpx
configfile: pyproject.toml
plugins: respx-0.22.0, mock-3.15.1, recording-0.13.4, xdist-3.8.0, timeout-2.4.0, order-1.3.0, anyio-4.8.0, rerunfailures-15.1, inline-snapshot-0.31.1, hypothesis-6.148.2, asyncio-1.3.0, rich-0.2.0, cov-7.0.0
asyncio: mode=Mode.STRICT, debug=False, asyncio_default_fixture_loop_scope=None, asyncio_default_test_loop_scope=function
collected 12 items

tests/test_wsgi.py .F

=================================== FAILURES ===================================
_______________________________ test_wsgi_upload _______________________________

    def test_wsgi_upload():
        transport = httpx.WSGITransport(app=echo_body)
        client = httpx.Client(transport=transport)
>       response = client.post("http://www.example.org/", content=b"example")

tests/test_wsgi.py:105: 
_ _ _ _ _ _ _ _ _ _ _ _ _ _ _ _ _ _ _ _ _ _ _ _ _ _ _ _ _ _ _ _ _ _ _ _ _ _ _ _ 
httpx/_client.py:1145: in post
    return self.request(
httpx/_client.py:826: in request
    return self.send(request, auth=auth, follow_redirects=follow_redirects)
httpx/_client.py:929: in send
    raise exc
httpx/_client.py:923: in send
    response.read()
httpx/_models.py:881: in read
    self._content = b"".join(self.iter_bytes())
httpx/_models.py:897: in iter_bytes
    for raw_bytes in self.iter_raw():
httpx/_models.py:959: in iter_raw
    self.close()
httpx/_models.py:972: in close
    self.stream.close()
httpx/_client.py:159: in close
    self._stream.close()
_ _ _ _ _ _ _ _ _ _ _ _ _ _ _ _ _ _ _ _ _ _ _ _ _ _ _ _ _ _ _ _ _ _ _ _ _ _ _ _ 

self = <httpx._transports.wsgi.WSGIByteStream object at 0x10a41bf50>

    def close(self) -> None:
        if self._close is None:
>           self._close()
E           TypeError: 'NoneType' object is not callable

httpx/_transports/wsgi.py:41: TypeError
!!!!!!!!!!!!!!!!!!!!!!!!!! stopping after 1 failures !!!!!!!!!!!!!!!!!!!!!!!!!!!
========================= 1 failed, 1 passed in 0.20s ==========================

/Users/akshankrithick/anaconda3/envs/vvenv/lib/python3.11/site-packages/pytest_asyncio/plugin.py:247: PytestDeprecationWarning: The configuration option "asyncio_default_fixture_loop_scope" is unset.
The event loop scope for asynchronous fixtures will default to the fixture caching scope. Future versions of pytest-asyncio will default the loop scope for asynchronous fixtures to function scope. Set the default fixture loop scope explicitly in order to avoid unexpected behavior in the future. Valid fixture loop scopes are: "function", "class", "module", "package", "session"

  warnings.warn(PytestDeprecationWarning(_DEFAULT_FIXTURE_LOOP_SCOPE_UNSET))
Iterator garbage collected without being closedException ignored in: <function IteratorWrapper.__del__ at 0x10a3ce340>
Traceback (most recent call last):
  File "/Users/akshankrithick/anaconda3/envs/vvenv/lib/python3.11/wsgiref/validate.py", line 295, in __del__
    assert_(self.closed,
  File "/Users/akshankrithick/anaconda3/envs/vvenv/lib/python3.11/wsgiref/validate.py", line 128, in assert_
    raise AssertionError(*args)
AssertionError: Iterator garbage collected without being closed