st session starts ==============================
platform darwin -- Python 3.11.11, pytest-8.3.5, pluggy-1.5.0
rootdir: /Users/akshankrithick/projects/httpx
configfile: pyproject.toml
plugins: respx-0.22.0, mock-3.15.1, recording-0.13.4, xdist-3.8.0, timeout-2.4.0, order-1.3.0, anyio-4.8.0, rerunfailures-15.1, inline-snapshot-0.31.1, hypothesis-6.148.2, asyncio-1.3.0, rich-0.2.0, cov-7.0.0
asyncio: mode=Mode.STRICT, debug=False, asyncio_default_fixture_loop_scope=None, asyncio_default_test_loop_scope=function
collected 24 items

tests/test_asgi.py F

=================================== FAILURES ===================================
_________________________ test_asgi_transport[asyncio] _________________________

    @pytest.mark.anyio
    async def test_asgi_transport():
        async with httpx.ASGITransport(app=hello_world) as transport:
            request = httpx.Request("GET", "http://www.example.com/")
>           response = await transport.handle_async_request(request)

tests/test_asgi.py:77: 
_ _ _ _ _ _ _ _ _ _ _ _ _ _ _ _ _ _ _ _ _ _ _ _ _ _ _ _ _ _ _ _ _ _ _ _ _ _ _ _ 
httpx/_transports/asgi.py:170: in handle_async_request
    await self.app(scope, receive, send)
tests/test_asgi.py:13: in hello_world
    await send({"type": "http.response.start", "status": status, "headers": headers})
_ _ _ _ _ _ _ _ _ _ _ _ _ _ _ _ _ _ _ _ _ _ _ _ _ _ _ _ _ _ _ _ _ _ _ _ _ _ _ _ 

message = {'headers': [(b'content-type', 'text/plain'), (b'content-length', '13')], 'status': 200, 'type': 'http.response.start'}

    async def send(message: typing.MutableMapping[str, typing.Any]) -> None:
        nonlocal status_code, response_headers, response_started
    
        if message["type"] == "http.response.start":
>           assert response_started
E           AssertionError

httpx/_transports/asgi.py:152: AssertionError
!!!!!!!!!!!!!!!!!!!!!!!!!! stopping after 1 failures !!!!!!!!!!!!!!!!!!!!!!!!!!!
============================== 1 failed in 0.16s ===============================

/Users/akshankrithick/anaconda3/envs/vvenv/lib/python3.11/site-packages/pytest_asyncio/plugin.py:247: PytestDeprecationWarning: The configuration option "asyncio_default_fixture_loop_scope" is unset.
The event loop scope for asynchronous fixtures will default to the fixture caching scope. Future versions of pytest-asyncio will default the loop scope for asynchronous fixtures to function scope. Set the default fixture loop scope explicitly in order to avoid unexpected behavior in the future. Valid fixture loop scopes are: "function", "class", "module", "package", "session"

  warnings.warn(PytestDeprecationWarning(_DEFAULT_FIXTURE_LOOP_SCOPE_UNSET))