.............................................. [ 57%]
................................F

=================================== FAILURES ===================================
________________________ test_binary_content_from_path _________________________

tmp_path = PosixPath('/private/var/folders/vz/02yk36wx3dz6dw661rcdxcxr0000gn/T/pytest-of-akshankrithick/pytest-360/test_binary_content_from_path0')

    def test_binary_content_from_path(tmp_path: Path):
        # test normal file
        test_xml_file = tmp_path / 'test.xml'
        test_xml_file.write_text('<think>about trains</think>', encoding='utf-8')
>       binary_content = BinaryContent.from_path(test_xml_file)

tests/test_messages.py:696: 
_ _ _ _ _ _ _ _ _ _ _ _ _ _ _ _ _ _ _ _ _ _ _ _ _ _ _ _ _ _ _ _ _ _ _ _ _ _ _ _ 

cls = <class 'pydantic_ai.messages.BinaryContent'>
path = PosixPath('/private/var/folders/vz/02yk36wx3dz6dw661rcdxcxr0000gn/T/pytest-of-akshankrithick/pytest-360/test_binary_content_from_path0/test.xml')

    @classmethod
    def from_path(cls, path: PathLike[str]) -> BinaryContent:
        """Create a `BinaryContent` from a path.
    
        Defaults to 'application/octet-stream' if the media type cannot be inferred.
    
        Raises:
            FileNotFoundError: if the file does not exist.
            PermissionError: if the file cannot be read.
        """
        path = Path(path)
        if path.exists():
>           return cls.narrow_type(cls(data=path.read_bytes(), media_type=media_type))
E           UnboundLocalError: cannot access local variable 'media_type' where it is not associated with a value

pydantic_ai_slim/pydantic_ai/messages.py:544: UnboundLocalError
=========================== short test summary info ============================
FAILED tests/test_messages.py::test_binary_content_from_path - UnboundLocalEr...
!!!!!!!!!!!!!!!!!!!!!!!!!! stopping after 1 failures !!!!!!!!!!!!!!!!!!!!!!!!!!!
========================= 1 failed, 81 passed in 0.77s =========================

/Users/akshankrithick/anaconda3/envs/vvenv/lib/python3.11/site-packages/pytest_asyncio/plugin.py:247: PytestDeprecationWarning: The configuration option "asyncio_default_fixture_loop_scope" is unset.
The event loop scope for asynchronous fixtures will default to the fixture caching scope. Future versions of pytest-asyncio will default the loop scope for asynchronous fixtures to function scope. Set the default fixture loop scope explicitly in order to avoid unexpected behavior in the future. Valid fixture loop scopes are: "function", "class", "module", "package", "session"

  warnings.warn(PytestDeprecationWarning(_DEFAULT_FIXTURE_LOOP_SCOPE_UNSET))