│
│ +    assert image.identifier == snapshot(None)                               │
│      assert image.media_type == snapshot('image/jpeg')                       │
│      assert image_url_ta.dump_python(image) == snapshot(                     │
│          {                                                                   │
╰──────────────────────────────────────────────────────────────────────────────╯
These changes are not applied.
Use --inline-snapshot=fix to apply them, or use the interactive mode with 
--inline-snapshot=review



==================================== ERRORS ====================================
___ ERROR at teardown of test_image_url_validation_with_optional_identifier ____
some snapshots in this test have incorrect values.
If you just created this value with --inline-snapshot=create, the value is now created and you can ignore this message.
=================================== FAILURES ===================================
______________ test_image_url_validation_with_optional_identifier ______________

    def test_image_url_validation_with_optional_identifier():
        image_url_ta = TypeAdapter(ImageUrl)
        image = image_url_ta.validate_python({'url': 'https://example.com/image.jpg'})
        assert image.url == snapshot('https://example.com/image.jpg')
>       assert image.identifier == snapshot('39cfc4')
E       AssertionError: assert None == '39cfc4'
E        +  where None = ImageUrl(url='https://example.com/image.jpg').identifier
E        +  and   '39cfc4' = snapshot('39cfc4')

tests/test_messages.py:628: AssertionError
=========================== short test summary info ============================
FAILED tests/test_messages.py::test_image_url_validation_with_optional_identifier
ERROR tests/test_messages.py::test_image_url_validation_with_optional_identifier
!!!!!!!!!!!!!!!!!!!!!!!!!! stopping after 2 failures !!!!!!!!!!!!!!!!!!!!!!!!!!!
==================== 1 failed, 79 passed, 1 error in 0.80s =====================

/Users/akshankrithick/anaconda3/envs/vvenv/lib/python3.11/site-packages/pytest_asyncio/plugin.py:247: PytestDeprecationWarning: The configuration option "asyncio_default_fixture_loop_scope" is unset.
The event loop scope for asynchronous fixtures will default to the fixture caching scope. Future versions of pytest-asyncio will default the loop scope for asynchronous fixtures to function scope. Set the default fixture loop scope explicitly in order to avoid unexpected behavior in the future. Valid fixture loop scopes are: "function", "class", "module", "package", "session"

  warnings.warn(PytestDeprecationWarning(_DEFAULT_FIXTURE_LOOP_SCOPE_UNSET))