============================= test session starts ==============================
platform darwin -- Python 3.11.11, pytest-8.3.5, pluggy-1.5.0
rootdir: /Users/akshankrithick/projects/pydantic-ai
configfile: pyproject.toml
plugins: respx-0.22.0, mock-3.15.1, recording-0.13.4, xdist-3.8.0, timeout-2.4.0, order-1.3.0, anyio-4.8.0, rerunfailures-15.1, inline-snapshot-0.31.1, hypothesis-6.148.2, asyncio-1.3.0, rich-0.2.0, cov-7.0.0
asyncio: mode=Mode.STRICT, debug=False, asyncio_default_fixture_loop_scope=None, asyncio_default_test_loop_scope=function
collected 0 items / 1 error

==================================== ERRORS ====================================
___________________ ERROR collecting tests/test_messages.py ____________________
tests/test_messages.py:179: in <module>
    pytest.param(AudioUrl('foobar.mp3'), 'audio/mpeg', 'mp3', id='mp3'),
E   pydantic.errors.PydanticUserError: `AudioUrl` is not fully defined; you should define `Optional`, then call `pydantic.dataclasses.rebuild_dataclass(AudioUrl)`.
E   
E   For further information visit https://errors.pydantic.dev/2.10/u/class-not-fully-defined
=========================== short test summary info ============================
ERROR tests/test_messages.py - pydantic.errors.PydanticUserError: `AudioUrl` ...
!!!!!!!!!!!!!!!!!!!!!!!!!! stopping after 1 failures !!!!!!!!!!!!!!!!!!!!!!!!!!!
!!!!!!!!!!!!!!!!!!!! Interrupted: 1 error during collection !!!!!!!!!!!!!!!!!!!!
=============================== 1 error in 0.54s ===============================

/Users/akshankrithick/anaconda3/envs/vvenv/lib/python3.11/site-packages/pytest_asyncio/plugin.py:247: PytestDeprecationWarning: The configuration option "asyncio_default_fixture_loop_scope" is unset.
The event loop scope for asynchronous fixtures will default to the fixture caching scope. Future versions of pytest-asyncio will default the loop scope for asynchronous fixtures to function scope. Set the default fixture loop scope explicitly in order to avoid unexpected behavior in the future. Valid fixture loop scopes are: "function", "class", "module", "package", "session"

  warnings.warn(PytestDeprecationWarning(_DEFAULT_FIXTURE_LOOP_SCOPE_UNSET))