test session starts ==============================
platform darwin -- Python 3.11.11, pytest-8.3.5, pluggy-1.5.0
rootdir: /Users/akshankrithick/projects/httpx
configfile: pyproject.toml
plugins: respx-0.22.0, mock-3.15.1, recording-0.13.4, xdist-3.8.0, timeout-2.4.0, order-1.3.0, anyio-4.8.0, rerunfailures-15.1, inline-snapshot-0.31.1, hypothesis-6.148.2, asyncio-1.3.0, rich-0.2.0, cov-7.0.0
asyncio: mode=Mode.STRICT, debug=False, asyncio_default_fixture_loop_scope=None, asyncio_default_test_loop_scope=function
collected 28 items

tests/test_config.py ...............F

=================================== FAILURES ===================================
_______________________ test_timeout_all_parameters_set ________________________

    def test_timeout_all_parameters_set():
>       timeout = httpx.Timeout(connect=5.0, read=5.0, write=5.0, pool=5.0)

tests/test_config.py:109: 
_ _ _ _ _ _ _ _ _ _ _ _ _ _ _ _ _ _ _ _ _ _ _ _ _ _ _ _ _ _ _ _ _ _ _ _ _ _ _ _ 

self = <[AttributeError("'Timeout' object has no attribute 'connect'") raised in repr()] Timeout object at 0x116837dd0>
timeout = <httpx._config.UnsetType object at 0x107780490>

    def __init__(
        self,
        timeout: TimeoutTypes | UnsetType = UNSET,
        *,
        connect: None | float | UnsetType = UNSET,
        read: None | float | UnsetType = UNSET,
        write: None | float | UnsetType = UNSET,
        pool: None | float | UnsetType = UNSET,
    ) -> None:
        if isinstance(timeout, Timeout) or isinstance(timeout, UnsetType):
            # Passed as a single explicit Timeout or UnsetType.
>           assert connect is UNSET
E           AssertionError

httpx/_config.py:97: AssertionError
--------------------------- Captured stderr teardown ---------------------------
INFO:     Shutting down
INFO:     Finished server process [86265]
!!!!!!!!!!!!!!!!!!!!!!!!!! stopping after 1 failures !!!!!!!!!!!!!!!!!!!!!!!!!!!
========================= 1 failed, 15 passed in 0.45s =========================

/Users/akshankrithick/anaconda3/envs/vvenv/lib/python3.11/site-packages/pytest_asyncio/plugin.py:247: PytestDeprecationWarning: The configuration option "asyncio_default_fixture_loop_scope" is unset.
The event loop scope for asynchronous fixtures will default to the fixture caching scope. Future versions of pytest-asyncio will default the loop scope for asynchronous fixtures to function scope. Set the default fixture loop scope explicitly in order to avoid unexpected behavior in the future. Valid fixture loop scopes are: "function", "class", "module", "package", "session"

  warnings.warn(PytestDeprecationWarning(_DEFAULT_FIXTURE_LOOP_SCOPE_UNSET))