fault_fixture_loop_scope=None, asyncio_default_test_loop_scope=function
collected 563 items

tests/models/test_whatwg.py F

=================================== FAILURES ===================================
__________________________ test_urlparse[test_case0] ___________________________

test_case = {'base': 'http://example.org/foo/bar', 'hash': '', 'host': 'example.org', 'hostname': 'example.org', ...}

    @pytest.mark.parametrize("test_case", test_cases)
    def test_urlparse(test_case):
        if test_case["href"] in ("a: foo.com", "lolscheme:x x#x%20x"):
            # Skip these two test cases.
            # WHATWG cases where are not using percent-encoding for the space character.
            # Anyone know what's going on here?
            return
    
        p = urlparse(test_case["href"])
    
        # Test cases include the protocol with the trailing ":"
        protocol = p.scheme + ":"
        # Include the square brackets for IPv6 addresses.
        hostname = f"[{p.host}]" if ":" in p.host else p.host
        # The test cases use a string representation of the port.
        port = "" if p.port is None else str(p.port)
        # I have nothing to say about this one.
        path = p.path
        # The 'search' and 'hash' components in the whatwg tests are semantic, not literal.
        # Our parsing differentiates between no query/hash and empty-string query/hash.
        search = "" if p.query in (None, "") else "?" + str(p.query)
        hash = "" if p.fragment in (None, "") else "#" + str(p.fragment)
    
        # URL hostnames are case-insensitive.
        # We normalize these, unlike the WHATWG test cases.
>       assert protocol == test_case["protocol"]
E       AssertionError: assert ':' == 'http:'
E         
E         - http:
E         + :

tests/models/test_whatwg.py:47: AssertionError
!!!!!!!!!!!!!!!!!!!!!!!!!! stopping after 1 failures !!!!!!!!!!!!!!!!!!!!!!!!!!!
============================== 1 failed in 0.15s ===============================

/Users/akshankrithick/anaconda3/envs/vvenv/lib/python3.11/site-packages/pytest_asyncio/plugin.py:247: PytestDeprecationWarning: The configuration option "asyncio_default_fixture_loop_scope" is unset.
The event loop scope for asynchronous fixtures will default to the fixture caching scope. Future versions of pytest-asyncio will default the loop scope for asynchronous fixtures to function scope. Set the default fixture loop scope explicitly in order to avoid unexpected behavior in the future. Valid fixture loop scopes are: "function", "class", "module", "package", "session"

  warnings.warn(PytestDeprecationWarning(_DEFAULT_FIXTURE_LOOP_SCOPE_UNSET))