=====================
platform darwin -- Python 3.11.11, pytest-8.3.5, pluggy-1.5.0
rootdir: /private/var/folders/vz/02yk36wx3dz6dw661rcdxcxr0000gn/T/bca_eval_x81w3r02/repo
configfile: pyproject.toml
plugins: respx-0.22.0, xdist-3.8.0, timeout-2.4.0, order-1.3.0, anyio-4.8.0, rerunfailures-15.1, hypothesis-6.148.2, asyncio-1.3.0, rich-0.2.0, cov-7.0.0
asyncio: mode=Mode.AUTO, debug=False, asyncio_default_fixture_loop_scope=None, asyncio_default_test_loop_scope=function
collected 1 item

tests/test_graph.py F

=================================== FAILURES ===================================
________________________ TestGraphQuery.test_impact_of _________________________

self = <tests.test_graph.TestGraphQuery object at 0x103dfdf10>
tmp_project = PosixPath('/private/var/folders/vz/02yk36wx3dz6dw661rcdxcxr0000gn/T/pytest-of-akshankrithick/pytest-282/test_impact_of0')

    def test_impact_of(self, tmp_project: Path):
        query = self._build_query(tmp_project)
>       impact = query.impact_of("calculate_total")

tests/test_graph.py:186: 
_ _ _ _ _ _ _ _ _ _ _ _ _ _ _ _ _ _ _ _ _ _ _ _ _ _ _ _ _ _ _ _ _ _ _ _ _ _ _ _ 
src/cegraph/graph/query.py:205: in impact_of
    direct = self.who_calls(name, max_depth=1)
src/cegraph/graph/query.py:158: in who_calls
    _traverse(sid, 1)
_ _ _ _ _ _ _ _ _ _ _ _ _ _ _ _ _ _ _ _ _ _ _ _ _ _ _ _ _ _ _ _ _ _ _ _ _ _ _ _ 

node_id = {'found': True, 'symbol_ids': ['main.py::calculate_total', 'utils.py::calculate_total']}
depth = 1

    def _traverse(node_id: str, depth: int) -> None:
>       if depth > max_depth or node_id in visited:
E       TypeError: unhashable type: 'dict'

src/cegraph/graph/query.py:135: TypeError
=========================== short test summary info ============================
FAILED tests/test_graph.py::TestGraphQuery::test_impact_of - TypeError: unhas...
!!!!!!!!!!!!!!!!!!!!!!!!!! stopping after 1 failures !!!!!!!!!!!!!!!!!!!!!!!!!!!
============================== 1 failed in 0.27s ===============================

/Users/akshankrithick/anaconda3/envs/vvenv/lib/python3.11/site-packages/pytest_asyncio/plugin.py:247: PytestDeprecationWarning: The configuration option "asyncio_default_fixture_loop_scope" is unset.
The event loop scope for asynchronous fixtures will default to the fixture caching scope. Future versions of pytest-asyncio will default the loop scope for asynchronous fixtures to function scope. Set the default fixture loop scope explicitly in order to avoid unexpected behavior in the future. Valid fixture loop scopes are: "function", "class", "module", "package", "session"

  warnings.warn(PytestDeprecationWarning(_DEFAULT_FIXTURE_LOOP_SCOPE_UNSET))