env/lib/python3.11/contextlib.py", line 158, in __exit__
    |     self.gen.throw(typ, value, traceback)
    |   File "/Users/akshankrithick/projects/pydantic-ai/pydantic_graph/pydantic_graph/beta/graph.py", line 981, in _unwrap_exception_groups
    |     raise exception
    |   File "/Users/akshankrithick/projects/pydantic-ai/pydantic_graph/pydantic_graph/beta/graph.py", line 750, in _run_tracked_task
    |     result = await self._run_task(t_)
    |              ^^^^^^^^^^^^^^^^^^^^^^^^
    |   File "/Users/akshankrithick/projects/pydantic-ai/pydantic_graph/pydantic_graph/beta/graph.py", line 775, in _run_task
    |     return self._handle_edges(node, inputs, fork_stack)
    |            ^^^^^^^^^^^^^^^^^^^^^^^^^^^^^^^^^^^^^^^^^^^^
    |   File "/Users/akshankrithick/projects/pydantic-ai/pydantic_graph/pydantic_graph/beta/graph.py", line 881, in _handle_edges
    |     return self._handle_non_fork_edges(node, inputs, fork_stack)
    |            ^^^^^^^^^^^^^^^^^^^^^^^^^^^^^^^^^^^^^^^^^^^^^^^^^^^^^
    |   File "/Users/akshankrithick/projects/pydantic-ai/pydantic_graph/pydantic_graph/beta/graph.py", line 886, in _handle_non_fork_edges
    |     return self._handle_path(edges[0], inputs, fork_stack)
    |            ^^^^^^^^^^^^^^^^^^^^^^^^^^^^^^^^^^^^^^^^^^^^^^^
    |   File "/Users/akshankrithick/projects/pydantic-ai/pydantic_graph/pydantic_graph/beta/graph.py", line 862, in _handle_path
    |     assert isinstance(item, MapMarker | BroadcastMarker), (
    |            ^^^^^^^^^^^^^^^^^^^^^^^^^^^^^^^^^^^^^^^^^^^^^
    | AssertionError: These markers should be removed from paths during graph building
    +------------------------------------
=========================== short test summary info ============================
FAILED tests/test_concurrency.py::TestAgentConcurrency::test_agent_concurrency_limit
!!!!!!!!!!!!!!!!!!!!!!!!!! stopping after 1 failures !!!!!!!!!!!!!!!!!!!!!!!!!!!
========================= 1 failed, 10 passed in 0.92s =========================

/Users/akshankrithick/anaconda3/envs/vvenv/lib/python3.11/site-packages/pytest_asyncio/plugin.py:247: PytestDeprecationWarning: The configuration option "asyncio_default_fixture_loop_scope" is unset.
The event loop scope for asynchronous fixtures will default to the fixture caching scope. Future versions of pytest-asyncio will default the loop scope for asynchronous fixtures to function scope. Set the default fixture loop scope explicitly in order to avoid unexpected behavior in the future. Valid fixture loop scopes are: "function", "class", "module", "package", "session"

  warnings.warn(PytestDeprecationWarning(_DEFAULT_FIXTURE_LOOP_SCOPE_UNSET))