k-3.15.1, recording-0.13.4, xdist-3.8.0, timeout-2.4.0, order-1.3.0, anyio-4.8.0, rerunfailures-15.1, inline-snapshot-0.31.1, hypothesis-6.148.2, asyncio-1.3.0, rich-0.2.0, cov-7.0.0
asyncio: mode=Mode.STRICT, debug=False, asyncio_default_fixture_loop_scope=None, asyncio_default_test_loop_scope=function
collected 38 items

tests/test_multipart.py ......................F

=================================== FAILURES ===================================
____________________________ test_multipart_encode _____________________________

tmp_path = PosixPath('/private/var/folders/vz/02yk36wx3dz6dw661rcdxcxr0000gn/T/pytest-of-akshankrithick/pytest-380/test_multipart_encode0')

    def test_multipart_encode(tmp_path: typing.Any) -> None:
        path = str(tmp_path / "name.txt")
        with open(path, "wb") as f:
            f.write(b"<file content>")
    
        url = "https://www.example.com/"
        headers = {"Content-Type": "multipart/form-data; boundary=BOUNDARY"}
        data = {
            "a": "1",
            "b": b"C",
            "c": ["11", "22", "33"],
            "d": "",
            "e": True,
            "f": "",
        }
        with open(path, "rb") as input_file:
            files = {"file": ("name.txt", input_file)}
    
            request = httpx.Request("POST", url, headers=headers, data=data, files=files)
            request.read()
    
>           assert request.headers == {
                "Host": "www.example.com",
                "Content-Type": "multipart/form-data; boundary=BOUNDARY",
                "Content-Length": str(len(request.content)) if request.content else '0',
            }
E           AssertionError: assert Headers({'hos...ngth': '588'}) == {'Content-Len....example.com'}
E             
E             Use -v to get more diff

tests/test_multipart.py:229: AssertionError
!!!!!!!!!!!!!!!!!!!!!!!!!! stopping after 1 failures !!!!!!!!!!!!!!!!!!!!!!!!!!!
========================= 1 failed, 22 passed in 0.14s =========================

/Users/akshankrithick/anaconda3/envs/vvenv/lib/python3.11/site-packages/pytest_asyncio/plugin.py:247: PytestDeprecationWarning: The configuration option "asyncio_default_fixture_loop_scope" is unset.
The event loop scope for asynchronous fixtures will default to the fixture caching scope. Future versions of pytest-asyncio will default the loop scope for asynchronous fixtures to function scope. Set the default fixture loop scope explicitly in order to avoid unexpected behavior in the future. Valid fixture loop scopes are: "function", "class", "module", "package", "session"

  warnings.warn(PytestDeprecationWarning(_DEFAULT_FIXTURE_LOOP_SCOPE_UNSET))