_token_limit() -> None:
        test_agent = Agent(TestModel())
    
        with pytest.raises(UsageLimitExceeded, match=re.escape('Exceeded the input_tokens_limit of 5 (input_tokens=59)')):
>           test_agent.run_sync(
                'Hello, this prompt exceeds the request tokens limit.', usage_limits=UsageLimits(input_tokens_limit=5)
            )

tests/test_usage_limits.py:45: 
_ _ _ _ _ _ _ _ _ _ _ _ _ _ _ _ _ _ _ _ _ _ _ _ _ _ _ _ _ _ _ _ _ _ _ _ _ _ _ _ 
pydantic_ai_slim/pydantic_ai/agent/abstract.py:386: in run_sync
    return _utils.get_event_loop().run_until_complete(
../../anaconda3/envs/vvenv/lib/python3.11/asyncio/base_events.py:654: in run_until_complete
    return future.result()
pydantic_ai_slim/pydantic_ai/agent/abstract.py:255: in run
    self._infer_name(inspect.currentframe())
_ _ _ _ _ _ _ _ _ _ _ _ _ _ _ _ _ _ _ _ _ _ _ _ _ _ _ _ _ _ _ _ _ _ _ _ _ _ _ _ 

self = Agent(model=TestModel(call_tools='all', custom_output_text=None, custom_output_args=None, seed=0, last_model_request_parameters=None), name='test_agent', end_strategy='early', model_settings=None, output_type=<class 'str'>, instrument=None)
function_frame = <frame at 0x107d12260, file '/Users/akshankrithick/projects/pydantic-ai/pydantic_ai_slim/pydantic_ai/agent/abstract.py', line 255, code run>

    def _infer_name(self, function_frame: FrameType | None) -> None:
        """Infer the agent name from the call frame.
    
        RunUsage should be `self._infer_name(inspect.currentframe())`.
        """
>       assert self.name is None, 'Name already set'
E       AssertionError: Name already set

pydantic_ai_slim/pydantic_ai/agent/abstract.py:1160: AssertionError
=========================== short test summary info ============================
FAILED tests/test_usage_limits.py::test_request_token_limit - AssertionError:...
!!!!!!!!!!!!!!!!!!!!!!!!!! stopping after 1 failures !!!!!!!!!!!!!!!!!!!!!!!!!!!
========================= 1 failed, 1 passed in 0.42s ==========================

/Users/akshankrithick/anaconda3/envs/vvenv/lib/python3.11/site-packages/pytest_asyncio/plugin.py:247: PytestDeprecationWarning: The configuration option "asyncio_default_fixture_loop_scope" is unset.
The event loop scope for asynchronous fixtures will default to the fixture caching scope. Future versions of pytest-asyncio will default the loop scope for asynchronous fixtures to function scope. Set the default fixture loop scope explicitly in order to avoid unexpected behavior in the future. Valid fixture loop scopes are: "function", "class", "module", "package", "session"

  warnings.warn(PytestDeprecationWarning(_DEFAULT_FIXTURE_LOOP_SCOPE_UNSET))