============================= test session starts ==============================
platform darwin -- Python 3.11.11, pytest-8.3.5, pluggy-1.5.0
rootdir: /private/var/folders/vz/02yk36wx3dz6dw661rcdxcxr0000gn/T/bca_eval_y3px4_5b/repo
configfile: pyproject.toml
plugins: respx-0.22.0, xdist-3.8.0, timeout-2.4.0, order-1.3.0, anyio-4.8.0, rerunfailures-15.1, hypothesis-6.148.2, asyncio-1.3.0, rich-0.2.0, cov-7.0.0
asyncio: mode=Mode.AUTO, debug=False, asyncio_default_fixture_loop_scope=None, asyncio_default_test_loop_scope=function
collected 1 item

tests/test_graph.py F

=================================== FAILURES ===================================
____________________ TestGraphBuilder.test_call_edges_exist ____________________

self = <tests.test_graph.TestGraphBuilder object at 0x1056698d0>
tmp_project = PosixPath('/private/var/folders/vz/02yk36wx3dz6dw661rcdxcxr0000gn/T/pytest-of-akshankrithick/pytest-239/test_call_edges_exist0')

    def test_call_edges_exist(self, tmp_project: Path):
        builder = GraphBuilder()
        graph = builder.build_from_directory(tmp_project)
    
        call_edges = [
            (u, v) for u, v, d in graph.edges(data=True) if d.get("kind") == "calls"
        ]
>       assert len(call_edges) > 0
E       assert 0 > 0
E        +  where 0 = len([])

tests/test_graph.py:64: AssertionError
=========================== short test summary info ============================
FAILED tests/test_graph.py::TestGraphBuilder::test_call_edges_exist - assert ...
!!!!!!!!!!!!!!!!!!!!!!!!!! stopping after 1 failures !!!!!!!!!!!!!!!!!!!!!!!!!!!
============================== 1 failed in 0.27s ===============================

/Users/akshankrithick/anaconda3/envs/vvenv/lib/python3.11/site-packages/pytest_asyncio/plugin.py:247: PytestDeprecationWarning: The configuration option "asyncio_default_fixture_loop_scope" is unset.
The event loop scope for asynchronous fixtures will default to the fixture caching scope. Future versions of pytest-asyncio will default the loop scope for asynchronous fixtures to function scope. Set the default fixture loop scope explicitly in order to avoid unexpected behavior in the future. Valid fixture loop scopes are: "function", "class", "module", "package", "session"

  warnings.warn(PytestDeprecationWarning(_DEFAULT_FIXTURE_LOOP_SCOPE_UNSET))