============================= test session starts ==============================
platform darwin -- Python 3.11.11, pytest-8.3.5, pluggy-1.5.0
rootdir: /Users/akshankrithick/projects/pydantic-ai
configfile: pyproject.toml
plugins: respx-0.22.0, mock-3.15.1, recording-0.13.4, xdist-3.8.0, timeout-2.4.0, order-1.3.0, anyio-4.8.0, rerunfailures-15.1, inline-snapshot-0.31.1, hypothesis-6.148.2, asyncio-1.3.0, rich-0.2.0, cov-7.0.0
asyncio: mode=Mode.STRICT, debug=False, asyncio_default_fixture_loop_scope=None, asyncio_default_test_loop_scope=function
collected 85 items

tests/test_messages.py ................................................. [ 57%]
............F

=================================== FAILURES ===================================
________________________ test_binary_content_is_methods ________________________

    def test_binary_content_is_methods():
        # Test that is_X returns False for non-matching media types
        audio_content = BinaryContent(data=b'Hello, world!', media_type='audio/wav')
        assert audio_content.is_audio is True
        assert audio_content.is_image is False
        assert audio_content.is_video is False
>       assert audio_content.is_document is False
E       AssertionError: assert True is False
E        +  where True = BinaryContent(data=b'Hello, world!', media_type='audio/wav').is_document

tests/test_messages.py:274: AssertionError
=========================== short test summary info ============================
FAILED tests/test_messages.py::test_binary_content_is_methods - AssertionErro...
!!!!!!!!!!!!!!!!!!!!!!!!!! stopping after 1 failures !!!!!!!!!!!!!!!!!!!!!!!!!!!
========================= 1 failed, 61 passed in 0.45s =========================

/Users/akshankrithick/anaconda3/envs/vvenv/lib/python3.11/site-packages/pytest_asyncio/plugin.py:247: PytestDeprecationWarning: The configuration option "asyncio_default_fixture_loop_scope" is unset.
The event loop scope for asynchronous fixtures will default to the fixture caching scope. Future versions of pytest-asyncio will default the loop scope for asynchronous fixtures to function scope. Set the default fixture loop scope explicitly in order to avoid unexpected behavior in the future. Valid fixture loop scopes are: "function", "class", "module", "package", "session"

  warnings.warn(PytestDeprecationWarning(_DEFAULT_FIXTURE_LOOP_SCOPE_UNSET))