============================= test session starts ==============================
platform darwin -- Python 3.11.11, pytest-8.3.5, pluggy-1.5.0
rootdir: /Users/akshankrithick/projects/pydantic-ai
configfile: pyproject.toml
plugins: respx-0.22.0, mock-3.15.1, recording-0.13.4, xdist-3.8.0, timeout-2.4.0, order-1.3.0, anyio-4.8.0, rerunfailures-15.1, inline-snapshot-0.31.1, hypothesis-6.148.2, asyncio-1.3.0, rich-0.2.0, cov-7.0.0
asyncio: mode=Mode.STRICT, debug=False, asyncio_default_fixture_loop_scope=None, asyncio_default_test_loop_scope=function
collected 101 items

tests/test_ssrf.py ..................................................... [ 52%]
............F

=================================== FAILURES ===================================
__________________ TestBuildUrlWithIp.test_https_default_port __________________

self = <tests.test_ssrf.TestBuildUrlWithIp object at 0x10ba98210>

    def test_https_default_port(self) -> None:
        resolved = ResolvedUrl(
            resolved_ip='203.0.113.50', hostname='example.com', port=443, is_https=True, path='/path'
        )
        url = build_url_with_ip(resolved)
>       assert url == 'https://203.0.113.50/path'
E       AssertionError: assert 'https://203....3.50:443/path' == 'https://203.0.113.50/path'
E         
E         - https://203.0.113.50/path
E         + https://203.0.113.50:443/path
E         ?                     ++++

tests/test_ssrf.py:247: AssertionError
=========================== short test summary info ============================
FAILED tests/test_ssrf.py::TestBuildUrlWithIp::test_https_default_port - Asse...
!!!!!!!!!!!!!!!!!!!!!!!!!! stopping after 1 failures !!!!!!!!!!!!!!!!!!!!!!!!!!!
========================= 1 failed, 65 passed in 0.61s =========================

/Users/akshankrithick/anaconda3/envs/vvenv/lib/python3.11/site-packages/pytest_asyncio/plugin.py:247: PytestDeprecationWarning: The configuration option "asyncio_default_fixture_loop_scope" is unset.
The event loop scope for asynchronous fixtures will default to the fixture caching scope. Future versions of pytest-asyncio will default the loop scope for asynchronous fixtures to function scope. Set the default fixture loop scope explicitly in order to avoid unexpected behavior in the future. Valid fixture loop scopes are: "function", "class", "module", "package", "session"

  warnings.warn(PytestDeprecationWarning(_DEFAULT_FIXTURE_LOOP_SCOPE_UNSET))