, 0),
            "wsgi.url_scheme": request.url.scheme,
            "wsgi.input": wsgi_input,
            "wsgi.errors": self.wsgi_errors or sys.stderr,
            "wsgi.multithread": True,
            "wsgi.multiprocess": False,
            "wsgi.run_once": False,
            "REQUEST_METHOD": request.method,
            "SCRIPT_NAME": self.script_name,
            "PATH_INFO": request.url.path,
            "QUERY_STRING": request.url.query.decode("ascii"),
            "SERVER_NAME": request.url.host,
            "SERVER_PORT": str(port),
            "SERVER_PROTOCOL": "HTTP/1.1",
            "REMOTE_ADDR": self.remote_addr,
        }
        for header_key, header_value in request.headers.raw:
            key = header_key.decode("ascii").upper().replace("-", "_")
            if key not in ("CONTENT_TYPE", "CONTENT_LENGTH"):
                key = "HTTP_" + key
            environ[key] = header_value.decode("ascii")
    
        seen_status = None
        seen_response_headers = None
        seen_exc_info = None
    
        def start_response(
            status: str,
            response_headers: list[tuple[str, str]],
            exc_info: OptExcInfo | None = None,
        ) -> typing.Callable[[bytes], typing.Any]:
            nonlocal seen_status, seen_response_headers, seen_exc_info
            seen_status = status
            seen_response_headers = response_headers
            seen_exc_info = exc_info
            return lambda _: None
    
        result = self.app(environ, start_response)
    
        stream = WSGIByteStream(result)
    
        assert seen_status is not None
        assert seen_response_headers is not None
>       if seen_exc_info or seen_exc_info[0] and self.raise_app_exceptions:
E       TypeError: 'NoneType' object is not subscriptable

httpx/_transports/wsgi.py:140: TypeError
!!!!!!!!!!!!!!!!!!!!!!!!!! stopping after 1 failures !!!!!!!!!!!!!!!!!!!!!!!!!!!
============================== 1 failed in 0.12s ===============================

/Users/akshankrithick/anaconda3/envs/vvenv/lib/python3.11/site-packages/pytest_asyncio/plugin.py:247: PytestDeprecationWarning: The configuration option "asyncio_default_fixture_loop_scope" is unset.
The event loop scope for asynchronous fixtures will default to the fixture caching scope. Future versions of pytest-asyncio will default the loop scope for asynchronous fixtures to function scope. Set the default fixture loop scope explicitly in order to avoid unexpected behavior in the future. Valid fixture loop scopes are: "function", "class", "module", "package", "session"

  warnings.warn(PytestDeprecationWarning(_DEFAULT_FIXTURE_LOOP_SCOPE_UNSET))
Iterator garbage collected without being closedException ignored in: <function IteratorWrapper.__del__ at 0x10620a2a0>
Traceback (most recent call last):
  File "/Users/akshankrithick/anaconda3/envs/vvenv/lib/python3.11/wsgiref/validate.py", line 295, in __del__
  File "/Users/akshankrithick/anaconda3/envs/vvenv/lib/python3.11/wsgiref/validate.py", line 128, in assert_
AssertionError: Iterator garbage collected without being closed