_json_schema.py F

=================================== FAILURES ===================================
________________________ test_simplify_nullable_unions _________________________

    def test_simplify_nullable_unions():
        """Test the simplify_nullable_unions feature (deprecated, to be removed in v2)."""
    
        # Create a concrete subclass for testing
        class TestTransformer(JsonSchemaTransformer):
            def transform(self, schema: dict[str, Any]) -> dict[str, Any]:
                return schema
    
        # Test with simplify_nullable_unions=True
        schema_with_null = {
            'anyOf': [
                {'type': 'string'},
                {'type': 'null'},
            ]
        }
        transformer = TestTransformer(schema_with_null, simplify_nullable_unions=True)
>       result = transformer.walk()

tests/test_json_schema.py:27: 
_ _ _ _ _ _ _ _ _ _ _ _ _ _ _ _ _ _ _ _ _ _ _ _ _ _ _ _ _ _ _ _ _ _ _ _ _ _ _ _ 
pydantic_ai_slim/pydantic_ai/_json_schema.py:62: in walk
    handled = self._handle(schema)
pydantic_ai_slim/pydantic_ai/_json_schema.py:111: in _handle
    schema = self._handle_union(schema, 'oneOf')
_ _ _ _ _ _ _ _ _ _ _ _ _ _ _ _ _ _ _ _ _ _ _ _ _ _ _ _ _ _ _ _ _ _ _ _ _ _ _ _ 

self = test_simplify_nullable_unions.<locals>.TestTransformer()
schema = [{'nullable': True, 'type': 'string'}], union_kind = 'oneOf'

    def _handle_union(self, schema: JsonSchema, union_kind: Literal['anyOf', 'oneOf']) -> JsonSchema:
        try:
>           members = schema.pop(union_kind)
E           TypeError: 'str' object cannot be interpreted as an integer

pydantic_ai_slim/pydantic_ai/_json_schema.py:153: TypeError
=========================== short test summary info ============================
FAILED tests/test_json_schema.py::test_simplify_nullable_unions - TypeError: ...
!!!!!!!!!!!!!!!!!!!!!!!!!! stopping after 1 failures !!!!!!!!!!!!!!!!!!!!!!!!!!!
============================== 1 failed in 0.32s ===============================

/Users/akshankrithick/anaconda3/envs/vvenv/lib/python3.11/site-packages/pytest_asyncio/plugin.py:247: PytestDeprecationWarning: The configuration option "asyncio_default_fixture_loop_scope" is unset.
The event loop scope for asynchronous fixtures will default to the fixture caching scope. Future versions of pytest-asyncio will default the loop scope for asynchronous fixtures to function scope. Set the default fixture loop scope explicitly in order to avoid unexpected behavior in the future. Valid fixture loop scopes are: "function", "class", "module", "package", "session"

  warnings.warn(PytestDeprecationWarning(_DEFAULT_FIXTURE_LOOP_SCOPE_UNSET))