ests/test_utils.py ............................F

=================================== FAILURES ===================================
________ test_url_matches[http://example.com-https://example.com-False] ________

pattern = <httpx._utils.URLPattern object at 0x107916190>
url = 'https://example.com', expected = False

    @pytest.mark.parametrize(
        ["pattern", "url", "expected"],
        [
            ("http://example.com", "http://example.com", True),
            ("http://example.com", "https://example.com", False),
            ("http://example.com", "http://other.com", False),
            ("http://example.com:123", "http://example.com:123", True),
            ("http://example.com:123", "http://example.com:456", False),
            ("http://example.com:123", "http://example.com", False),
            ("all://example.com", "http://example.com", True),
            ("all://example.com", "https://example.com", True),
            ("http://", "http://example.com", True),
            ("http://", "https://example.com", False),
            ("all://", "https://example.com:123", True),
            ("", "https://example.com:123", True),
        ],
    )
    def test_url_matches(pattern, url, expected):
        pattern = URLPattern(pattern)
>       assert pattern.matches(httpx.URL(url)) == expected
E       AssertionError: assert True == False
E        +  where True = matches(URL('https://example.com'))
E        +    where matches = <httpx._utils.URLPattern object at 0x107916190>.matches
E        +    and   URL('https://example.com') = <class 'httpx.URL'>('https://example.com')
E        +      where <class 'httpx.URL'> = httpx.URL

tests/test_utils.py:134: AssertionError
--------------------------- Captured stderr teardown ---------------------------
INFO:     Shutting down
INFO:     Finished server process [71765]
!!!!!!!!!!!!!!!!!!!!!!!!!! stopping after 1 failures !!!!!!!!!!!!!!!!!!!!!!!!!!!
========================= 1 failed, 28 passed in 0.30s =========================

/Users/akshankrithick/anaconda3/envs/vvenv/lib/python3.11/site-packages/pytest_asyncio/plugin.py:247: PytestDeprecationWarning: The configuration option "asyncio_default_fixture_loop_scope" is unset.
The event loop scope for asynchronous fixtures will default to the fixture caching scope. Future versions of pytest-asyncio will default the loop scope for asynchronous fixtures to function scope. Set the default fixture loop scope explicitly in order to avoid unexpected behavior in the future. Valid fixture loop scopes are: "function", "class", "module", "package", "session"

  warnings.warn(PytestDeprecationWarning(_DEFAULT_FIXTURE_LOOP_SCOPE_UNSET))